running develop
running egg_info
writing ee_cs_265a.egg-info/PKG-INFO
writing dependency_links to ee_cs_265a.egg-info/dependency_links.txt
writing entry points to ee_cs_265a.egg-info/entry_points.txt
writing requirements to ee_cs_265a.egg-info/requires.txt
writing top-level names to ee_cs_265a.egg-info/top_level.txt
reading manifest file 'ee_cs_265a.egg-info/SOURCES.txt'
writing manifest file 'ee_cs_265a.egg-info/SOURCES.txt'
running build_ext
Creating /home/bhargav/ee_cs_265A_ws/install/ee_cs_265a/lib/python3.10/site-packages/ee-cs-265a.egg-link (link to .)
Installing dynamic_agent script to /home/bhargav/ee_cs_265A_ws/install/ee_cs_265a/lib/ee_cs_265a
Installing global_planner script to /home/bhargav/ee_cs_265A_ws/install/ee_cs_265a/lib/ee_cs_265a
Installing local_planner script to /home/bhargav/ee_cs_265A_ws/install/ee_cs_265a/lib/ee_cs_265a
Installing pure_pursuit script to /home/bhargav/ee_cs_265A_ws/install/ee_cs_265a/lib/ee_cs_265a
Installing trajectory_plotter script to /home/bhargav/ee_cs_265A_ws/install/ee_cs_265a/lib/ee_cs_265a

Installed /home/bhargav/ee_cs_265A_ws/build/ee_cs_265a
running symlink_data
symbolically linking /home/bhargav/ee_cs_265A_ws/build/ee_cs_265a/resource/ee_cs_265a -> /home/bhargav/ee_cs_265A_ws/install/ee_cs_265a/share/ament_index/resource_index/packages
symbolically linking /home/bhargav/ee_cs_265A_ws/build/ee_cs_265a/package.xml -> /home/bhargav/ee_cs_265A_ws/install/ee_cs_265a/share/ee_cs_265a
symbolically linking /home/bhargav/ee_cs_265A_ws/build/ee_cs_265a/launch/planning.launch.py -> /home/bhargav/ee_cs_265A_ws/install/ee_cs_265a/share/ee_cs_265a/launch
symbolically linking /home/bhargav/ee_cs_265A_ws/build/ee_cs_265a/launch/mapping.launch.py -> /home/bhargav/ee_cs_265A_ws/install/ee_cs_265a/share/ee_cs_265a/launch
symbolically linking /home/bhargav/ee_cs_265A_ws/build/ee_cs_265a/config/mapper_params_online_async.yaml -> /home/bhargav/ee_cs_265A_ws/install/ee_cs_265a/share/ee_cs_265a/config
symbolically linking /home/bhargav/ee_cs_265A_ws/build/ee_cs_265a/maps/ground_truth_map.pgm -> /home/bhargav/ee_cs_265A_ws/install/ee_cs_265a/share/ee_cs_265a/maps
symbolically linking /home/bhargav/ee_cs_265A_ws/build/ee_cs_265a/maps/ground_truth_map.yaml -> /home/bhargav/ee_cs_265A_ws/install/ee_cs_265a/share/ee_cs_265a/maps
