[0.000000] (-) TimerEvent: {}
[0.000168] (-) JobUnselected: {'identifier': 'f1tenth_gazebo'}
[0.000191] (ee_cs_265a) JobQueued: {'identifier': 'ee_cs_265a', 'dependencies': OrderedDict()}
[0.000201] (ee_cs_265a) JobStarted: {'identifier': 'ee_cs_265a'}
[0.099543] (-) TimerEvent: {}
[0.199749] (-) TimerEvent: {}
[0.295691] (ee_cs_265a) Command: {'cmd': ['/usr/bin/python3', '-W', 'ignore:setup.py install is deprecated', '-W', 'ignore:easy_install command is deprecated', 'setup.py', 'develop', '--editable', '--build-directory', '/home/bhargav/ee_cs_265A_ws/build/ee_cs_265a/build', '--no-deps', 'symlink_data', '--force'], 'cwd': '/home/bhargav/ee_cs_265A_ws/build/ee_cs_265a', 'env': {'GJS_DEBUG_TOPICS': 'JS ERROR;JS LOG', 'CONDA_PROMPT_MODIFIER': '(base)', 'USER': 'bhargav', 'XDG_SESSION_TYPE': 'x11', '__GLX_VENDOR_LIBRARY_NAME': 'nvidia', '__EGL_VENDOR_LIBRARY_FILENAMES': '/usr/share/glvnd/egl_vendor.d/10_nvidia.json', 'SHLVL': '1', 'LD_LIBRARY_PATH': '/usr/lib/x86_64-linux-gnu/gazebo-11/plugins:/opt/ros/humble/opt/rviz_ogre_vendor/lib:/opt/ros/humble/lib/x86_64-linux-gnu:/opt/ros/humble/lib', 'HOME': '/home/bhargav', 'CONDA_SHLVL': '1', 'OLDPWD': '/home/bhargav', 'DESKTOP_SESSION': 'ubuntu', 'NVM_BIN': '/home/bhargav/.nvm/versions/node/v20.20.0/bin', 'NVM_INC': '/home/bhargav/.nvm/versions/node/v20.20.0/include/node', 'GIO_LAUNCHED_DESKTOP_FILE': '/usr/share/applications/terminator.desktop', 'ROS_PYTHON_VERSION': '3', 'GNOME_SHELL_SESSION_MODE': 'ubuntu', 'GTK_MODULES': 'gail:atk-bridge', 'MANAGERPID': '2837', 'SYSTEMD_EXEC_PID': '3240', 'DBUS_SESSION_BUS_ADDRESS': 'unix:path=/run/user/1000/bus', 'COLORTERM': 'truecolor', '_CE_M': '', 'TERMINATOR_DBUS_NAME': 'net.tenshu.Terminator23558193cd9818af7fe4d2c2f5bd9d00f', '_CONDA_ROOT': '/home/bhargav/miniconda3', 'GIO_LAUNCHED_DESKTOP_FILE_PID': '13471', 'NVM_DIR': '/home/bhargav/.nvm', 'COLCON_PREFIX_PATH': '/home/bhargav/ee_cs_265A_ws/install', 'ROS_DISTRO': 'humble', 'GTK_IM_MODULE': 'ibus', 'LOGNAME': 'bhargav', 'JOURNAL_STREAM': '8:39988', '_': '/usr/bin/colcon', 'ROS_VERSION': '2', 'XDG_SESSION_CLASS': 'user', 'USERNAME': 'bhargav', 'TERM': 'xterm-256color', 'GNOME_DESKTOP_SESSION_ID': 'this-is-deprecated', '_CE_CONDA': '', 'ROS_LOCALHOST_ONLY': '0', 'WINDOWPATH': '2', 'PATH': '/home/bhargav/miniconda3/bin:/home/bhargav/miniconda3/condabin:/home/bhargav/.nvm/versions/node/v20.20.0/bin:/opt/ros/humble/bin:/usr/local/sbin:/usr/local/bin:/usr/sbin:/usr/bin:/sbin:/bin:/usr/games:/usr/local/games:/snap/bin:/snap/bin', 'SESSION_MANAGER': 'local/bhargav:@/tmp/.ICE-unix/3211,unix/bhargav:/tmp/.ICE-unix/3211', 'INVOCATION_ID': '57909f15467b47fa804879239546a016', 'XDG_MENU_PREFIX': 'gnome-', 'XDG_RUNTIME_DIR': '/run/user/1000', 'DISPLAY': ':1', 'TERMINATOR_DBUS_PATH': '/net/tenshu/Terminator2', 'LANG': 'en_US.UTF-8', 'XDG_CURRENT_DESKTOP': 'ubuntu:GNOME', 'IBUS_DISABLE_SNOOPER': '1', '__NV_PRIME_RENDER_OFFLOAD': '1', 'XMODIFIERS': '@im=ibus', 'XDG_SESSION_DESKTOP': 'ubuntu', 'XAUTHORITY': '/run/user/1000/gdm/Xauthority', 'SSH_AGENT_LAUNCHER': 'gnome-keyring', 'SSH_AUTH_SOCK': '/run/user/1000/keyring/ssh', 'ROS_DOMAIN_ID': '89', 'AMENT_PREFIX_PATH': '/home/bhargav/ee_cs_265A_ws/install/f1tenth_stack:/home/bhargav/ee_cs_265A_ws/install/f1tenth_gym_ros:/home/bhargav/ee_cs_265A_ws/install/f1tenth_gazebo:/home/bhargav/ee_cs_265A_ws/install/ee_cs_265a:/opt/ros/humble', 'CONDA_PYTHON_EXE': '/home/bhargav/miniconda3/bin/python', 'SHELL': '/bin/bash', 'TERMINATOR_UUID': 'urn:uuid:5fa1e6c7-38f6-4a42-b063-5c2c17f5fd34', 'QT_ACCESSIBILITY': '1', 'GDMSESSION': 'ubuntu', 'CONDA_DEFAULT_ENV': 'base', 'GPG_AGENT_INFO': '/run/user/1000/gnupg/S.gpg-agent:0:1', 'GJS_DEBUG_OUTPUT': 'stderr', '_CONDA_EXE': '/home/bhargav/miniconda3/bin/conda', 'QT_IM_MODULE': 'ibus', 'PWD': '/home/bhargav/ee_cs_265A_ws/build/ee_cs_265a', 'LC_ALL': 'en_US.UTF-8', 'XDG_CONFIG_DIRS': '/etc/xdg/xdg-ubuntu:/etc/xdg', 'CONDA_EXE': '/home/bhargav/miniconda3/bin/conda', 'NVM_CD_FLAGS': '', 'XDG_DATA_DIRS': '/usr/share/ubuntu:/usr/share/gnome:/usr/local/share/:/usr/share/:/var/lib/snapd/desktop', 'PYTHONPATH': '/home/bhargav/ee_cs_265A_ws/build/ee_cs_265a/prefix_override:/usr/lib/python3/dist-packages/colcon_core/task/python/colcon_distutils_commands:/home/bhargav/ee_cs_265A_ws/install/ee_cs_265a/lib/python3.10/site-packages:/home/bhargav/ee_cs_265A_ws/install/f1tenth_stack/lib/python3.10/site-packages:/home/bhargav/ee_cs_265A_ws/install/f1tenth_gym_ros/lib/python3.10/site-packages:/home/bhargav/ee_cs_265A_ws/install/f1tenth_gazebo/lib/python3.10/site-packages:/home/bhargav/ee_cs_265A_ws/install/ee_cs_265a/lib/python3.10/site-packages:/opt/ros/humble/lib/python3.10/site-packages:/opt/ros/humble/local/lib/python3.10/dist-packages', 'CONDA_PREFIX': '/home/bhargav/miniconda3', 'COLCON': '1', 'VTE_VERSION': '6800'}, 'shell': False}
[0.299816] (-) TimerEvent: {}
[0.400087] (-) TimerEvent: {}
[0.413883] (ee_cs_265a) StdoutLine: {'line': b'running develop\n'}
[0.497989] (ee_cs_265a) StdoutLine: {'line': b'running egg_info\n'}
[0.498136] (ee_cs_265a) StdoutLine: {'line': b'writing ee_cs_265a.egg-info/PKG-INFO\n'}
[0.498191] (ee_cs_265a) StdoutLine: {'line': b'writing dependency_links to ee_cs_265a.egg-info/dependency_links.txt\n'}
[0.498219] (ee_cs_265a) StdoutLine: {'line': b'writing entry points to ee_cs_265a.egg-info/entry_points.txt\n'}
[0.498243] (ee_cs_265a) StdoutLine: {'line': b'writing requirements to ee_cs_265a.egg-info/requires.txt\n'}
[0.498263] (ee_cs_265a) StdoutLine: {'line': b'writing top-level names to ee_cs_265a.egg-info/top_level.txt\n'}
[0.499522] (ee_cs_265a) StdoutLine: {'line': b"reading manifest file 'ee_cs_265a.egg-info/SOURCES.txt'\n"}
[0.499610] (ee_cs_265a) StdoutLine: {'line': b"writing manifest file 'ee_cs_265a.egg-info/SOURCES.txt'\n"}
[0.500238] (-) TimerEvent: {}
[0.500338] (ee_cs_265a) StdoutLine: {'line': b'running build_ext\n'}
[0.500383] (ee_cs_265a) StdoutLine: {'line': b'Creating /home/bhargav/ee_cs_265A_ws/install/ee_cs_265a/lib/python3.10/site-packages/ee-cs-265a.egg-link (link to .)\n'}
[0.500448] (ee_cs_265a) StdoutLine: {'line': b'Installing dynamic_agent script to /home/bhargav/ee_cs_265A_ws/install/ee_cs_265a/lib/ee_cs_265a\n'}
[0.500532] (ee_cs_265a) StdoutLine: {'line': b'Installing global_planner script to /home/bhargav/ee_cs_265A_ws/install/ee_cs_265a/lib/ee_cs_265a\n'}
[0.500832] (ee_cs_265a) StdoutLine: {'line': b'Installing local_planner script to /home/bhargav/ee_cs_265A_ws/install/ee_cs_265a/lib/ee_cs_265a\n'}
[0.500886] (ee_cs_265a) StdoutLine: {'line': b'Installing pure_pursuit script to /home/bhargav/ee_cs_265A_ws/install/ee_cs_265a/lib/ee_cs_265a\n'}
[0.501026] (ee_cs_265a) StdoutLine: {'line': b'Installing trajectory_plotter script to /home/bhargav/ee_cs_265A_ws/install/ee_cs_265a/lib/ee_cs_265a\n'}
[0.501309] (ee_cs_265a) StdoutLine: {'line': b'\n'}
[0.501383] (ee_cs_265a) StdoutLine: {'line': b'Installed /home/bhargav/ee_cs_265A_ws/build/ee_cs_265a\n'}
[0.501411] (ee_cs_265a) StdoutLine: {'line': b'running symlink_data\n'}
[0.501434] (ee_cs_265a) StdoutLine: {'line': b'symbolically linking /home/bhargav/ee_cs_265A_ws/build/ee_cs_265a/resource/ee_cs_265a -> /home/bhargav/ee_cs_265A_ws/install/ee_cs_265a/share/ament_index/resource_index/packages\n'}
[0.501461] (ee_cs_265a) StdoutLine: {'line': b'symbolically linking /home/bhargav/ee_cs_265A_ws/build/ee_cs_265a/package.xml -> /home/bhargav/ee_cs_265A_ws/install/ee_cs_265a/share/ee_cs_265a\n'}
[0.501484] (ee_cs_265a) StdoutLine: {'line': b'symbolically linking /home/bhargav/ee_cs_265A_ws/build/ee_cs_265a/launch/planning.launch.py -> /home/bhargav/ee_cs_265A_ws/install/ee_cs_265a/share/ee_cs_265a/launch\n'}
[0.501554] (ee_cs_265a) StdoutLine: {'line': b'symbolically linking /home/bhargav/ee_cs_265A_ws/build/ee_cs_265a/launch/mapping.launch.py -> /home/bhargav/ee_cs_265A_ws/install/ee_cs_265a/share/ee_cs_265a/launch\n'}
[0.501707] (ee_cs_265a) StdoutLine: {'line': b'symbolically linking /home/bhargav/ee_cs_265A_ws/build/ee_cs_265a/config/mapper_params_online_async.yaml -> /home/bhargav/ee_cs_265A_ws/install/ee_cs_265a/share/ee_cs_265a/config\n'}
[0.501757] (ee_cs_265a) StdoutLine: {'line': b'symbolically linking /home/bhargav/ee_cs_265A_ws/build/ee_cs_265a/maps/ground_truth_map.pgm -> /home/bhargav/ee_cs_265A_ws/install/ee_cs_265a/share/ee_cs_265a/maps\n'}
[0.501903] (ee_cs_265a) StdoutLine: {'line': b'symbolically linking /home/bhargav/ee_cs_265A_ws/build/ee_cs_265a/maps/ground_truth_map.yaml -> /home/bhargav/ee_cs_265A_ws/install/ee_cs_265a/share/ee_cs_265a/maps\n'}
[0.503141] (ee_cs_265a) StderrLine: {'line': b"error: can't copy '/home/bhargav/ee_cs_265A_ws/build/ee_cs_265a/maps/track_map.pgm': doesn't exist or not a regular file\n"}
[0.515301] (ee_cs_265a) CommandEnded: {'returncode': 1}
[0.515534] (ee_cs_265a) JobEnded: {'identifier': 'ee_cs_265a', 'rc': 1}
[0.516007] (-) EventReactorShutdown: {}
