[0.000000] (-) TimerEvent: {}
[0.000919] (ee_cs_265a) JobQueued: {'identifier': 'ee_cs_265a', 'dependencies': OrderedDict()}
[0.001062] (f1tenth_gazebo) JobQueued: {'identifier': 'f1tenth_gazebo', 'dependencies': OrderedDict()}
[0.001108] (ee_cs_265a) JobStarted: {'identifier': 'ee_cs_265a'}
[0.004258] (f1tenth_gazebo) JobStarted: {'identifier': 'f1tenth_gazebo'}
[0.100269] (-) TimerEvent: {}
[0.200489] (-) TimerEvent: {}
[0.300784] (-) TimerEvent: {}
[0.401087] (-) TimerEvent: {}
[0.405410] (ee_cs_265a) Command: {'cmd': ['/usr/bin/python3', '-W', 'ignore:setup.py install is deprecated', '-W', 'ignore:easy_install command is deprecated', 'setup.py', 'develop', '--editable', '--build-directory', '/home/bhargav/ee_cs_265A_ws/build/ee_cs_265a/build', '--no-deps', 'symlink_data', '--force'], 'cwd': '/home/bhargav/ee_cs_265A_ws/build/ee_cs_265a', 'env': {'GJS_DEBUG_TOPICS': 'JS ERROR;JS LOG', 'CONDA_PROMPT_MODIFIER': '(f1tenth)', 'USER': 'bhargav', 'XDG_SESSION_TYPE': 'x11', '__GLX_VENDOR_LIBRARY_NAME': 'nvidia', '__EGL_VENDOR_LIBRARY_FILENAMES': '/usr/share/glvnd/egl_vendor.d/10_nvidia.json', 'SHLVL': '1', 'LD_LIBRARY_PATH': '/usr/lib/x86_64-linux-gnu/gazebo-11/plugins:/opt/ros/humble/opt/rviz_ogre_vendor/lib:/opt/ros/humble/lib/x86_64-linux-gnu:/opt/ros/humble/lib', 'HOME': '/home/bhargav', 'CONDA_SHLVL': '2', 'OLDPWD': '/home/bhargav/ee_cs_265A_ws', 'DESKTOP_SESSION': 'ubuntu', 'NVM_BIN': '/home/bhargav/.nvm/versions/node/v20.20.0/bin', 'NVM_INC': '/home/bhargav/.nvm/versions/node/v20.20.0/include/node', 'GIO_LAUNCHED_DESKTOP_FILE': '/usr/share/applications/terminator.desktop', 'ROS_PYTHON_VERSION': '3', 'GNOME_SHELL_SESSION_MODE': 'ubuntu', 'GTK_MODULES': 'gail:atk-bridge', 'MANAGERPID': '3468', 'SYSTEMD_EXEC_PID': '3870', 'DBUS_SESSION_BUS_ADDRESS': 'unix:path=/run/user/1000/bus', 'COLORTERM': 'truecolor', '_CE_M': '', 'TERMINATOR_DBUS_NAME': 'net.tenshu.Terminator23558193cd9818af7fe4d2c2f5bd9d00f', '_CONDA_ROOT': '/home/bhargav/miniconda3', 'GIO_LAUNCHED_DESKTOP_FILE_PID': '274580', 'NVM_DIR': '/home/bhargav/.nvm', 'COLCON_PREFIX_PATH': '/home/bhargav/ee_cs_265A_ws/install', 'ROS_DISTRO': 'humble', 'GTK_IM_MODULE': 'ibus', 'LOGNAME': 'bhargav', 'JOURNAL_STREAM': '8:25774', '_': '/usr/bin/colcon', 'ROS_VERSION': '2', 'XDG_SESSION_CLASS': 'user', 'USERNAME': 'bhargav', 'TERM': 'xterm-256color', 'GNOME_DESKTOP_SESSION_ID': 'this-is-deprecated', '_CE_CONDA': '', 'ROS_LOCALHOST_ONLY': '0', 'WINDOWPATH': '2', 'PATH': '/home/bhargav/miniconda3/envs/f1tenth/bin:/home/bhargav/miniconda3/condabin:/home/bhargav/.nvm/versions/node/v20.20.0/bin:/opt/ros/humble/bin:/usr/local/sbin:/usr/local/bin:/usr/sbin:/usr/bin:/sbin:/bin:/usr/games:/usr/local/games:/snap/bin:/snap/bin', 'SESSION_MANAGER': 'local/bhargav:@/tmp/.ICE-unix/3846,unix/bhargav:/tmp/.ICE-unix/3846', 'INVOCATION_ID': '9b852ebf1319407bb3dfd80775617bd7', 'XDG_MENU_PREFIX': 'gnome-', 'XDG_RUNTIME_DIR': '/run/user/1000', 'DISPLAY': ':1', 'TERMINATOR_DBUS_PATH': '/net/tenshu/Terminator2', 'LANG': 'en_US.UTF-8', 'XDG_CURRENT_DESKTOP': 'ubuntu:GNOME', 'IBUS_DISABLE_SNOOPER': '1', '__NV_PRIME_RENDER_OFFLOAD': '1', 'CONDA_PREFIX_1': '/home/bhargav/miniconda3', 'XMODIFIERS': '@im=ibus', 'XDG_SESSION_DESKTOP': 'ubuntu', 'XAUTHORITY': '/run/user/1000/gdm/Xauthority', 'SSH_AGENT_LAUNCHER': 'gnome-keyring', 'SSH_AUTH_SOCK': '/run/user/1000/keyring/ssh', 'ROS_DOMAIN_ID': '89', 'AMENT_PREFIX_PATH': '/home/bhargav/ee_cs_265A_ws/install/f1tenth_stack:/home/bhargav/ee_cs_265A_ws/install/f1tenth_gym_ros:/home/bhargav/ee_cs_265A_ws/install/f1tenth_gazebo:/home/bhargav/ee_cs_265A_ws/install/ee_cs_265a:/opt/ros/humble', 'CONDA_PYTHON_EXE': '/home/bhargav/miniconda3/bin/python', 'SHELL': '/bin/bash', 'TERMINATOR_UUID': 'urn:uuid:553dfdf8-d85f-48a3-a3f4-6e2dc8a4293c', 'QT_ACCESSIBILITY': '1', 'GDMSESSION': 'ubuntu', 'CONDA_DEFAULT_ENV': 'f1tenth', 'GPG_AGENT_INFO': '/run/user/1000/gnupg/S.gpg-agent:0:1', 'GJS_DEBUG_OUTPUT': 'stderr', '_CONDA_EXE': '/home/bhargav/miniconda3/bin/conda', 'QT_IM_MODULE': 'ibus', 'PWD': '/home/bhargav/ee_cs_265A_ws/build/ee_cs_265a', 'LC_ALL': 'en_US.UTF-8', 'XDG_CONFIG_DIRS': '/etc/xdg/xdg-ubuntu:/etc/xdg', 'CONDA_EXE': '/home/bhargav/miniconda3/bin/conda', 'NVM_CD_FLAGS': '', 'XDG_DATA_DIRS': '/usr/share/ubuntu:/usr/share/gnome:/usr/local/share/:/usr/share/:/var/lib/snapd/desktop', 'PYTHONPATH': '/home/bhargav/ee_cs_265A_ws/build/ee_cs_265a/prefix_override:/usr/lib/python3/dist-packages/colcon_core/task/python/colcon_distutils_commands:/home/bhargav/ee_cs_265A_ws/install/ee_cs_265a/lib/python3.10/site-packages:/home/bhargav/ee_cs_265A_ws/install/f1tenth_stack/lib/python3.10/site-packages:/home/bhargav/ee_cs_265A_ws/install/f1tenth_gym_ros/lib/python3.10/site-packages:/home/bhargav/ee_cs_265A_ws/install/f1tenth_gazebo/lib/python3.10/site-packages:/home/bhargav/ee_cs_265A_ws/install/ee_cs_265a/lib/python3.10/site-packages:/opt/ros/humble/lib/python3.10/site-packages:/opt/ros/humble/local/lib/python3.10/dist-packages', 'CONDA_PREFIX': '/home/bhargav/miniconda3/envs/f1tenth', 'COLCON': '1', 'VTE_VERSION': '6800'}, 'shell': False}
[0.410144] (f1tenth_gazebo) Command: {'cmd': ['/usr/bin/python3', '-W', 'ignore:setup.py install is deprecated', '-W', 'ignore:easy_install command is deprecated', 'setup.py', 'develop', '--editable', '--build-directory', '/home/bhargav/ee_cs_265A_ws/build/f1tenth_gazebo/build', '--no-deps', 'symlink_data', '--force'], 'cwd': '/home/bhargav/ee_cs_265A_ws/build/f1tenth_gazebo', 'env': {'GJS_DEBUG_TOPICS': 'JS ERROR;JS LOG', 'CONDA_PROMPT_MODIFIER': '(f1tenth)', 'USER': 'bhargav', 'XDG_SESSION_TYPE': 'x11', '__GLX_VENDOR_LIBRARY_NAME': 'nvidia', '__EGL_VENDOR_LIBRARY_FILENAMES': '/usr/share/glvnd/egl_vendor.d/10_nvidia.json', 'SHLVL': '1', 'LD_LIBRARY_PATH': '/usr/lib/x86_64-linux-gnu/gazebo-11/plugins:/opt/ros/humble/opt/rviz_ogre_vendor/lib:/opt/ros/humble/lib/x86_64-linux-gnu:/opt/ros/humble/lib', 'HOME': '/home/bhargav', 'CONDA_SHLVL': '2', 'OLDPWD': '/home/bhargav/ee_cs_265A_ws', 'DESKTOP_SESSION': 'ubuntu', 'NVM_BIN': '/home/bhargav/.nvm/versions/node/v20.20.0/bin', 'NVM_INC': '/home/bhargav/.nvm/versions/node/v20.20.0/include/node', 'GIO_LAUNCHED_DESKTOP_FILE': '/usr/share/applications/terminator.desktop', 'ROS_PYTHON_VERSION': '3', 'GNOME_SHELL_SESSION_MODE': 'ubuntu', 'GTK_MODULES': 'gail:atk-bridge', 'MANAGERPID': '3468', 'SYSTEMD_EXEC_PID': '3870', 'DBUS_SESSION_BUS_ADDRESS': 'unix:path=/run/user/1000/bus', 'COLORTERM': 'truecolor', '_CE_M': '', 'TERMINATOR_DBUS_NAME': 'net.tenshu.Terminator23558193cd9818af7fe4d2c2f5bd9d00f', '_CONDA_ROOT': '/home/bhargav/miniconda3', 'GIO_LAUNCHED_DESKTOP_FILE_PID': '274580', 'NVM_DIR': '/home/bhargav/.nvm', 'COLCON_PREFIX_PATH': '/home/bhargav/ee_cs_265A_ws/install', 'ROS_DISTRO': 'humble', 'GTK_IM_MODULE': 'ibus', 'LOGNAME': 'bhargav', 'JOURNAL_STREAM': '8:25774', '_': '/usr/bin/colcon', 'ROS_VERSION': '2', 'XDG_SESSION_CLASS': 'user', 'USERNAME': 'bhargav', 'TERM': 'xterm-256color', 'GNOME_DESKTOP_SESSION_ID': 'this-is-deprecated', '_CE_CONDA': '', 'ROS_LOCALHOST_ONLY': '0', 'WINDOWPATH': '2', 'PATH': '/home/bhargav/miniconda3/envs/f1tenth/bin:/home/bhargav/miniconda3/condabin:/home/bhargav/.nvm/versions/node/v20.20.0/bin:/opt/ros/humble/bin:/usr/local/sbin:/usr/local/bin:/usr/sbin:/usr/bin:/sbin:/bin:/usr/games:/usr/local/games:/snap/bin:/snap/bin', 'SESSION_MANAGER': 'local/bhargav:@/tmp/.ICE-unix/3846,unix/bhargav:/tmp/.ICE-unix/3846', 'INVOCATION_ID': '9b852ebf1319407bb3dfd80775617bd7', 'XDG_MENU_PREFIX': 'gnome-', 'XDG_RUNTIME_DIR': '/run/user/1000', 'DISPLAY': ':1', 'TERMINATOR_DBUS_PATH': '/net/tenshu/Terminator2', 'LANG': 'en_US.UTF-8', 'XDG_CURRENT_DESKTOP': 'ubuntu:GNOME', 'IBUS_DISABLE_SNOOPER': '1', '__NV_PRIME_RENDER_OFFLOAD': '1', 'CONDA_PREFIX_1': '/home/bhargav/miniconda3', 'XMODIFIERS': '@im=ibus', 'XDG_SESSION_DESKTOP': 'ubuntu', 'XAUTHORITY': '/run/user/1000/gdm/Xauthority', 'SSH_AGENT_LAUNCHER': 'gnome-keyring', 'SSH_AUTH_SOCK': '/run/user/1000/keyring/ssh', 'ROS_DOMAIN_ID': '89', 'AMENT_PREFIX_PATH': '/home/bhargav/ee_cs_265A_ws/install/f1tenth_stack:/home/bhargav/ee_cs_265A_ws/install/f1tenth_gym_ros:/home/bhargav/ee_cs_265A_ws/install/f1tenth_gazebo:/home/bhargav/ee_cs_265A_ws/install/ee_cs_265a:/opt/ros/humble', 'CONDA_PYTHON_EXE': '/home/bhargav/miniconda3/bin/python', 'SHELL': '/bin/bash', 'TERMINATOR_UUID': 'urn:uuid:553dfdf8-d85f-48a3-a3f4-6e2dc8a4293c', 'QT_ACCESSIBILITY': '1', 'GDMSESSION': 'ubuntu', 'CONDA_DEFAULT_ENV': 'f1tenth', 'GPG_AGENT_INFO': '/run/user/1000/gnupg/S.gpg-agent:0:1', 'GJS_DEBUG_OUTPUT': 'stderr', '_CONDA_EXE': '/home/bhargav/miniconda3/bin/conda', 'QT_IM_MODULE': 'ibus', 'PWD': '/home/bhargav/ee_cs_265A_ws/build/f1tenth_gazebo', 'LC_ALL': 'en_US.UTF-8', 'XDG_CONFIG_DIRS': '/etc/xdg/xdg-ubuntu:/etc/xdg', 'CONDA_EXE': '/home/bhargav/miniconda3/bin/conda', 'NVM_CD_FLAGS': '', 'XDG_DATA_DIRS': '/usr/share/ubuntu:/usr/share/gnome:/usr/local/share/:/usr/share/:/var/lib/snapd/desktop', 'PYTHONPATH': '/home/bhargav/ee_cs_265A_ws/build/f1tenth_gazebo/prefix_override:/usr/lib/python3/dist-packages/colcon_core/task/python/colcon_distutils_commands:/home/bhargav/ee_cs_265A_ws/install/f1tenth_gazebo/lib/python3.10/site-packages:/home/bhargav/ee_cs_265A_ws/install/f1tenth_stack/lib/python3.10/site-packages:/home/bhargav/ee_cs_265A_ws/install/f1tenth_gym_ros/lib/python3.10/site-packages:/home/bhargav/ee_cs_265A_ws/install/f1tenth_gazebo/lib/python3.10/site-packages:/home/bhargav/ee_cs_265A_ws/install/ee_cs_265a/lib/python3.10/site-packages:/opt/ros/humble/lib/python3.10/site-packages:/opt/ros/humble/local/lib/python3.10/dist-packages', 'CONDA_PREFIX': '/home/bhargav/miniconda3/envs/f1tenth', 'COLCON': '1', 'VTE_VERSION': '6800'}, 'shell': False}
[0.501153] (-) TimerEvent: {}
[0.530892] (ee_cs_265a) StdoutLine: {'line': b'running develop\n'}
[0.531492] (f1tenth_gazebo) StdoutLine: {'line': b'running develop\n'}
[0.601241] (-) TimerEvent: {}
[0.609693] (ee_cs_265a) StdoutLine: {'line': b'running egg_info\n'}
[0.609808] (ee_cs_265a) StdoutLine: {'line': b'writing ee_cs_265a.egg-info/PKG-INFO\n'}
[0.609838] (ee_cs_265a) StdoutLine: {'line': b'writing dependency_links to ee_cs_265a.egg-info/dependency_links.txt\n'}
[0.610517] (f1tenth_gazebo) StdoutLine: {'line': b'running egg_info\n'}
[0.610556] (f1tenth_gazebo) StdoutLine: {'line': b'writing f1tenth_gazebo.egg-info/PKG-INFO\n'}
[0.610579] (f1tenth_gazebo) StdoutLine: {'line': b'writing dependency_links to f1tenth_gazebo.egg-info/dependency_links.txt\n'}
[0.610599] (f1tenth_gazebo) StdoutLine: {'line': b'writing entry points to f1tenth_gazebo.egg-info/entry_points.txt\n'}
[0.610620] (ee_cs_265a) StdoutLine: {'line': b'writing entry points to ee_cs_265a.egg-info/entry_points.txt\n'}
[0.610643] (ee_cs_265a) StdoutLine: {'line': b'writing requirements to ee_cs_265a.egg-info/requires.txt\n'}
[0.610666] (ee_cs_265a) StdoutLine: {'line': b'writing top-level names to ee_cs_265a.egg-info/top_level.txt\n'}
[0.610687] (f1tenth_gazebo) StdoutLine: {'line': b'writing requirements to f1tenth_gazebo.egg-info/requires.txt\n'}
[0.610722] (f1tenth_gazebo) StdoutLine: {'line': b'writing top-level names to f1tenth_gazebo.egg-info/top_level.txt\n'}
[0.610756] (ee_cs_265a) StdoutLine: {'line': b"reading manifest file 'ee_cs_265a.egg-info/SOURCES.txt'\n"}
[0.611085] (ee_cs_265a) StdoutLine: {'line': b"writing manifest file 'ee_cs_265a.egg-info/SOURCES.txt'\n"}
[0.611195] (f1tenth_gazebo) StdoutLine: {'line': b"reading manifest file 'f1tenth_gazebo.egg-info/SOURCES.txt'\n"}
[0.611686] (f1tenth_gazebo) StdoutLine: {'line': b"writing manifest file 'f1tenth_gazebo.egg-info/SOURCES.txt'\n"}
[0.612647] (ee_cs_265a) StdoutLine: {'line': b'running build_ext\n'}
[0.612680] (ee_cs_265a) StdoutLine: {'line': b'Creating /home/bhargav/ee_cs_265A_ws/install/ee_cs_265a/lib/python3.10/site-packages/ee-cs-265a.egg-link (link to .)\n'}
[0.612740] (ee_cs_265a) StdoutLine: {'line': b'\n'}
[0.612769] (ee_cs_265a) StdoutLine: {'line': b'Installed /home/bhargav/ee_cs_265A_ws/build/ee_cs_265a\n'}
[0.612794] (ee_cs_265a) StdoutLine: {'line': b'running symlink_data\n'}
[0.612818] (ee_cs_265a) StdoutLine: {'line': b'symbolically linking /home/bhargav/ee_cs_265A_ws/build/ee_cs_265a/resource/ee_cs_265a -> /home/bhargav/ee_cs_265A_ws/install/ee_cs_265a/share/ament_index/resource_index/packages\n'}
[0.612843] (ee_cs_265a) StdoutLine: {'line': b'symbolically linking /home/bhargav/ee_cs_265A_ws/build/ee_cs_265a/package.xml -> /home/bhargav/ee_cs_265A_ws/install/ee_cs_265a/share/ee_cs_265a\n'}
[0.612875] (ee_cs_265a) StdoutLine: {'line': b'symbolically linking /home/bhargav/ee_cs_265A_ws/build/ee_cs_265a/launch/mapping.launch.py -> /home/bhargav/ee_cs_265A_ws/install/ee_cs_265a/share/ee_cs_265a/launch\n'}
[0.612899] (ee_cs_265a) StdoutLine: {'line': b'symbolically linking /home/bhargav/ee_cs_265A_ws/build/ee_cs_265a/config/mapper_params_online_async.yaml -> /home/bhargav/ee_cs_265A_ws/install/ee_cs_265a/share/ee_cs_265a/config\n'}
[0.612922] (f1tenth_gazebo) StdoutLine: {'line': b'running build_ext\n'}
[0.612947] (f1tenth_gazebo) StdoutLine: {'line': b'Creating /home/bhargav/ee_cs_265A_ws/install/f1tenth_gazebo/lib/python3.10/site-packages/f1tenth-gazebo.egg-link (link to .)\n'}
[0.612971] (f1tenth_gazebo) StdoutLine: {'line': b'\n'}
[0.613002] (f1tenth_gazebo) StdoutLine: {'line': b'Installed /home/bhargav/ee_cs_265A_ws/build/f1tenth_gazebo\n'}
[0.613025] (f1tenth_gazebo) StdoutLine: {'line': b'running symlink_data\n'}
[0.613054] (f1tenth_gazebo) StdoutLine: {'line': b'symbolically linking /home/bhargav/ee_cs_265A_ws/build/f1tenth_gazebo/resource/f1tenth_gazebo -> /home/bhargav/ee_cs_265A_ws/install/f1tenth_gazebo/share/ament_index/resource_index/packages\n'}
[0.613078] (f1tenth_gazebo) StdoutLine: {'line': b'symbolically linking /home/bhargav/ee_cs_265A_ws/build/f1tenth_gazebo/package.xml -> /home/bhargav/ee_cs_265A_ws/install/f1tenth_gazebo/share/f1tenth_gazebo\n'}
[0.613126] (f1tenth_gazebo) StdoutLine: {'line': b'symbolically linking /home/bhargav/ee_cs_265A_ws/build/f1tenth_gazebo/launch/f1tenth_gazebo.launch.py -> /home/bhargav/ee_cs_265A_ws/install/f1tenth_gazebo/share/f1tenth_gazebo/launch\n'}
[0.613151] (f1tenth_gazebo) StdoutLine: {'line': b'symbolically linking /home/bhargav/ee_cs_265A_ws/build/f1tenth_gazebo/launch/f1tenth_ign.launch.py -> /home/bhargav/ee_cs_265A_ws/install/f1tenth_gazebo/share/f1tenth_gazebo/launch\n'}
[0.613172] (f1tenth_gazebo) StdoutLine: {'line': b'symbolically linking /home/bhargav/ee_cs_265A_ws/build/f1tenth_gazebo/worlds/track.sdf -> /home/bhargav/ee_cs_265A_ws/install/f1tenth_gazebo/share/f1tenth_gazebo/worlds\n'}
[0.613192] (f1tenth_gazebo) StdoutLine: {'line': b'symbolically linking /home/bhargav/ee_cs_265A_ws/build/f1tenth_gazebo/worlds/demo_track.world -> /home/bhargav/ee_cs_265A_ws/install/f1tenth_gazebo/share/f1tenth_gazebo/worlds\n'}
[0.613213] (f1tenth_gazebo) StdoutLine: {'line': b'symbolically linking /home/bhargav/ee_cs_265A_ws/build/f1tenth_gazebo/urdf/materials.xacro -> /home/bhargav/ee_cs_265A_ws/install/f1tenth_gazebo/share/f1tenth_gazebo/urdf\n'}
[0.614174] (f1tenth_gazebo) StdoutLine: {'line': b'symbolically linking /home/bhargav/ee_cs_265A_ws/build/f1tenth_gazebo/urdf/racecar_red.gazebo -> /home/bhargav/ee_cs_265A_ws/install/f1tenth_gazebo/share/f1tenth_gazebo/urdf\n'}
[0.614254] (f1tenth_gazebo) StdoutLine: {'line': b'symbolically linking /home/bhargav/ee_cs_265A_ws/build/f1tenth_gazebo/urdf/racecar_green.gazebo -> /home/bhargav/ee_cs_265A_ws/install/f1tenth_gazebo/share/f1tenth_gazebo/urdf\n'}
[0.614838] (f1tenth_gazebo) StdoutLine: {'line': b'symbolically linking /home/bhargav/ee_cs_265A_ws/build/f1tenth_gazebo/urdf/macros.xacro -> /home/bhargav/ee_cs_265A_ws/install/f1tenth_gazebo/share/f1tenth_gazebo/urdf\n'}
[0.614872] (f1tenth_gazebo) StdoutLine: {'line': b'symbolically linking /home/bhargav/ee_cs_265A_ws/build/f1tenth_gazebo/urdf/racecar_blue.xacro -> /home/bhargav/ee_cs_265A_ws/install/f1tenth_gazebo/share/f1tenth_gazebo/urdf\n'}
[0.614898] (f1tenth_gazebo) StdoutLine: {'line': b'symbolically linking /home/bhargav/ee_cs_265A_ws/build/f1tenth_gazebo/urdf/racecar_green.xacro -> /home/bhargav/ee_cs_265A_ws/install/f1tenth_gazebo/share/f1tenth_gazebo/urdf\n'}
[0.614921] (f1tenth_gazebo) StdoutLine: {'line': b'symbolically linking /home/bhargav/ee_cs_265A_ws/build/f1tenth_gazebo/urdf/racecar.xacro -> /home/bhargav/ee_cs_265A_ws/install/f1tenth_gazebo/share/f1tenth_gazebo/urdf\n'}
[0.614948] (f1tenth_gazebo) StdoutLine: {'line': b'symbolically linking /home/bhargav/ee_cs_265A_ws/build/f1tenth_gazebo/urdf/racecar_blue.gazebo -> /home/bhargav/ee_cs_265A_ws/install/f1tenth_gazebo/share/f1tenth_gazebo/urdf\n'}
[0.614970] (f1tenth_gazebo) StdoutLine: {'line': b'symbolically linking /home/bhargav/ee_cs_265A_ws/build/f1tenth_gazebo/urdf/racecar.gazebo -> /home/bhargav/ee_cs_265A_ws/install/f1tenth_gazebo/share/f1tenth_gazebo/urdf\n'}
[0.614998] (f1tenth_gazebo) StdoutLine: {'line': b'symbolically linking /home/bhargav/ee_cs_265A_ws/build/f1tenth_gazebo/urdf/racecar_red.xacro -> /home/bhargav/ee_cs_265A_ws/install/f1tenth_gazebo/share/f1tenth_gazebo/urdf\n'}
[0.615024] (f1tenth_gazebo) StdoutLine: {'line': b'symbolically linking /home/bhargav/ee_cs_265A_ws/build/f1tenth_gazebo/urdf/racecar_ign.gazebo -> /home/bhargav/ee_cs_265A_ws/install/f1tenth_gazebo/share/f1tenth_gazebo/urdf\n'}
[0.615045] (f1tenth_gazebo) StdoutLine: {'line': b'symbolically linking /home/bhargav/ee_cs_265A_ws/build/f1tenth_gazebo/meshes/hinge.stl -> /home/bhargav/ee_cs_265A_ws/install/f1tenth_gazebo/share/f1tenth_gazebo/meshes\n'}
[0.615066] (f1tenth_gazebo) StdoutLine: {'line': b'symbolically linking /home/bhargav/ee_cs_265A_ws/build/f1tenth_gazebo/meshes/chassis.stl -> /home/bhargav/ee_cs_265A_ws/install/f1tenth_gazebo/share/f1tenth_gazebo/meshes\n'}
[0.615087] (f1tenth_gazebo) StdoutLine: {'line': b'symbolically linking /home/bhargav/ee_cs_265A_ws/build/f1tenth_gazebo/meshes/right_wheel.stl -> /home/bhargav/ee_cs_265A_ws/install/f1tenth_gazebo/share/f1tenth_gazebo/meshes\n'}
[0.615112] (f1tenth_gazebo) StdoutLine: {'line': b'symbolically linking /home/bhargav/ee_cs_265A_ws/build/f1tenth_gazebo/meshes/left_wheel.stl -> /home/bhargav/ee_cs_265A_ws/install/f1tenth_gazebo/share/f1tenth_gazebo/meshes\n'}
[0.615133] (f1tenth_gazebo) StdoutLine: {'line': b'symbolically linking /home/bhargav/ee_cs_265A_ws/build/f1tenth_gazebo/meshes/hokuyo.stl -> /home/bhargav/ee_cs_265A_ws/install/f1tenth_gazebo/share/f1tenth_gazebo/meshes\n'}
[0.628007] (ee_cs_265a) CommandEnded: {'returncode': 0}
[0.633937] (ee_cs_265a) JobEnded: {'identifier': 'ee_cs_265a', 'rc': 0}
[0.634599] (f1tenth_gazebo) CommandEnded: {'returncode': 0}
[0.637771] (f1tenth_gazebo) JobEnded: {'identifier': 'f1tenth_gazebo', 'rc': 0}
[0.638041] (-) EventReactorShutdown: {}
