[0.380s] Invoking command in '/home/bhargav/ee_cs_265A_ws/build/f1tenth_gym_ros': PYTHONPATH=/home/bhargav/ee_cs_265A_ws/build/f1tenth_gym_ros/prefix_override:/usr/lib/python3/dist-packages/colcon_core/task/python/colcon_distutils_commands:/home/bhargav/ee_cs_265A_ws/install/f1tenth_gym_ros/lib/python3.10/site-packages:${PYTHONPATH} /usr/bin/python3 -W ignore:setup.py install is deprecated -W ignore:easy_install command is deprecated setup.py develop --editable --build-directory /home/bhargav/ee_cs_265A_ws/build/f1tenth_gym_ros/build --no-deps symlink_data
[0.498s] running develop
[0.573s] running egg_info
[0.573s] creating f1tenth_gym_ros.egg-info
[0.573s] writing f1tenth_gym_ros.egg-info/PKG-INFO
[0.573s] writing dependency_links to f1tenth_gym_ros.egg-info/dependency_links.txt
[0.573s] writing entry points to f1tenth_gym_ros.egg-info/entry_points.txt
[0.573s] writing requirements to f1tenth_gym_ros.egg-info/requires.txt
[0.573s] writing top-level names to f1tenth_gym_ros.egg-info/top_level.txt
[0.574s] writing manifest file 'f1tenth_gym_ros.egg-info/SOURCES.txt'
[0.575s] reading manifest file 'f1tenth_gym_ros.egg-info/SOURCES.txt'
[0.575s] writing manifest file 'f1tenth_gym_ros.egg-info/SOURCES.txt'
[0.576s] running build_ext
[0.576s] Creating /home/bhargav/ee_cs_265A_ws/install/f1tenth_gym_ros/lib/python3.10/site-packages/f1tenth-gym-ros.egg-link (link to .)
[0.576s] Installing gym_bridge script to /home/bhargav/ee_cs_265A_ws/install/f1tenth_gym_ros/lib/f1tenth_gym_ros
[0.576s] 
[0.576s] Installed /home/bhargav/ee_cs_265A_ws/build/f1tenth_gym_ros
[0.576s] running symlink_data
[0.576s] creating /home/bhargav/ee_cs_265A_ws/install/f1tenth_gym_ros/share/ament_index
[0.576s] creating /home/bhargav/ee_cs_265A_ws/install/f1tenth_gym_ros/share/ament_index/resource_index
[0.576s] creating /home/bhargav/ee_cs_265A_ws/install/f1tenth_gym_ros/share/ament_index/resource_index/packages
[0.576s] symbolically linking /home/bhargav/ee_cs_265A_ws/build/f1tenth_gym_ros/resource/f1tenth_gym_ros -> /home/bhargav/ee_cs_265A_ws/install/f1tenth_gym_ros/share/ament_index/resource_index/packages
[0.576s] symbolically linking /home/bhargav/ee_cs_265A_ws/build/f1tenth_gym_ros/package.xml -> /home/bhargav/ee_cs_265A_ws/install/f1tenth_gym_ros/share/f1tenth_gym_ros
[0.576s] creating /home/bhargav/ee_cs_265A_ws/install/f1tenth_gym_ros/share/f1tenth_gym_ros/launch
[0.576s] symbolically linking /home/bhargav/ee_cs_265A_ws/build/f1tenth_gym_ros/launch/gym_bridge_launch.py -> /home/bhargav/ee_cs_265A_ws/install/f1tenth_gym_ros/share/f1tenth_gym_ros/launch
[0.576s] symbolically linking /home/bhargav/ee_cs_265A_ws/build/f1tenth_gym_ros/launch/ego_racecar.xacro -> /home/bhargav/ee_cs_265A_ws/install/f1tenth_gym_ros/share/f1tenth_gym_ros/launch
[0.576s] symbolically linking /home/bhargav/ee_cs_265A_ws/build/f1tenth_gym_ros/launch/opp_racecar.xacro -> /home/bhargav/ee_cs_265A_ws/install/f1tenth_gym_ros/share/f1tenth_gym_ros/launch
[0.576s] symbolically linking /home/bhargav/ee_cs_265A_ws/build/f1tenth_gym_ros/launch/gym_bridge.rviz -> /home/bhargav/ee_cs_265A_ws/install/f1tenth_gym_ros/share/f1tenth_gym_ros/launch
[0.576s] creating /home/bhargav/ee_cs_265A_ws/install/f1tenth_gym_ros/share/f1tenth_gym_ros/config
[0.576s] symbolically linking /home/bhargav/ee_cs_265A_ws/build/f1tenth_gym_ros/config/sim.yaml -> /home/bhargav/ee_cs_265A_ws/install/f1tenth_gym_ros/share/f1tenth_gym_ros/config
[0.589s] Invoked command in '/home/bhargav/ee_cs_265A_ws/build/f1tenth_gym_ros' returned '0': PYTHONPATH=/home/bhargav/ee_cs_265A_ws/build/f1tenth_gym_ros/prefix_override:/usr/lib/python3/dist-packages/colcon_core/task/python/colcon_distutils_commands:/home/bhargav/ee_cs_265A_ws/install/f1tenth_gym_ros/lib/python3.10/site-packages:${PYTHONPATH} /usr/bin/python3 -W ignore:setup.py install is deprecated -W ignore:easy_install command is deprecated setup.py develop --editable --build-directory /home/bhargav/ee_cs_265A_ws/build/f1tenth_gym_ros/build --no-deps symlink_data
