[0.301s] Invoking command in '/home/bhargav/ee_cs_265A_ws/src/f1tenth_gazebo': CONDA_PROMPT_MODIFIER=(base) PYTHONPATH=/home/bhargav/ee_cs_265A_ws/build/f1tenth_gazebo/prefix_override:/usr/lib/python3/dist-packages/colcon_core/task/python/colcon_distutils_commands:/home/bhargav/ee_cs_265A_ws/install/f1tenth_gazebo/lib/python3.10/site-packages:${PYTHONPATH} /usr/bin/python3 -W ignore:setup.py install is deprecated -W ignore:easy_install command is deprecated setup.py egg_info --egg-base ../../build/f1tenth_gazebo build --build-base /home/bhargav/ee_cs_265A_ws/build/f1tenth_gazebo/build install --record /home/bhargav/ee_cs_265A_ws/build/f1tenth_gazebo/install.log --single-version-externally-managed install_data
[0.408s] running egg_info
[0.408s] creating ../../build/f1tenth_gazebo/f1tenth_gazebo.egg-info
[0.408s] writing ../../build/f1tenth_gazebo/f1tenth_gazebo.egg-info/PKG-INFO
[0.408s] writing dependency_links to ../../build/f1tenth_gazebo/f1tenth_gazebo.egg-info/dependency_links.txt
[0.408s] writing entry points to ../../build/f1tenth_gazebo/f1tenth_gazebo.egg-info/entry_points.txt
[0.408s] writing requirements to ../../build/f1tenth_gazebo/f1tenth_gazebo.egg-info/requires.txt
[0.408s] writing top-level names to ../../build/f1tenth_gazebo/f1tenth_gazebo.egg-info/top_level.txt
[0.408s] writing manifest file '../../build/f1tenth_gazebo/f1tenth_gazebo.egg-info/SOURCES.txt'
[0.409s] reading manifest file '../../build/f1tenth_gazebo/f1tenth_gazebo.egg-info/SOURCES.txt'
[0.409s] writing manifest file '../../build/f1tenth_gazebo/f1tenth_gazebo.egg-info/SOURCES.txt'
[0.409s] running build
[0.409s] running build_py
[0.409s] creating /home/bhargav/ee_cs_265A_ws/build/f1tenth_gazebo/build
[0.409s] creating /home/bhargav/ee_cs_265A_ws/build/f1tenth_gazebo/build/lib
[0.409s] creating /home/bhargav/ee_cs_265A_ws/build/f1tenth_gazebo/build/lib/f1tenth_gazebo
[0.410s] copying f1tenth_gazebo/__init__.py -> /home/bhargav/ee_cs_265A_ws/build/f1tenth_gazebo/build/lib/f1tenth_gazebo
[0.410s] running install
[0.410s] running install_lib
[0.410s] creating /home/bhargav/ee_cs_265A_ws/install/f1tenth_gazebo/lib/python3.10/site-packages/f1tenth_gazebo
[0.410s] copying /home/bhargav/ee_cs_265A_ws/build/f1tenth_gazebo/build/lib/f1tenth_gazebo/__init__.py -> /home/bhargav/ee_cs_265A_ws/install/f1tenth_gazebo/lib/python3.10/site-packages/f1tenth_gazebo
[0.410s] byte-compiling /home/bhargav/ee_cs_265A_ws/install/f1tenth_gazebo/lib/python3.10/site-packages/f1tenth_gazebo/__init__.py to __init__.cpython-310.pyc
[0.410s] running install_data
[0.410s] creating /home/bhargav/ee_cs_265A_ws/install/f1tenth_gazebo/share/ament_index
[0.410s] creating /home/bhargav/ee_cs_265A_ws/install/f1tenth_gazebo/share/ament_index/resource_index
[0.410s] creating /home/bhargav/ee_cs_265A_ws/install/f1tenth_gazebo/share/ament_index/resource_index/packages
[0.410s] copying resource/f1tenth_gazebo -> /home/bhargav/ee_cs_265A_ws/install/f1tenth_gazebo/share/ament_index/resource_index/packages
[0.410s] copying package.xml -> /home/bhargav/ee_cs_265A_ws/install/f1tenth_gazebo/share/f1tenth_gazebo
[0.410s] creating /home/bhargav/ee_cs_265A_ws/install/f1tenth_gazebo/share/f1tenth_gazebo/launch
[0.410s] copying launch/f1tenth_gazebo.launch.py -> /home/bhargav/ee_cs_265A_ws/install/f1tenth_gazebo/share/f1tenth_gazebo/launch
[0.410s] creating /home/bhargav/ee_cs_265A_ws/install/f1tenth_gazebo/share/f1tenth_gazebo/worlds
[0.411s] copying worlds/demo_track.world -> /home/bhargav/ee_cs_265A_ws/install/f1tenth_gazebo/share/f1tenth_gazebo/worlds
[0.411s] creating /home/bhargav/ee_cs_265A_ws/install/f1tenth_gazebo/share/f1tenth_gazebo/urdf
[0.411s] copying urdf/materials.xacro -> /home/bhargav/ee_cs_265A_ws/install/f1tenth_gazebo/share/f1tenth_gazebo/urdf
[0.411s] copying urdf/macros.xacro -> /home/bhargav/ee_cs_265A_ws/install/f1tenth_gazebo/share/f1tenth_gazebo/urdf
[0.411s] copying urdf/racecar.xacro -> /home/bhargav/ee_cs_265A_ws/install/f1tenth_gazebo/share/f1tenth_gazebo/urdf
[0.411s] copying urdf/racecar.gazebo -> /home/bhargav/ee_cs_265A_ws/install/f1tenth_gazebo/share/f1tenth_gazebo/urdf
[0.411s] creating /home/bhargav/ee_cs_265A_ws/install/f1tenth_gazebo/share/f1tenth_gazebo/meshes
[0.411s] copying meshes/hinge.stl -> /home/bhargav/ee_cs_265A_ws/install/f1tenth_gazebo/share/f1tenth_gazebo/meshes
[0.411s] copying meshes/chassis.stl -> /home/bhargav/ee_cs_265A_ws/install/f1tenth_gazebo/share/f1tenth_gazebo/meshes
[0.413s] copying meshes/right_wheel.stl -> /home/bhargav/ee_cs_265A_ws/install/f1tenth_gazebo/share/f1tenth_gazebo/meshes
[0.413s] copying meshes/left_wheel.stl -> /home/bhargav/ee_cs_265A_ws/install/f1tenth_gazebo/share/f1tenth_gazebo/meshes
[0.413s] copying meshes/hokuyo.stl -> /home/bhargav/ee_cs_265A_ws/install/f1tenth_gazebo/share/f1tenth_gazebo/meshes
[0.413s] running install_egg_info
[0.413s] Copying ../../build/f1tenth_gazebo/f1tenth_gazebo.egg-info to /home/bhargav/ee_cs_265A_ws/install/f1tenth_gazebo/lib/python3.10/site-packages/f1tenth_gazebo-0.0.1-py3.10.egg-info
[0.413s] running install_scripts
[0.423s] writing list of installed files to '/home/bhargav/ee_cs_265A_ws/build/f1tenth_gazebo/install.log'
[0.434s] Invoked command in '/home/bhargav/ee_cs_265A_ws/src/f1tenth_gazebo' returned '0': CONDA_PROMPT_MODIFIER=(base) PYTHONPATH=/home/bhargav/ee_cs_265A_ws/build/f1tenth_gazebo/prefix_override:/usr/lib/python3/dist-packages/colcon_core/task/python/colcon_distutils_commands:/home/bhargav/ee_cs_265A_ws/install/f1tenth_gazebo/lib/python3.10/site-packages:${PYTHONPATH} /usr/bin/python3 -W ignore:setup.py install is deprecated -W ignore:easy_install command is deprecated setup.py egg_info --egg-base ../../build/f1tenth_gazebo build --build-base /home/bhargav/ee_cs_265A_ws/build/f1tenth_gazebo/build install --record /home/bhargav/ee_cs_265A_ws/build/f1tenth_gazebo/install.log --single-version-externally-managed install_data
