[0.289s] Invoking command in '/home/bhargav/ee_cs_265A_ws/src/ee_cs_265a': CONDA_PROMPT_MODIFIER=(base) PYTHONPATH=/home/bhargav/ee_cs_265A_ws/build/ee_cs_265a/prefix_override:/usr/lib/python3/dist-packages/colcon_core/task/python/colcon_distutils_commands:/home/bhargav/ee_cs_265A_ws/install/ee_cs_265a/lib/python3.10/site-packages:${PYTHONPATH} /usr/bin/python3 -W ignore:setup.py install is deprecated -W ignore:easy_install command is deprecated setup.py egg_info --egg-base ../../build/ee_cs_265a build --build-base /home/bhargav/ee_cs_265A_ws/build/ee_cs_265a/build install --record /home/bhargav/ee_cs_265A_ws/build/ee_cs_265a/install.log --single-version-externally-managed install_data
[0.392s] running egg_info
[0.393s] writing ../../build/ee_cs_265a/ee_cs_265a.egg-info/PKG-INFO
[0.393s] writing dependency_links to ../../build/ee_cs_265a/ee_cs_265a.egg-info/dependency_links.txt
[0.393s] writing entry points to ../../build/ee_cs_265a/ee_cs_265a.egg-info/entry_points.txt
[0.393s] writing requirements to ../../build/ee_cs_265a/ee_cs_265a.egg-info/requires.txt
[0.393s] writing top-level names to ../../build/ee_cs_265a/ee_cs_265a.egg-info/top_level.txt
[0.393s] reading manifest file '../../build/ee_cs_265a/ee_cs_265a.egg-info/SOURCES.txt'
[0.395s] writing manifest file '../../build/ee_cs_265a/ee_cs_265a.egg-info/SOURCES.txt'
[0.395s] running build
[0.395s] running build_py
[0.395s] copying ee_cs_265a/local_planner.py -> /home/bhargav/ee_cs_265A_ws/build/ee_cs_265a/build/lib/ee_cs_265a
[0.395s] copying ee_cs_265a/trajectory_plotter.py -> /home/bhargav/ee_cs_265A_ws/build/ee_cs_265a/build/lib/ee_cs_265a
[0.395s] running install
[0.395s] running install_lib
[0.395s] copying /home/bhargav/ee_cs_265A_ws/build/ee_cs_265a/build/lib/ee_cs_265a/local_planner.py -> /home/bhargav/ee_cs_265A_ws/install/ee_cs_265a/lib/python3.10/site-packages/ee_cs_265a
[0.396s] copying /home/bhargav/ee_cs_265A_ws/build/ee_cs_265a/build/lib/ee_cs_265a/trajectory_plotter.py -> /home/bhargav/ee_cs_265A_ws/install/ee_cs_265a/lib/python3.10/site-packages/ee_cs_265a
[0.396s] byte-compiling /home/bhargav/ee_cs_265A_ws/install/ee_cs_265a/lib/python3.10/site-packages/ee_cs_265a/local_planner.py to local_planner.cpython-310.pyc
[0.397s] byte-compiling /home/bhargav/ee_cs_265A_ws/install/ee_cs_265a/lib/python3.10/site-packages/ee_cs_265a/trajectory_plotter.py to trajectory_plotter.cpython-310.pyc
[0.398s] running install_data
[0.398s] copying launch/planning.launch.py -> /home/bhargav/ee_cs_265A_ws/install/ee_cs_265a/share/ee_cs_265a/launch
[0.399s] running install_egg_info
[0.399s] removing '/home/bhargav/ee_cs_265A_ws/install/ee_cs_265a/lib/python3.10/site-packages/ee_cs_265a-0.0.0-py3.10.egg-info' (and everything under it)
[0.400s] Copying ../../build/ee_cs_265a/ee_cs_265a.egg-info to /home/bhargav/ee_cs_265A_ws/install/ee_cs_265a/lib/python3.10/site-packages/ee_cs_265a-0.0.0-py3.10.egg-info
[0.400s] running install_scripts
[0.409s] Installing dynamic_agent script to /home/bhargav/ee_cs_265A_ws/install/ee_cs_265a/lib/ee_cs_265a
[0.409s] Installing global_planner script to /home/bhargav/ee_cs_265A_ws/install/ee_cs_265a/lib/ee_cs_265a
[0.409s] Installing gt_localizer script to /home/bhargav/ee_cs_265A_ws/install/ee_cs_265a/lib/ee_cs_265a
[0.409s] Installing local_planner script to /home/bhargav/ee_cs_265A_ws/install/ee_cs_265a/lib/ee_cs_265a
[0.409s] Installing pure_pursuit script to /home/bhargav/ee_cs_265A_ws/install/ee_cs_265a/lib/ee_cs_265a
[0.409s] Installing trajectory_plotter script to /home/bhargav/ee_cs_265A_ws/install/ee_cs_265a/lib/ee_cs_265a
[0.409s] writing list of installed files to '/home/bhargav/ee_cs_265A_ws/build/ee_cs_265a/install.log'
[0.419s] Invoked command in '/home/bhargav/ee_cs_265A_ws/src/ee_cs_265a' returned '0': CONDA_PROMPT_MODIFIER=(base) PYTHONPATH=/home/bhargav/ee_cs_265A_ws/build/ee_cs_265a/prefix_override:/usr/lib/python3/dist-packages/colcon_core/task/python/colcon_distutils_commands:/home/bhargav/ee_cs_265A_ws/install/ee_cs_265a/lib/python3.10/site-packages:${PYTHONPATH} /usr/bin/python3 -W ignore:setup.py install is deprecated -W ignore:easy_install command is deprecated setup.py egg_info --egg-base ../../build/ee_cs_265a build --build-base /home/bhargav/ee_cs_265A_ws/build/ee_cs_265a/build install --record /home/bhargav/ee_cs_265A_ws/build/ee_cs_265a/install.log --single-version-externally-managed install_data
