[0.291s] Invoking command in '/home/bhargav/ee_cs_265A_ws/build/ee_cs_265a': CONDA_PROMPT_MODIFIER=(f1tenth) PYTHONPATH=/home/bhargav/ee_cs_265A_ws/build/ee_cs_265a/prefix_override:/usr/lib/python3/dist-packages/colcon_core/task/python/colcon_distutils_commands:/home/bhargav/ee_cs_265A_ws/install/ee_cs_265a/lib/python3.10/site-packages:${PYTHONPATH} /usr/bin/python3 -W ignore:setup.py install is deprecated -W ignore:easy_install command is deprecated setup.py develop --editable --build-directory /home/bhargav/ee_cs_265A_ws/build/ee_cs_265a/build --no-deps symlink_data
[0.403s] running develop
[0.477s] running egg_info
[0.477s] writing ee_cs_265a.egg-info/PKG-INFO
[0.477s] writing dependency_links to ee_cs_265a.egg-info/dependency_links.txt
[0.477s] writing entry points to ee_cs_265a.egg-info/entry_points.txt
[0.477s] writing requirements to ee_cs_265a.egg-info/requires.txt
[0.477s] writing top-level names to ee_cs_265a.egg-info/top_level.txt
[0.477s] reading manifest file 'ee_cs_265a.egg-info/SOURCES.txt'
[0.478s] writing manifest file 'ee_cs_265a.egg-info/SOURCES.txt'
[0.478s] running build_ext
[0.478s] Creating /home/bhargav/ee_cs_265A_ws/install/ee_cs_265a/lib/python3.10/site-packages/ee-cs-265a.egg-link (link to .)
[0.479s] Installing global_planner script to /home/bhargav/ee_cs_265A_ws/install/ee_cs_265a/lib/ee_cs_265a
[0.482s] Installing gt_localizer script to /home/bhargav/ee_cs_265A_ws/install/ee_cs_265a/lib/ee_cs_265a
[0.482s] Installing pure_pursuit script to /home/bhargav/ee_cs_265A_ws/install/ee_cs_265a/lib/ee_cs_265a
[0.482s] Installing trajectory_plotter script to /home/bhargav/ee_cs_265A_ws/install/ee_cs_265a/lib/ee_cs_265a
[0.482s] 
[0.482s] Installed /home/bhargav/ee_cs_265A_ws/build/ee_cs_265a
[0.482s] running symlink_data
[0.493s] Invoked command in '/home/bhargav/ee_cs_265A_ws/build/ee_cs_265a' returned '0': CONDA_PROMPT_MODIFIER=(f1tenth) PYTHONPATH=/home/bhargav/ee_cs_265A_ws/build/ee_cs_265a/prefix_override:/usr/lib/python3/dist-packages/colcon_core/task/python/colcon_distutils_commands:/home/bhargav/ee_cs_265A_ws/install/ee_cs_265a/lib/python3.10/site-packages:${PYTHONPATH} /usr/bin/python3 -W ignore:setup.py install is deprecated -W ignore:easy_install command is deprecated setup.py develop --editable --build-directory /home/bhargav/ee_cs_265A_ws/build/ee_cs_265a/build --no-deps symlink_data
