running egg_info
creating build/ee_cs_265a/ee_cs_265a.egg-info
writing build/ee_cs_265a/ee_cs_265a.egg-info/PKG-INFO
writing dependency_links to build/ee_cs_265a/ee_cs_265a.egg-info/dependency_links.txt
writing entry points to build/ee_cs_265a/ee_cs_265a.egg-info/entry_points.txt
writing requirements to build/ee_cs_265a/ee_cs_265a.egg-info/requires.txt
writing top-level names to build/ee_cs_265a/ee_cs_265a.egg-info/top_level.txt
writing manifest file 'build/ee_cs_265a/ee_cs_265a.egg-info/SOURCES.txt'
reading manifest file 'build/ee_cs_265a/ee_cs_265a.egg-info/SOURCES.txt'
writing manifest file 'build/ee_cs_265a/ee_cs_265a.egg-info/SOURCES.txt'
running build
running build_py
creating /home/bhargav/ee_cs_265A_ws/src/ee_cs_265a/build/ee_cs_265a/build
creating /home/bhargav/ee_cs_265A_ws/src/ee_cs_265a/build/ee_cs_265a/build/lib
creating /home/bhargav/ee_cs_265A_ws/src/ee_cs_265a/build/ee_cs_265a/build/lib/ee_cs_265a
copying ee_cs_265a/trajectory_plotter.py -> /home/bhargav/ee_cs_265A_ws/src/ee_cs_265a/build/ee_cs_265a/build/lib/ee_cs_265a
copying ee_cs_265a/__init__.py -> /home/bhargav/ee_cs_265A_ws/src/ee_cs_265a/build/ee_cs_265a/build/lib/ee_cs_265a
copying ee_cs_265a/pure_pursuit.py -> /home/bhargav/ee_cs_265A_ws/src/ee_cs_265a/build/ee_cs_265a/build/lib/ee_cs_265a
copying ee_cs_265a/global_planner.py -> /home/bhargav/ee_cs_265A_ws/src/ee_cs_265a/build/ee_cs_265a/build/lib/ee_cs_265a
running install
running install_lib
creating /home/bhargav/ee_cs_265A_ws/src/ee_cs_265a/install/ee_cs_265a/lib/python3.10/site-packages/ee_cs_265a
copying /home/bhargav/ee_cs_265A_ws/src/ee_cs_265a/build/ee_cs_265a/build/lib/ee_cs_265a/trajectory_plotter.py -> /home/bhargav/ee_cs_265A_ws/src/ee_cs_265a/install/ee_cs_265a/lib/python3.10/site-packages/ee_cs_265a
copying /home/bhargav/ee_cs_265A_ws/src/ee_cs_265a/build/ee_cs_265a/build/lib/ee_cs_265a/__init__.py -> /home/bhargav/ee_cs_265A_ws/src/ee_cs_265a/install/ee_cs_265a/lib/python3.10/site-packages/ee_cs_265a
copying /home/bhargav/ee_cs_265A_ws/src/ee_cs_265a/build/ee_cs_265a/build/lib/ee_cs_265a/pure_pursuit.py -> /home/bhargav/ee_cs_265A_ws/src/ee_cs_265a/install/ee_cs_265a/lib/python3.10/site-packages/ee_cs_265a
copying /home/bhargav/ee_cs_265A_ws/src/ee_cs_265a/build/ee_cs_265a/build/lib/ee_cs_265a/global_planner.py -> /home/bhargav/ee_cs_265A_ws/src/ee_cs_265a/install/ee_cs_265a/lib/python3.10/site-packages/ee_cs_265a
byte-compiling /home/bhargav/ee_cs_265A_ws/src/ee_cs_265a/install/ee_cs_265a/lib/python3.10/site-packages/ee_cs_265a/trajectory_plotter.py to trajectory_plotter.cpython-310.pyc
byte-compiling /home/bhargav/ee_cs_265A_ws/src/ee_cs_265a/install/ee_cs_265a/lib/python3.10/site-packages/ee_cs_265a/__init__.py to __init__.cpython-310.pyc
byte-compiling /home/bhargav/ee_cs_265A_ws/src/ee_cs_265a/install/ee_cs_265a/lib/python3.10/site-packages/ee_cs_265a/pure_pursuit.py to pure_pursuit.cpython-310.pyc
byte-compiling /home/bhargav/ee_cs_265A_ws/src/ee_cs_265a/install/ee_cs_265a/lib/python3.10/site-packages/ee_cs_265a/global_planner.py to global_planner.cpython-310.pyc
running install_data
creating /home/bhargav/ee_cs_265A_ws/src/ee_cs_265a/install/ee_cs_265a/share/ament_index
creating /home/bhargav/ee_cs_265A_ws/src/ee_cs_265a/install/ee_cs_265a/share/ament_index/resource_index
creating /home/bhargav/ee_cs_265A_ws/src/ee_cs_265a/install/ee_cs_265a/share/ament_index/resource_index/packages
copying resource/ee_cs_265a -> /home/bhargav/ee_cs_265A_ws/src/ee_cs_265a/install/ee_cs_265a/share/ament_index/resource_index/packages
copying package.xml -> /home/bhargav/ee_cs_265A_ws/src/ee_cs_265a/install/ee_cs_265a/share/ee_cs_265a
creating /home/bhargav/ee_cs_265A_ws/src/ee_cs_265a/install/ee_cs_265a/share/ee_cs_265a/launch
copying launch/planning.launch.py -> /home/bhargav/ee_cs_265A_ws/src/ee_cs_265a/install/ee_cs_265a/share/ee_cs_265a/launch
copying launch/mapping.launch.py -> /home/bhargav/ee_cs_265A_ws/src/ee_cs_265a/install/ee_cs_265a/share/ee_cs_265a/launch
creating /home/bhargav/ee_cs_265A_ws/src/ee_cs_265a/install/ee_cs_265a/share/ee_cs_265a/config
copying config/mapper_params_online_async.yaml -> /home/bhargav/ee_cs_265A_ws/src/ee_cs_265a/install/ee_cs_265a/share/ee_cs_265a/config
creating /home/bhargav/ee_cs_265A_ws/src/ee_cs_265a/install/ee_cs_265a/share/ee_cs_265a/maps
copying maps/ground_truth_map.pgm -> /home/bhargav/ee_cs_265A_ws/src/ee_cs_265a/install/ee_cs_265a/share/ee_cs_265a/maps
copying maps/ground_truth_map.yaml -> /home/bhargav/ee_cs_265A_ws/src/ee_cs_265a/install/ee_cs_265a/share/ee_cs_265a/maps
copying maps/track_map.pgm -> /home/bhargav/ee_cs_265A_ws/src/ee_cs_265a/install/ee_cs_265a/share/ee_cs_265a/maps
copying maps/track_map.yaml -> /home/bhargav/ee_cs_265A_ws/src/ee_cs_265a/install/ee_cs_265a/share/ee_cs_265a/maps
running install_egg_info
Copying build/ee_cs_265a/ee_cs_265a.egg-info to /home/bhargav/ee_cs_265A_ws/src/ee_cs_265a/install/ee_cs_265a/lib/python3.10/site-packages/ee_cs_265a-0.0.0-py3.10.egg-info
running install_scripts
Installing global_planner script to /home/bhargav/ee_cs_265A_ws/src/ee_cs_265a/install/ee_cs_265a/lib/ee_cs_265a
Installing pure_pursuit script to /home/bhargav/ee_cs_265A_ws/src/ee_cs_265a/install/ee_cs_265a/lib/ee_cs_265a
Installing trajectory_plotter script to /home/bhargav/ee_cs_265A_ws/src/ee_cs_265a/install/ee_cs_265a/lib/ee_cs_265a
writing list of installed files to '/home/bhargav/ee_cs_265A_ws/src/ee_cs_265a/build/ee_cs_265a/install.log'
