[0.266s] Invoking command in '/home/bhargav/ee_cs_265A_ws/build/ee_cs_265a': CONDA_PROMPT_MODIFIER=(f1tenth) PYTHONPATH=/home/bhargav/ee_cs_265A_ws/build/ee_cs_265a/prefix_override:/usr/lib/python3/dist-packages/colcon_core/task/python/colcon_distutils_commands:/home/bhargav/ee_cs_265A_ws/install/ee_cs_265a/lib/python3.10/site-packages:${PYTHONPATH} /usr/bin/python3 -W ignore:setup.py install is deprecated -W ignore:easy_install command is deprecated setup.py develop --editable --build-directory /home/bhargav/ee_cs_265A_ws/build/ee_cs_265a/build --no-deps symlink_data
[0.374s] running develop
[0.442s] running egg_info
[0.442s] writing ee_cs_265a.egg-info/PKG-INFO
[0.442s] writing dependency_links to ee_cs_265a.egg-info/dependency_links.txt
[0.442s] writing entry points to ee_cs_265a.egg-info/entry_points.txt
[0.442s] writing requirements to ee_cs_265a.egg-info/requires.txt
[0.443s] writing top-level names to ee_cs_265a.egg-info/top_level.txt
[0.443s] reading manifest file 'ee_cs_265a.egg-info/SOURCES.txt'
[0.443s] writing manifest file 'ee_cs_265a.egg-info/SOURCES.txt'
[0.444s] running build_ext
[0.444s] Creating /home/bhargav/ee_cs_265A_ws/install/ee_cs_265a/lib/python3.10/site-packages/ee-cs-265a.egg-link (link to .)
[0.444s] Installing global_planner script to /home/bhargav/ee_cs_265A_ws/install/ee_cs_265a/lib/ee_cs_265a
[0.444s] 
[0.445s] Installed /home/bhargav/ee_cs_265A_ws/build/ee_cs_265a
[0.445s] running symlink_data
[0.445s] symbolically linking /home/bhargav/ee_cs_265A_ws/build/ee_cs_265a/launch/planning.launch.py -> /home/bhargav/ee_cs_265A_ws/install/ee_cs_265a/share/ee_cs_265a/launch
[0.445s] symbolically linking /home/bhargav/ee_cs_265A_ws/build/ee_cs_265a/maps/track_map.pgm -> /home/bhargav/ee_cs_265A_ws/install/ee_cs_265a/share/ee_cs_265a/maps
[0.445s] symbolically linking /home/bhargav/ee_cs_265A_ws/build/ee_cs_265a/maps/track_map.yaml -> /home/bhargav/ee_cs_265A_ws/install/ee_cs_265a/share/ee_cs_265a/maps
[0.457s] Invoked command in '/home/bhargav/ee_cs_265A_ws/build/ee_cs_265a' returned '0': CONDA_PROMPT_MODIFIER=(f1tenth) PYTHONPATH=/home/bhargav/ee_cs_265A_ws/build/ee_cs_265a/prefix_override:/usr/lib/python3/dist-packages/colcon_core/task/python/colcon_distutils_commands:/home/bhargav/ee_cs_265A_ws/install/ee_cs_265a/lib/python3.10/site-packages:${PYTHONPATH} /usr/bin/python3 -W ignore:setup.py install is deprecated -W ignore:easy_install command is deprecated setup.py develop --editable --build-directory /home/bhargav/ee_cs_265A_ws/build/ee_cs_265a/build --no-deps symlink_data
