/home/bhargav/ee_cs_265A_ws/src/ee_cs_265a/install/ee_cs_265a/lib/python3.10/site-packages/ee_cs_265a/trajectory_plotter.py
/home/bhargav/ee_cs_265A_ws/src/ee_cs_265a/install/ee_cs_265a/lib/python3.10/site-packages/ee_cs_265a/__init__.py
/home/bhargav/ee_cs_265A_ws/src/ee_cs_265a/install/ee_cs_265a/lib/python3.10/site-packages/ee_cs_265a/pure_pursuit.py
/home/bhargav/ee_cs_265A_ws/src/ee_cs_265a/install/ee_cs_265a/lib/python3.10/site-packages/ee_cs_265a/global_planner.py
/home/bhargav/ee_cs_265A_ws/src/ee_cs_265a/install/ee_cs_265a/lib/python3.10/site-packages/ee_cs_265a/__pycache__/trajectory_plotter.cpython-310.pyc
/home/bhargav/ee_cs_265A_ws/src/ee_cs_265a/install/ee_cs_265a/lib/python3.10/site-packages/ee_cs_265a/__pycache__/__init__.cpython-310.pyc
/home/bhargav/ee_cs_265A_ws/src/ee_cs_265a/install/ee_cs_265a/lib/python3.10/site-packages/ee_cs_265a/__pycache__/pure_pursuit.cpython-310.pyc
/home/bhargav/ee_cs_265A_ws/src/ee_cs_265a/install/ee_cs_265a/lib/python3.10/site-packages/ee_cs_265a/__pycache__/global_planner.cpython-310.pyc
/home/bhargav/ee_cs_265A_ws/src/ee_cs_265a/install/ee_cs_265a/share/ament_index/resource_index/packages/ee_cs_265a
/home/bhargav/ee_cs_265A_ws/src/ee_cs_265a/install/ee_cs_265a/share/ee_cs_265a/package.xml
/home/bhargav/ee_cs_265A_ws/src/ee_cs_265a/install/ee_cs_265a/share/ee_cs_265a/launch/planning.launch.py
/home/bhargav/ee_cs_265A_ws/src/ee_cs_265a/install/ee_cs_265a/share/ee_cs_265a/launch/mapping.launch.py
/home/bhargav/ee_cs_265A_ws/src/ee_cs_265a/install/ee_cs_265a/share/ee_cs_265a/config/mapper_params_online_async.yaml
/home/bhargav/ee_cs_265A_ws/src/ee_cs_265a/install/ee_cs_265a/share/ee_cs_265a/maps/ground_truth_map.pgm
/home/bhargav/ee_cs_265A_ws/src/ee_cs_265a/install/ee_cs_265a/share/ee_cs_265a/maps/ground_truth_map.yaml
/home/bhargav/ee_cs_265A_ws/src/ee_cs_265a/install/ee_cs_265a/share/ee_cs_265a/maps/track_map.pgm
/home/bhargav/ee_cs_265A_ws/src/ee_cs_265a/install/ee_cs_265a/share/ee_cs_265a/maps/track_map.yaml
/home/bhargav/ee_cs_265A_ws/src/ee_cs_265a/install/ee_cs_265a/lib/python3.10/site-packages/ee_cs_265a-0.0.0-py3.10.egg-info/SOURCES.txt
/home/bhargav/ee_cs_265A_ws/src/ee_cs_265a/install/ee_cs_265a/lib/python3.10/site-packages/ee_cs_265a-0.0.0-py3.10.egg-info/entry_points.txt
/home/bhargav/ee_cs_265A_ws/src/ee_cs_265a/install/ee_cs_265a/lib/python3.10/site-packages/ee_cs_265a-0.0.0-py3.10.egg-info/zip-safe
/home/bhargav/ee_cs_265A_ws/src/ee_cs_265a/install/ee_cs_265a/lib/python3.10/site-packages/ee_cs_265a-0.0.0-py3.10.egg-info/PKG-INFO
/home/bhargav/ee_cs_265A_ws/src/ee_cs_265a/install/ee_cs_265a/lib/python3.10/site-packages/ee_cs_265a-0.0.0-py3.10.egg-info/requires.txt
/home/bhargav/ee_cs_265A_ws/src/ee_cs_265a/install/ee_cs_265a/lib/python3.10/site-packages/ee_cs_265a-0.0.0-py3.10.egg-info/dependency_links.txt
/home/bhargav/ee_cs_265A_ws/src/ee_cs_265a/install/ee_cs_265a/lib/python3.10/site-packages/ee_cs_265a-0.0.0-py3.10.egg-info/top_level.txt
/home/bhargav/ee_cs_265A_ws/src/ee_cs_265a/install/ee_cs_265a/lib/ee_cs_265a/global_planner
/home/bhargav/ee_cs_265A_ws/src/ee_cs_265a/install/ee_cs_265a/lib/ee_cs_265a/pure_pursuit
/home/bhargav/ee_cs_265A_ws/src/ee_cs_265a/install/ee_cs_265a/lib/ee_cs_265a/trajectory_plotter
