[0.000000] (-) TimerEvent: {}
[0.000432] (ee_cs_265a) JobQueued: {'identifier': 'ee_cs_265a', 'dependencies': OrderedDict()}
[0.000524] (f1tenth_gym_ros) JobQueued: {'identifier': 'f1tenth_gym_ros', 'dependencies': OrderedDict()}
[0.000532] (ee_cs_265a) JobStarted: {'identifier': 'ee_cs_265a'}
[0.003389] (f1tenth_gym_ros) JobStarted: {'identifier': 'f1tenth_gym_ros'}
[0.100122] (-) TimerEvent: {}
[0.200379] (-) TimerEvent: {}
[0.300668] (-) TimerEvent: {}
[0.377782] (ee_cs_265a) Command: {'cmd': ['/usr/bin/python3', '-W', 'ignore:setup.py install is deprecated', '-W', 'ignore:easy_install command is deprecated', 'setup.py', 'develop', '--editable', '--build-directory', '/home/bhargav/ee_cs_265A_ws/build/ee_cs_265a/build', '--no-deps', 'symlink_data', '--force'], 'cwd': '/home/bhargav/ee_cs_265A_ws/build/ee_cs_265a', 'env': {'GJS_DEBUG_TOPICS': 'JS ERROR;JS LOG', 'USER': 'bhargav', 'XDG_SESSION_TYPE': 'x11', 'SHLVL': '1', 'LD_LIBRARY_PATH': '/opt/ros/humble/opt/rviz_ogre_vendor/lib:/opt/ros/humble/lib/x86_64-linux-gnu:/opt/ros/humble/lib', 'HOME': '/home/bhargav', 'OLDPWD': '/home/bhargav/ee_cs_265A_ws/src', 'DESKTOP_SESSION': 'ubuntu', 'NVM_BIN': '/home/bhargav/.nvm/versions/node/v20.20.0/bin', 'NVM_INC': '/home/bhargav/.nvm/versions/node/v20.20.0/include/node', 'GIO_LAUNCHED_DESKTOP_FILE': '/usr/share/applications/terminator.desktop', 'ROS_PYTHON_VERSION': '3', 'GNOME_SHELL_SESSION_MODE': 'ubuntu', 'GTK_MODULES': 'gail:atk-bridge', 'MANAGERPID': '2790', 'SYSTEMD_EXEC_PID': '3213', 'DBUS_SESSION_BUS_ADDRESS': 'unix:path=/run/user/1000/bus', 'COLORTERM': 'truecolor', 'TERMINATOR_DBUS_NAME': 'net.tenshu.Terminator23558193cd9818af7fe4d2c2f5bd9d00f', 'GIO_LAUNCHED_DESKTOP_FILE_PID': '3770', 'NVM_DIR': '/home/bhargav/.nvm', 'COLCON_PREFIX_PATH': '/home/bhargav/ee_cs_265A_ws/install', 'ROS_DISTRO': 'humble', 'GTK_IM_MODULE': 'ibus', 'LOGNAME': 'bhargav', 'JOURNAL_STREAM': '8:37586', '_': '/usr/bin/colcon', 'ROS_VERSION': '2', 'XDG_SESSION_CLASS': 'user', 'USERNAME': 'bhargav', 'TERM': 'xterm-256color', 'GNOME_DESKTOP_SESSION_ID': 'this-is-deprecated', 'ROS_LOCALHOST_ONLY': '0', 'WINDOWPATH': '2', 'PATH': '/home/bhargav/.nvm/versions/node/v20.20.0/bin:/opt/ros/humble/bin:/usr/local/sbin:/usr/local/bin:/usr/sbin:/usr/bin:/sbin:/bin:/usr/games:/usr/local/games:/snap/bin:/snap/bin', 'SESSION_MANAGER': 'local/bhargav:@/tmp/.ICE-unix/3190,unix/bhargav:/tmp/.ICE-unix/3190', 'INVOCATION_ID': '631bd961246d4950869a988de34654b3', 'XDG_MENU_PREFIX': 'gnome-', 'XDG_RUNTIME_DIR': '/run/user/1000', 'DISPLAY': ':1', 'TERMINATOR_DBUS_PATH': '/net/tenshu/Terminator2', 'LANG': 'en_US.UTF-8', 'XDG_CURRENT_DESKTOP': 'ubuntu:GNOME', 'IBUS_DISABLE_SNOOPER': '1', 'XMODIFIERS': '@im=ibus', 'XDG_SESSION_DESKTOP': 'ubuntu', 'XAUTHORITY': '/run/user/1000/gdm/Xauthority', 'SSH_AGENT_LAUNCHER': 'gnome-keyring', 'SSH_AUTH_SOCK': '/run/user/1000/keyring/ssh', 'ROS_DOMAIN_ID': '89', 'AMENT_PREFIX_PATH': '/home/bhargav/ee_cs_265A_ws/install/f1tenth_stack:/home/bhargav/ee_cs_265A_ws/install/ee_cs_265a:/opt/ros/humble', 'SHELL': '/bin/bash', 'TERMINATOR_UUID': 'urn:uuid:963e33f6-19ee-493e-9700-002a8cb872e2', 'QT_ACCESSIBILITY': '1', 'GDMSESSION': 'ubuntu', 'GPG_AGENT_INFO': '/run/user/1000/gnupg/S.gpg-agent:0:1', 'GJS_DEBUG_OUTPUT': 'stderr', 'QT_IM_MODULE': 'ibus', 'PWD': '/home/bhargav/ee_cs_265A_ws/build/ee_cs_265a', 'LC_ALL': 'en_US.UTF-8', 'XDG_CONFIG_DIRS': '/etc/xdg/xdg-ubuntu:/etc/xdg', 'NVM_CD_FLAGS': '', 'XDG_DATA_DIRS': '/usr/share/ubuntu:/usr/share/gnome:/usr/local/share/:/usr/share/:/var/lib/snapd/desktop', 'PYTHONPATH': '/home/bhargav/ee_cs_265A_ws/build/ee_cs_265a/prefix_override:/usr/lib/python3/dist-packages/colcon_core/task/python/colcon_distutils_commands:/home/bhargav/ee_cs_265A_ws/install/ee_cs_265a/lib/python3.10/site-packages:/home/bhargav/ee_cs_265A_ws/install/f1tenth_stack/lib/python3.10/site-packages:/home/bhargav/ee_cs_265A_ws/install/ee_cs_265a/lib/python3.10/site-packages:/opt/ros/humble/lib/python3.10/site-packages:/opt/ros/humble/local/lib/python3.10/dist-packages', 'COLCON': '1', 'VTE_VERSION': '6800'}, 'shell': False}
[0.382437] (f1tenth_gym_ros) Command: {'cmd': ['/usr/bin/python3', '-W', 'ignore:setup.py install is deprecated', '-W', 'ignore:easy_install command is deprecated', 'setup.py', 'develop', '--editable', '--build-directory', '/home/bhargav/ee_cs_265A_ws/build/f1tenth_gym_ros/build', '--no-deps', 'symlink_data'], 'cwd': '/home/bhargav/ee_cs_265A_ws/build/f1tenth_gym_ros', 'env': {'GJS_DEBUG_TOPICS': 'JS ERROR;JS LOG', 'USER': 'bhargav', 'XDG_SESSION_TYPE': 'x11', 'SHLVL': '1', 'LD_LIBRARY_PATH': '/opt/ros/humble/opt/rviz_ogre_vendor/lib:/opt/ros/humble/lib/x86_64-linux-gnu:/opt/ros/humble/lib', 'HOME': '/home/bhargav', 'OLDPWD': '/home/bhargav/ee_cs_265A_ws/src', 'DESKTOP_SESSION': 'ubuntu', 'NVM_BIN': '/home/bhargav/.nvm/versions/node/v20.20.0/bin', 'NVM_INC': '/home/bhargav/.nvm/versions/node/v20.20.0/include/node', 'GIO_LAUNCHED_DESKTOP_FILE': '/usr/share/applications/terminator.desktop', 'ROS_PYTHON_VERSION': '3', 'GNOME_SHELL_SESSION_MODE': 'ubuntu', 'GTK_MODULES': 'gail:atk-bridge', 'MANAGERPID': '2790', 'SYSTEMD_EXEC_PID': '3213', 'DBUS_SESSION_BUS_ADDRESS': 'unix:path=/run/user/1000/bus', 'COLORTERM': 'truecolor', 'TERMINATOR_DBUS_NAME': 'net.tenshu.Terminator23558193cd9818af7fe4d2c2f5bd9d00f', 'GIO_LAUNCHED_DESKTOP_FILE_PID': '3770', 'NVM_DIR': '/home/bhargav/.nvm', 'COLCON_PREFIX_PATH': '/home/bhargav/ee_cs_265A_ws/install', 'ROS_DISTRO': 'humble', 'GTK_IM_MODULE': 'ibus', 'LOGNAME': 'bhargav', 'JOURNAL_STREAM': '8:37586', '_': '/usr/bin/colcon', 'ROS_VERSION': '2', 'XDG_SESSION_CLASS': 'user', 'USERNAME': 'bhargav', 'TERM': 'xterm-256color', 'GNOME_DESKTOP_SESSION_ID': 'this-is-deprecated', 'ROS_LOCALHOST_ONLY': '0', 'WINDOWPATH': '2', 'PATH': '/home/bhargav/.nvm/versions/node/v20.20.0/bin:/opt/ros/humble/bin:/usr/local/sbin:/usr/local/bin:/usr/sbin:/usr/bin:/sbin:/bin:/usr/games:/usr/local/games:/snap/bin:/snap/bin', 'SESSION_MANAGER': 'local/bhargav:@/tmp/.ICE-unix/3190,unix/bhargav:/tmp/.ICE-unix/3190', 'INVOCATION_ID': '631bd961246d4950869a988de34654b3', 'XDG_MENU_PREFIX': 'gnome-', 'XDG_RUNTIME_DIR': '/run/user/1000', 'DISPLAY': ':1', 'TERMINATOR_DBUS_PATH': '/net/tenshu/Terminator2', 'LANG': 'en_US.UTF-8', 'XDG_CURRENT_DESKTOP': 'ubuntu:GNOME', 'IBUS_DISABLE_SNOOPER': '1', 'XMODIFIERS': '@im=ibus', 'XDG_SESSION_DESKTOP': 'ubuntu', 'XAUTHORITY': '/run/user/1000/gdm/Xauthority', 'SSH_AGENT_LAUNCHER': 'gnome-keyring', 'SSH_AUTH_SOCK': '/run/user/1000/keyring/ssh', 'ROS_DOMAIN_ID': '89', 'AMENT_PREFIX_PATH': '/home/bhargav/ee_cs_265A_ws/install/f1tenth_stack:/home/bhargav/ee_cs_265A_ws/install/ee_cs_265a:/opt/ros/humble', 'SHELL': '/bin/bash', 'TERMINATOR_UUID': 'urn:uuid:963e33f6-19ee-493e-9700-002a8cb872e2', 'QT_ACCESSIBILITY': '1', 'GDMSESSION': 'ubuntu', 'GPG_AGENT_INFO': '/run/user/1000/gnupg/S.gpg-agent:0:1', 'GJS_DEBUG_OUTPUT': 'stderr', 'QT_IM_MODULE': 'ibus', 'PWD': '/home/bhargav/ee_cs_265A_ws/build/f1tenth_gym_ros', 'LC_ALL': 'en_US.UTF-8', 'XDG_CONFIG_DIRS': '/etc/xdg/xdg-ubuntu:/etc/xdg', 'NVM_CD_FLAGS': '', 'XDG_DATA_DIRS': '/usr/share/ubuntu:/usr/share/gnome:/usr/local/share/:/usr/share/:/var/lib/snapd/desktop', 'PYTHONPATH': '/home/bhargav/ee_cs_265A_ws/build/f1tenth_gym_ros/prefix_override:/usr/lib/python3/dist-packages/colcon_core/task/python/colcon_distutils_commands:/home/bhargav/ee_cs_265A_ws/install/f1tenth_gym_ros/lib/python3.10/site-packages:/home/bhargav/ee_cs_265A_ws/install/f1tenth_stack/lib/python3.10/site-packages:/home/bhargav/ee_cs_265A_ws/install/ee_cs_265a/lib/python3.10/site-packages:/opt/ros/humble/lib/python3.10/site-packages:/opt/ros/humble/local/lib/python3.10/dist-packages', 'COLCON': '1', 'VTE_VERSION': '6800'}, 'shell': False}
[0.400808] (-) TimerEvent: {}
[0.501343] (f1tenth_gym_ros) StdoutLine: {'line': b'running develop\n'}
[0.501471] (-) TimerEvent: {}
[0.501537] (ee_cs_265a) StdoutLine: {'line': b'running develop\n'}
[0.576321] (f1tenth_gym_ros) StdoutLine: {'line': b'running egg_info\n'}
[0.576435] (f1tenth_gym_ros) StdoutLine: {'line': b'creating f1tenth_gym_ros.egg-info\n'}
[0.576467] (f1tenth_gym_ros) StdoutLine: {'line': b'writing f1tenth_gym_ros.egg-info/PKG-INFO\n'}
[0.576495] (f1tenth_gym_ros) StdoutLine: {'line': b'writing dependency_links to f1tenth_gym_ros.egg-info/dependency_links.txt\n'}
[0.576530] (f1tenth_gym_ros) StdoutLine: {'line': b'writing entry points to f1tenth_gym_ros.egg-info/entry_points.txt\n'}
[0.576553] (f1tenth_gym_ros) StdoutLine: {'line': b'writing requirements to f1tenth_gym_ros.egg-info/requires.txt\n'}
[0.576576] (f1tenth_gym_ros) StdoutLine: {'line': b'writing top-level names to f1tenth_gym_ros.egg-info/top_level.txt\n'}
[0.576890] (f1tenth_gym_ros) StdoutLine: {'line': b"writing manifest file 'f1tenth_gym_ros.egg-info/SOURCES.txt'\n"}
[0.576961] (ee_cs_265a) StdoutLine: {'line': b'running egg_info\n'}
[0.576999] (ee_cs_265a) StdoutLine: {'line': b'writing ee_cs_265a.egg-info/PKG-INFO\n'}
[0.577026] (ee_cs_265a) StdoutLine: {'line': b'writing dependency_links to ee_cs_265a.egg-info/dependency_links.txt\n'}
[0.577051] (ee_cs_265a) StdoutLine: {'line': b'writing entry points to ee_cs_265a.egg-info/entry_points.txt\n'}
[0.577945] (f1tenth_gym_ros) StdoutLine: {'line': b"reading manifest file 'f1tenth_gym_ros.egg-info/SOURCES.txt'\n"}
[0.578010] (f1tenth_gym_ros) StdoutLine: {'line': b"writing manifest file 'f1tenth_gym_ros.egg-info/SOURCES.txt'\n"}
[0.578163] (ee_cs_265a) StdoutLine: {'line': b'writing requirements to ee_cs_265a.egg-info/requires.txt\n'}
[0.578208] (ee_cs_265a) StdoutLine: {'line': b'writing top-level names to ee_cs_265a.egg-info/top_level.txt\n'}
[0.578232] (ee_cs_265a) StdoutLine: {'line': b"reading manifest file 'ee_cs_265a.egg-info/SOURCES.txt'\n"}
[0.578255] (ee_cs_265a) StdoutLine: {'line': b"writing manifest file 'ee_cs_265a.egg-info/SOURCES.txt'\n"}
[0.578891] (ee_cs_265a) StdoutLine: {'line': b'running build_ext\n'}
[0.578918] (ee_cs_265a) StdoutLine: {'line': b'Creating /home/bhargav/ee_cs_265A_ws/install/ee_cs_265a/lib/python3.10/site-packages/ee-cs-265a.egg-link (link to .)\n'}
[0.579060] (f1tenth_gym_ros) StdoutLine: {'line': b'running build_ext\n'}
[0.579106] (f1tenth_gym_ros) StdoutLine: {'line': b'Creating /home/bhargav/ee_cs_265A_ws/install/f1tenth_gym_ros/lib/python3.10/site-packages/f1tenth-gym-ros.egg-link (link to .)\n'}
[0.579147] (f1tenth_gym_ros) StdoutLine: {'line': b'Installing gym_bridge script to /home/bhargav/ee_cs_265A_ws/install/f1tenth_gym_ros/lib/f1tenth_gym_ros\n'}
[0.579190] (f1tenth_gym_ros) StdoutLine: {'line': b'\n'}
[0.579230] (f1tenth_gym_ros) StdoutLine: {'line': b'Installed /home/bhargav/ee_cs_265A_ws/build/f1tenth_gym_ros\n'}
[0.579251] (f1tenth_gym_ros) StdoutLine: {'line': b'running symlink_data\n'}
[0.579270] (f1tenth_gym_ros) StdoutLine: {'line': b'creating /home/bhargav/ee_cs_265A_ws/install/f1tenth_gym_ros/share/ament_index\n'}
[0.579290] (f1tenth_gym_ros) StdoutLine: {'line': b'creating /home/bhargav/ee_cs_265A_ws/install/f1tenth_gym_ros/share/ament_index/resource_index\n'}
[0.579309] (f1tenth_gym_ros) StdoutLine: {'line': b'creating /home/bhargav/ee_cs_265A_ws/install/f1tenth_gym_ros/share/ament_index/resource_index/packages\n'}
[0.579328] (f1tenth_gym_ros) StdoutLine: {'line': b'symbolically linking /home/bhargav/ee_cs_265A_ws/build/f1tenth_gym_ros/resource/f1tenth_gym_ros -> /home/bhargav/ee_cs_265A_ws/install/f1tenth_gym_ros/share/ament_index/resource_index/packages\n'}
[0.579349] (f1tenth_gym_ros) StdoutLine: {'line': b'symbolically linking /home/bhargav/ee_cs_265A_ws/build/f1tenth_gym_ros/package.xml -> /home/bhargav/ee_cs_265A_ws/install/f1tenth_gym_ros/share/f1tenth_gym_ros\n'}
[0.579370] (f1tenth_gym_ros) StdoutLine: {'line': b'creating /home/bhargav/ee_cs_265A_ws/install/f1tenth_gym_ros/share/f1tenth_gym_ros/launch\n'}
[0.579390] (f1tenth_gym_ros) StdoutLine: {'line': b'symbolically linking /home/bhargav/ee_cs_265A_ws/build/f1tenth_gym_ros/launch/gym_bridge_launch.py -> /home/bhargav/ee_cs_265A_ws/install/f1tenth_gym_ros/share/f1tenth_gym_ros/launch\n'}
[0.579409] (f1tenth_gym_ros) StdoutLine: {'line': b'symbolically linking /home/bhargav/ee_cs_265A_ws/build/f1tenth_gym_ros/launch/ego_racecar.xacro -> /home/bhargav/ee_cs_265A_ws/install/f1tenth_gym_ros/share/f1tenth_gym_ros/launch\n'}
[0.579428] (f1tenth_gym_ros) StdoutLine: {'line': b'symbolically linking /home/bhargav/ee_cs_265A_ws/build/f1tenth_gym_ros/launch/opp_racecar.xacro -> /home/bhargav/ee_cs_265A_ws/install/f1tenth_gym_ros/share/f1tenth_gym_ros/launch\n'}
[0.579451] (f1tenth_gym_ros) StdoutLine: {'line': b'symbolically linking /home/bhargav/ee_cs_265A_ws/build/f1tenth_gym_ros/launch/gym_bridge.rviz -> /home/bhargav/ee_cs_265A_ws/install/f1tenth_gym_ros/share/f1tenth_gym_ros/launch\n'}
[0.579470] (f1tenth_gym_ros) StdoutLine: {'line': b'creating /home/bhargav/ee_cs_265A_ws/install/f1tenth_gym_ros/share/f1tenth_gym_ros/config\n'}
[0.579488] (f1tenth_gym_ros) StdoutLine: {'line': b'symbolically linking /home/bhargav/ee_cs_265A_ws/build/f1tenth_gym_ros/config/sim.yaml -> /home/bhargav/ee_cs_265A_ws/install/f1tenth_gym_ros/share/f1tenth_gym_ros/config\n'}
[0.579532] (ee_cs_265a) StdoutLine: {'line': b'\n'}
[0.579555] (ee_cs_265a) StdoutLine: {'line': b'Installed /home/bhargav/ee_cs_265A_ws/build/ee_cs_265a\n'}
[0.579575] (ee_cs_265a) StdoutLine: {'line': b'running symlink_data\n'}
[0.579596] (ee_cs_265a) StdoutLine: {'line': b'symbolically linking /home/bhargav/ee_cs_265A_ws/build/ee_cs_265a/resource/ee_cs_265a -> /home/bhargav/ee_cs_265A_ws/install/ee_cs_265a/share/ament_index/resource_index/packages\n'}
[0.579616] (ee_cs_265a) StdoutLine: {'line': b'symbolically linking /home/bhargav/ee_cs_265A_ws/build/ee_cs_265a/package.xml -> /home/bhargav/ee_cs_265A_ws/install/ee_cs_265a/share/ee_cs_265a\n'}
[0.592477] (f1tenth_gym_ros) CommandEnded: {'returncode': 0}
[0.596714] (f1tenth_gym_ros) JobEnded: {'identifier': 'f1tenth_gym_ros', 'rc': 0}
[0.598334] (ee_cs_265a) CommandEnded: {'returncode': 0}
[0.599739] (ee_cs_265a) JobEnded: {'identifier': 'ee_cs_265a', 'rc': 0}
[0.599937] (-) EventReactorShutdown: {}
