[0.050s] DEBUG:colcon:Command line arguments: ['/usr/bin/colcon', 'build', '--packages-select', 'f1tenth_gazebo']
[0.050s] DEBUG:colcon:Parsed command line arguments: Namespace(log_base=None, log_level=None, verb_name='build', build_base='build', install_base='install', merge_install=False, symlink_install=False, test_result_base=None, continue_on_error=False, executor='parallel', parallel_workers=24, event_handlers=None, ignore_user_meta=False, metas=['./colcon.meta'], base_paths=['.'], packages_ignore=None, packages_ignore_regex=None, paths=None, packages_up_to=None, packages_up_to_regex=None, packages_above=None, packages_above_and_dependencies=None, packages_above_depth=None, packages_select_by_dep=None, packages_skip_by_dep=None, packages_skip_up_to=None, packages_select_build_failed=False, packages_skip_build_finished=False, packages_select_test_failures=False, packages_skip_test_passed=False, packages_select=['f1tenth_gazebo'], packages_skip=None, packages_select_regex=None, packages_skip_regex=None, packages_start=None, packages_end=None, allow_overriding=[], cmake_args=None, cmake_target=None, cmake_target_skip_unavailable=False, cmake_clean_cache=False, cmake_clean_first=False, cmake_force_configure=False, ament_cmake_args=None, catkin_cmake_args=None, catkin_skip_building_tests=False, mixin_files=None, mixin=None, verb_parser=<colcon_mixin.mixin.mixin_argument.MixinArgumentDecorator object at 0x750b42780f10>, verb_extension=<colcon_core.verb.build.BuildVerb object at 0x750b427801f0>, main=<bound method BuildVerb.main of <colcon_core.verb.build.BuildVerb object at 0x750b427801f0>>, mixin_verb=('build',))
[0.125s] Level 1:colcon.colcon_core.package_discovery:discover_packages(colcon_meta) check parameters
[0.125s] Level 1:colcon.colcon_core.package_discovery:discover_packages(recursive) check parameters
[0.125s] Level 1:colcon.colcon_core.package_discovery:discover_packages(ignore) check parameters
[0.125s] Level 1:colcon.colcon_core.package_discovery:discover_packages(path) check parameters
[0.125s] Level 1:colcon.colcon_core.package_discovery:discover_packages(colcon_meta) discover
[0.125s] Level 1:colcon.colcon_core.package_discovery:discover_packages(recursive) discover
[0.125s] INFO:colcon.colcon_core.package_discovery:Crawling recursively for packages in '/home/bhargav/ee_cs_265A_ws'
[0.125s] Level 1:colcon.colcon_core.package_identification:_identify(.) by extensions ['ignore', 'ignore_ament_install']
[0.125s] Level 1:colcon.colcon_core.package_identification:_identify(.) by extension 'ignore'
[0.125s] Level 1:colcon.colcon_core.package_identification:_identify(.) by extension 'ignore_ament_install'
[0.126s] Level 1:colcon.colcon_core.package_identification:_identify(.) by extensions ['colcon_pkg']
[0.126s] Level 1:colcon.colcon_core.package_identification:_identify(.) by extension 'colcon_pkg'
[0.126s] Level 1:colcon.colcon_core.package_identification:_identify(.) by extensions ['colcon_meta']
[0.126s] Level 1:colcon.colcon_core.package_identification:_identify(.) by extension 'colcon_meta'
[0.126s] Level 1:colcon.colcon_core.package_identification:_identify(.) by extensions ['ros']
[0.126s] Level 1:colcon.colcon_core.package_identification:_identify(.) by extension 'ros'
[0.137s] Level 1:colcon.colcon_core.package_identification:_identify(.) by extensions ['cmake', 'python']
[0.137s] Level 1:colcon.colcon_core.package_identification:_identify(.) by extension 'cmake'
[0.138s] Level 1:colcon.colcon_core.package_identification:_identify(.) by extension 'python'
[0.138s] Level 1:colcon.colcon_core.package_identification:_identify(.) by extensions ['python_setup_py']
[0.138s] Level 1:colcon.colcon_core.package_identification:_identify(.) by extension 'python_setup_py'
[0.138s] Level 1:colcon.colcon_core.package_identification:_identify(build) by extensions ['ignore', 'ignore_ament_install']
[0.138s] Level 1:colcon.colcon_core.package_identification:_identify(build) by extension 'ignore'
[0.138s] Level 1:colcon.colcon_core.package_identification:_identify(build) ignored
[0.138s] Level 1:colcon.colcon_core.package_identification:_identify(install) by extensions ['ignore', 'ignore_ament_install']
[0.138s] Level 1:colcon.colcon_core.package_identification:_identify(install) by extension 'ignore'
[0.138s] Level 1:colcon.colcon_core.package_identification:_identify(install) ignored
[0.138s] Level 1:colcon.colcon_core.package_identification:_identify(log) by extensions ['ignore', 'ignore_ament_install']
[0.138s] Level 1:colcon.colcon_core.package_identification:_identify(log) by extension 'ignore'
[0.138s] Level 1:colcon.colcon_core.package_identification:_identify(log) ignored
[0.138s] Level 1:colcon.colcon_core.package_identification:_identify(src) by extensions ['ignore', 'ignore_ament_install']
[0.138s] Level 1:colcon.colcon_core.package_identification:_identify(src) by extension 'ignore'
[0.138s] Level 1:colcon.colcon_core.package_identification:_identify(src) by extension 'ignore_ament_install'
[0.138s] Level 1:colcon.colcon_core.package_identification:_identify(src) by extensions ['colcon_pkg']
[0.138s] Level 1:colcon.colcon_core.package_identification:_identify(src) by extension 'colcon_pkg'
[0.138s] Level 1:colcon.colcon_core.package_identification:_identify(src) by extensions ['colcon_meta']
[0.138s] Level 1:colcon.colcon_core.package_identification:_identify(src) by extension 'colcon_meta'
[0.138s] Level 1:colcon.colcon_core.package_identification:_identify(src) by extensions ['ros']
[0.138s] Level 1:colcon.colcon_core.package_identification:_identify(src) by extension 'ros'
[0.138s] Level 1:colcon.colcon_core.package_identification:_identify(src) by extensions ['cmake', 'python']
[0.138s] Level 1:colcon.colcon_core.package_identification:_identify(src) by extension 'cmake'
[0.138s] Level 1:colcon.colcon_core.package_identification:_identify(src) by extension 'python'
[0.138s] Level 1:colcon.colcon_core.package_identification:_identify(src) by extensions ['python_setup_py']
[0.138s] Level 1:colcon.colcon_core.package_identification:_identify(src) by extension 'python_setup_py'
[0.138s] Level 1:colcon.colcon_core.package_identification:_identify(src/ee_cs_265a) by extensions ['ignore', 'ignore_ament_install']
[0.138s] Level 1:colcon.colcon_core.package_identification:_identify(src/ee_cs_265a) by extension 'ignore'
[0.138s] Level 1:colcon.colcon_core.package_identification:_identify(src/ee_cs_265a) by extension 'ignore_ament_install'
[0.138s] Level 1:colcon.colcon_core.package_identification:_identify(src/ee_cs_265a) by extensions ['colcon_pkg']
[0.138s] Level 1:colcon.colcon_core.package_identification:_identify(src/ee_cs_265a) by extension 'colcon_pkg'
[0.138s] Level 1:colcon.colcon_core.package_identification:_identify(src/ee_cs_265a) by extensions ['colcon_meta']
[0.138s] Level 1:colcon.colcon_core.package_identification:_identify(src/ee_cs_265a) by extension 'colcon_meta'
[0.138s] Level 1:colcon.colcon_core.package_identification:_identify(src/ee_cs_265a) by extensions ['ros']
[0.138s] Level 1:colcon.colcon_core.package_identification:_identify(src/ee_cs_265a) by extension 'ros'
[0.140s] DEBUG:colcon.colcon_core.package_identification:Package 'src/ee_cs_265a' with type 'ros.ament_python' and name 'ee_cs_265a'
[0.140s] Level 1:colcon.colcon_core.package_identification:_identify(src/f1tenth_gazebo) by extensions ['ignore', 'ignore_ament_install']
[0.140s] Level 1:colcon.colcon_core.package_identification:_identify(src/f1tenth_gazebo) by extension 'ignore'
[0.140s] Level 1:colcon.colcon_core.package_identification:_identify(src/f1tenth_gazebo) by extension 'ignore_ament_install'
[0.140s] Level 1:colcon.colcon_core.package_identification:_identify(src/f1tenth_gazebo) by extensions ['colcon_pkg']
[0.140s] Level 1:colcon.colcon_core.package_identification:_identify(src/f1tenth_gazebo) by extension 'colcon_pkg'
[0.140s] Level 1:colcon.colcon_core.package_identification:_identify(src/f1tenth_gazebo) by extensions ['colcon_meta']
[0.140s] Level 1:colcon.colcon_core.package_identification:_identify(src/f1tenth_gazebo) by extension 'colcon_meta'
[0.140s] Level 1:colcon.colcon_core.package_identification:_identify(src/f1tenth_gazebo) by extensions ['ros']
[0.140s] Level 1:colcon.colcon_core.package_identification:_identify(src/f1tenth_gazebo) by extension 'ros'
[0.140s] DEBUG:colcon.colcon_core.package_identification:Package 'src/f1tenth_gazebo' with type 'ros.ament_python' and name 'f1tenth_gazebo'
[0.140s] Level 1:colcon.colcon_core.package_identification:_identify(src/f1tenth_gtc_tutorial) by extensions ['ignore', 'ignore_ament_install']
[0.141s] Level 1:colcon.colcon_core.package_identification:_identify(src/f1tenth_gtc_tutorial) by extension 'ignore'
[0.141s] Level 1:colcon.colcon_core.package_identification:_identify(src/f1tenth_gtc_tutorial) by extension 'ignore_ament_install'
[0.141s] Level 1:colcon.colcon_core.package_identification:_identify(src/f1tenth_gtc_tutorial) by extensions ['colcon_pkg']
[0.141s] Level 1:colcon.colcon_core.package_identification:_identify(src/f1tenth_gtc_tutorial) by extension 'colcon_pkg'
[0.141s] Level 1:colcon.colcon_core.package_identification:_identify(src/f1tenth_gtc_tutorial) by extensions ['colcon_meta']
[0.141s] Level 1:colcon.colcon_core.package_identification:_identify(src/f1tenth_gtc_tutorial) by extension 'colcon_meta'
[0.141s] Level 1:colcon.colcon_core.package_identification:_identify(src/f1tenth_gtc_tutorial) by extensions ['ros']
[0.141s] Level 1:colcon.colcon_core.package_identification:_identify(src/f1tenth_gtc_tutorial) by extension 'ros'
[0.141s] Level 1:colcon.colcon_core.package_identification:_identify(src/f1tenth_gtc_tutorial) by extensions ['cmake', 'python']
[0.141s] Level 1:colcon.colcon_core.package_identification:_identify(src/f1tenth_gtc_tutorial) by extension 'cmake'
[0.141s] Level 1:colcon.colcon_core.package_identification:_identify(src/f1tenth_gtc_tutorial) by extension 'python'
[0.141s] Level 1:colcon.colcon_core.package_identification:_identify(src/f1tenth_gtc_tutorial) by extensions ['python_setup_py']
[0.141s] Level 1:colcon.colcon_core.package_identification:_identify(src/f1tenth_gtc_tutorial) by extension 'python_setup_py'
[0.141s] Level 1:colcon.colcon_core.package_identification:_identify(src/f1tenth_gtc_tutorial/assets) by extensions ['ignore', 'ignore_ament_install']
[0.141s] Level 1:colcon.colcon_core.package_identification:_identify(src/f1tenth_gtc_tutorial/assets) by extension 'ignore'
[0.141s] Level 1:colcon.colcon_core.package_identification:_identify(src/f1tenth_gtc_tutorial/assets) by extension 'ignore_ament_install'
[0.141s] Level 1:colcon.colcon_core.package_identification:_identify(src/f1tenth_gtc_tutorial/assets) by extensions ['colcon_pkg']
[0.141s] Level 1:colcon.colcon_core.package_identification:_identify(src/f1tenth_gtc_tutorial/assets) by extension 'colcon_pkg'
[0.141s] Level 1:colcon.colcon_core.package_identification:_identify(src/f1tenth_gtc_tutorial/assets) by extensions ['colcon_meta']
[0.141s] Level 1:colcon.colcon_core.package_identification:_identify(src/f1tenth_gtc_tutorial/assets) by extension 'colcon_meta'
[0.141s] Level 1:colcon.colcon_core.package_identification:_identify(src/f1tenth_gtc_tutorial/assets) by extensions ['ros']
[0.141s] Level 1:colcon.colcon_core.package_identification:_identify(src/f1tenth_gtc_tutorial/assets) by extension 'ros'
[0.141s] Level 1:colcon.colcon_core.package_identification:_identify(src/f1tenth_gtc_tutorial/assets) by extensions ['cmake', 'python']
[0.141s] Level 1:colcon.colcon_core.package_identification:_identify(src/f1tenth_gtc_tutorial/assets) by extension 'cmake'
[0.141s] Level 1:colcon.colcon_core.package_identification:_identify(src/f1tenth_gtc_tutorial/assets) by extension 'python'
[0.141s] Level 1:colcon.colcon_core.package_identification:_identify(src/f1tenth_gtc_tutorial/assets) by extensions ['python_setup_py']
[0.141s] Level 1:colcon.colcon_core.package_identification:_identify(src/f1tenth_gtc_tutorial/assets) by extension 'python_setup_py'
[0.141s] Level 1:colcon.colcon_core.package_identification:_identify(src/f1tenth_gtc_tutorial/assets/images) by extensions ['ignore', 'ignore_ament_install']
[0.141s] Level 1:colcon.colcon_core.package_identification:_identify(src/f1tenth_gtc_tutorial/assets/images) by extension 'ignore'
[0.141s] Level 1:colcon.colcon_core.package_identification:_identify(src/f1tenth_gtc_tutorial/assets/images) by extension 'ignore_ament_install'
[0.141s] Level 1:colcon.colcon_core.package_identification:_identify(src/f1tenth_gtc_tutorial/assets/images) by extensions ['colcon_pkg']
[0.141s] Level 1:colcon.colcon_core.package_identification:_identify(src/f1tenth_gtc_tutorial/assets/images) by extension 'colcon_pkg'
[0.141s] Level 1:colcon.colcon_core.package_identification:_identify(src/f1tenth_gtc_tutorial/assets/images) by extensions ['colcon_meta']
[0.141s] Level 1:colcon.colcon_core.package_identification:_identify(src/f1tenth_gtc_tutorial/assets/images) by extension 'colcon_meta'
[0.141s] Level 1:colcon.colcon_core.package_identification:_identify(src/f1tenth_gtc_tutorial/assets/images) by extensions ['ros']
[0.141s] Level 1:colcon.colcon_core.package_identification:_identify(src/f1tenth_gtc_tutorial/assets/images) by extension 'ros'
[0.141s] Level 1:colcon.colcon_core.package_identification:_identify(src/f1tenth_gtc_tutorial/assets/images) by extensions ['cmake', 'python']
[0.141s] Level 1:colcon.colcon_core.package_identification:_identify(src/f1tenth_gtc_tutorial/assets/images) by extension 'cmake'
[0.141s] Level 1:colcon.colcon_core.package_identification:_identify(src/f1tenth_gtc_tutorial/assets/images) by extension 'python'
[0.141s] Level 1:colcon.colcon_core.package_identification:_identify(src/f1tenth_gtc_tutorial/assets/images) by extensions ['python_setup_py']
[0.141s] Level 1:colcon.colcon_core.package_identification:_identify(src/f1tenth_gtc_tutorial/assets/images) by extension 'python_setup_py'
[0.141s] Level 1:colcon.colcon_core.package_identification:_identify(src/f1tenth_gtc_tutorial/assets/loop) by extensions ['ignore', 'ignore_ament_install']
[0.141s] Level 1:colcon.colcon_core.package_identification:_identify(src/f1tenth_gtc_tutorial/assets/loop) by extension 'ignore'
[0.141s] Level 1:colcon.colcon_core.package_identification:_identify(src/f1tenth_gtc_tutorial/assets/loop) by extension 'ignore_ament_install'
[0.141s] Level 1:colcon.colcon_core.package_identification:_identify(src/f1tenth_gtc_tutorial/assets/loop) by extensions ['colcon_pkg']
[0.141s] Level 1:colcon.colcon_core.package_identification:_identify(src/f1tenth_gtc_tutorial/assets/loop) by extension 'colcon_pkg'
[0.141s] Level 1:colcon.colcon_core.package_identification:_identify(src/f1tenth_gtc_tutorial/assets/loop) by extensions ['colcon_meta']
[0.141s] Level 1:colcon.colcon_core.package_identification:_identify(src/f1tenth_gtc_tutorial/assets/loop) by extension 'colcon_meta'
[0.141s] Level 1:colcon.colcon_core.package_identification:_identify(src/f1tenth_gtc_tutorial/assets/loop) by extensions ['ros']
[0.141s] Level 1:colcon.colcon_core.package_identification:_identify(src/f1tenth_gtc_tutorial/assets/loop) by extension 'ros'
[0.141s] Level 1:colcon.colcon_core.package_identification:_identify(src/f1tenth_gtc_tutorial/assets/loop) by extensions ['cmake', 'python']
[0.141s] Level 1:colcon.colcon_core.package_identification:_identify(src/f1tenth_gtc_tutorial/assets/loop) by extension 'cmake'
[0.141s] Level 1:colcon.colcon_core.package_identification:_identify(src/f1tenth_gtc_tutorial/assets/loop) by extension 'python'
[0.141s] Level 1:colcon.colcon_core.package_identification:_identify(src/f1tenth_gtc_tutorial/assets/loop) by extensions ['python_setup_py']
[0.141s] Level 1:colcon.colcon_core.package_identification:_identify(src/f1tenth_gtc_tutorial/assets/loop) by extension 'python_setup_py'
[0.141s] Level 1:colcon.colcon_core.package_identification:_identify(src/f1tenth_gtc_tutorial/src) by extensions ['ignore', 'ignore_ament_install']
[0.142s] Level 1:colcon.colcon_core.package_identification:_identify(src/f1tenth_gtc_tutorial/src) by extension 'ignore'
[0.142s] Level 1:colcon.colcon_core.package_identification:_identify(src/f1tenth_gtc_tutorial/src) by extension 'ignore_ament_install'
[0.142s] Level 1:colcon.colcon_core.package_identification:_identify(src/f1tenth_gtc_tutorial/src) by extensions ['colcon_pkg']
[0.142s] Level 1:colcon.colcon_core.package_identification:_identify(src/f1tenth_gtc_tutorial/src) by extension 'colcon_pkg'
[0.142s] Level 1:colcon.colcon_core.package_identification:_identify(src/f1tenth_gtc_tutorial/src) by extensions ['colcon_meta']
[0.142s] Level 1:colcon.colcon_core.package_identification:_identify(src/f1tenth_gtc_tutorial/src) by extension 'colcon_meta'
[0.142s] Level 1:colcon.colcon_core.package_identification:_identify(src/f1tenth_gtc_tutorial/src) by extensions ['ros']
[0.142s] Level 1:colcon.colcon_core.package_identification:_identify(src/f1tenth_gtc_tutorial/src) by extension 'ros'
[0.142s] Level 1:colcon.colcon_core.package_identification:_identify(src/f1tenth_gtc_tutorial/src) by extensions ['cmake', 'python']
[0.142s] Level 1:colcon.colcon_core.package_identification:_identify(src/f1tenth_gtc_tutorial/src) by extension 'cmake'
[0.142s] Level 1:colcon.colcon_core.package_identification:_identify(src/f1tenth_gtc_tutorial/src) by extension 'python'
[0.142s] Level 1:colcon.colcon_core.package_identification:_identify(src/f1tenth_gtc_tutorial/src) by extensions ['python_setup_py']
[0.142s] Level 1:colcon.colcon_core.package_identification:_identify(src/f1tenth_gtc_tutorial/src) by extension 'python_setup_py'
[0.142s] Level 1:colcon.colcon_core.package_identification:_identify(src/f1tenth_gtc_tutorial/src/f1tenth) by extensions ['ignore', 'ignore_ament_install']
[0.142s] Level 1:colcon.colcon_core.package_identification:_identify(src/f1tenth_gtc_tutorial/src/f1tenth) by extension 'ignore'
[0.142s] Level 1:colcon.colcon_core.package_identification:_identify(src/f1tenth_gtc_tutorial/src/f1tenth) by extension 'ignore_ament_install'
[0.142s] Level 1:colcon.colcon_core.package_identification:_identify(src/f1tenth_gtc_tutorial/src/f1tenth) by extensions ['colcon_pkg']
[0.142s] Level 1:colcon.colcon_core.package_identification:_identify(src/f1tenth_gtc_tutorial/src/f1tenth) by extension 'colcon_pkg'
[0.142s] Level 1:colcon.colcon_core.package_identification:_identify(src/f1tenth_gtc_tutorial/src/f1tenth) by extensions ['colcon_meta']
[0.142s] Level 1:colcon.colcon_core.package_identification:_identify(src/f1tenth_gtc_tutorial/src/f1tenth) by extension 'colcon_meta'
[0.142s] Level 1:colcon.colcon_core.package_identification:_identify(src/f1tenth_gtc_tutorial/src/f1tenth) by extensions ['ros']
[0.142s] Level 1:colcon.colcon_core.package_identification:_identify(src/f1tenth_gtc_tutorial/src/f1tenth) by extension 'ros'
[0.142s] Level 1:colcon.colcon_core.package_identification:_identify(src/f1tenth_gtc_tutorial/src/f1tenth) by extensions ['cmake', 'python']
[0.142s] Level 1:colcon.colcon_core.package_identification:_identify(src/f1tenth_gtc_tutorial/src/f1tenth) by extension 'cmake'
[0.142s] Level 1:colcon.colcon_core.package_identification:_identify(src/f1tenth_gtc_tutorial/src/f1tenth) by extension 'python'
[0.142s] Level 1:colcon.colcon_core.package_identification:_identify(src/f1tenth_gtc_tutorial/src/f1tenth) by extensions ['python_setup_py']
[0.142s] Level 1:colcon.colcon_core.package_identification:_identify(src/f1tenth_gtc_tutorial/src/f1tenth) by extension 'python_setup_py'
[0.142s] Level 1:colcon.colcon_core.package_identification:_identify(src/f1tenth_gtc_tutorial/src/f1tenth/console) by extensions ['ignore', 'ignore_ament_install']
[0.142s] Level 1:colcon.colcon_core.package_identification:_identify(src/f1tenth_gtc_tutorial/src/f1tenth/console) by extension 'ignore'
[0.142s] Level 1:colcon.colcon_core.package_identification:_identify(src/f1tenth_gtc_tutorial/src/f1tenth/console) by extension 'ignore_ament_install'
[0.142s] Level 1:colcon.colcon_core.package_identification:_identify(src/f1tenth_gtc_tutorial/src/f1tenth/console) by extensions ['colcon_pkg']
[0.142s] Level 1:colcon.colcon_core.package_identification:_identify(src/f1tenth_gtc_tutorial/src/f1tenth/console) by extension 'colcon_pkg'
[0.142s] Level 1:colcon.colcon_core.package_identification:_identify(src/f1tenth_gtc_tutorial/src/f1tenth/console) by extensions ['colcon_meta']
[0.142s] Level 1:colcon.colcon_core.package_identification:_identify(src/f1tenth_gtc_tutorial/src/f1tenth/console) by extension 'colcon_meta'
[0.142s] Level 1:colcon.colcon_core.package_identification:_identify(src/f1tenth_gtc_tutorial/src/f1tenth/console) by extensions ['ros']
[0.142s] Level 1:colcon.colcon_core.package_identification:_identify(src/f1tenth_gtc_tutorial/src/f1tenth/console) by extension 'ros'
[0.143s] DEBUG:colcon.colcon_core.package_identification:Package 'src/f1tenth_gtc_tutorial/src/f1tenth/console' with type 'ros.catkin' and name 'console'
[0.143s] Level 1:colcon.colcon_core.package_identification:_identify(src/f1tenth_gtc_tutorial/src/f1tenth/platform) by extensions ['ignore', 'ignore_ament_install']
[0.143s] Level 1:colcon.colcon_core.package_identification:_identify(src/f1tenth_gtc_tutorial/src/f1tenth/platform) by extension 'ignore'
[0.143s] Level 1:colcon.colcon_core.package_identification:_identify(src/f1tenth_gtc_tutorial/src/f1tenth/platform) by extension 'ignore_ament_install'
[0.143s] Level 1:colcon.colcon_core.package_identification:_identify(src/f1tenth_gtc_tutorial/src/f1tenth/platform) by extensions ['colcon_pkg']
[0.143s] Level 1:colcon.colcon_core.package_identification:_identify(src/f1tenth_gtc_tutorial/src/f1tenth/platform) by extension 'colcon_pkg'
[0.143s] Level 1:colcon.colcon_core.package_identification:_identify(src/f1tenth_gtc_tutorial/src/f1tenth/platform) by extensions ['colcon_meta']
[0.143s] Level 1:colcon.colcon_core.package_identification:_identify(src/f1tenth_gtc_tutorial/src/f1tenth/platform) by extension 'colcon_meta'
[0.143s] Level 1:colcon.colcon_core.package_identification:_identify(src/f1tenth_gtc_tutorial/src/f1tenth/platform) by extensions ['ros']
[0.143s] Level 1:colcon.colcon_core.package_identification:_identify(src/f1tenth_gtc_tutorial/src/f1tenth/platform) by extension 'ros'
[0.143s] DEBUG:colcon.colcon_core.package_identification:Package 'src/f1tenth_gtc_tutorial/src/f1tenth/platform' with type 'ros.catkin' and name 'platform'
[0.143s] Level 1:colcon.colcon_core.package_identification:_identify(src/f1tenth_gtc_tutorial/src/f1tenth/virtual) by extensions ['ignore', 'ignore_ament_install']
[0.143s] Level 1:colcon.colcon_core.package_identification:_identify(src/f1tenth_gtc_tutorial/src/f1tenth/virtual) by extension 'ignore'
[0.143s] Level 1:colcon.colcon_core.package_identification:_identify(src/f1tenth_gtc_tutorial/src/f1tenth/virtual) by extension 'ignore_ament_install'
[0.143s] Level 1:colcon.colcon_core.package_identification:_identify(src/f1tenth_gtc_tutorial/src/f1tenth/virtual) by extensions ['colcon_pkg']
[0.143s] Level 1:colcon.colcon_core.package_identification:_identify(src/f1tenth_gtc_tutorial/src/f1tenth/virtual) by extension 'colcon_pkg'
[0.143s] Level 1:colcon.colcon_core.package_identification:_identify(src/f1tenth_gtc_tutorial/src/f1tenth/virtual) by extensions ['colcon_meta']
[0.143s] Level 1:colcon.colcon_core.package_identification:_identify(src/f1tenth_gtc_tutorial/src/f1tenth/virtual) by extension 'colcon_meta'
[0.143s] Level 1:colcon.colcon_core.package_identification:_identify(src/f1tenth_gtc_tutorial/src/f1tenth/virtual) by extensions ['ros']
[0.143s] Level 1:colcon.colcon_core.package_identification:_identify(src/f1tenth_gtc_tutorial/src/f1tenth/virtual) by extension 'ros'
[0.143s] Level 1:colcon.colcon_core.package_identification:_identify(src/f1tenth_gtc_tutorial/src/f1tenth/virtual) by extensions ['cmake', 'python']
[0.143s] Level 1:colcon.colcon_core.package_identification:_identify(src/f1tenth_gtc_tutorial/src/f1tenth/virtual) by extension 'cmake'
[0.143s] Level 1:colcon.colcon_core.package_identification:_identify(src/f1tenth_gtc_tutorial/src/f1tenth/virtual) by extension 'python'
[0.143s] Level 1:colcon.colcon_core.package_identification:_identify(src/f1tenth_gtc_tutorial/src/f1tenth/virtual) by extensions ['python_setup_py']
[0.143s] Level 1:colcon.colcon_core.package_identification:_identify(src/f1tenth_gtc_tutorial/src/f1tenth/virtual) by extension 'python_setup_py'
[0.143s] Level 1:colcon.colcon_core.package_identification:_identify(src/f1tenth_gtc_tutorial/src/f1tenth/virtual/dependencies) by extensions ['ignore', 'ignore_ament_install']
[0.143s] Level 1:colcon.colcon_core.package_identification:_identify(src/f1tenth_gtc_tutorial/src/f1tenth/virtual/dependencies) by extension 'ignore'
[0.143s] Level 1:colcon.colcon_core.package_identification:_identify(src/f1tenth_gtc_tutorial/src/f1tenth/virtual/dependencies) by extension 'ignore_ament_install'
[0.144s] Level 1:colcon.colcon_core.package_identification:_identify(src/f1tenth_gtc_tutorial/src/f1tenth/virtual/dependencies) by extensions ['colcon_pkg']
[0.144s] Level 1:colcon.colcon_core.package_identification:_identify(src/f1tenth_gtc_tutorial/src/f1tenth/virtual/dependencies) by extension 'colcon_pkg'
[0.144s] Level 1:colcon.colcon_core.package_identification:_identify(src/f1tenth_gtc_tutorial/src/f1tenth/virtual/dependencies) by extensions ['colcon_meta']
[0.144s] Level 1:colcon.colcon_core.package_identification:_identify(src/f1tenth_gtc_tutorial/src/f1tenth/virtual/dependencies) by extension 'colcon_meta'
[0.144s] Level 1:colcon.colcon_core.package_identification:_identify(src/f1tenth_gtc_tutorial/src/f1tenth/virtual/dependencies) by extensions ['ros']
[0.144s] Level 1:colcon.colcon_core.package_identification:_identify(src/f1tenth_gtc_tutorial/src/f1tenth/virtual/dependencies) by extension 'ros'
[0.144s] Level 1:colcon.colcon_core.package_identification:_identify(src/f1tenth_gtc_tutorial/src/f1tenth/virtual/dependencies) by extensions ['cmake', 'python']
[0.144s] Level 1:colcon.colcon_core.package_identification:_identify(src/f1tenth_gtc_tutorial/src/f1tenth/virtual/dependencies) by extension 'cmake'
[0.144s] Level 1:colcon.colcon_core.package_identification:_identify(src/f1tenth_gtc_tutorial/src/f1tenth/virtual/dependencies) by extension 'python'
[0.144s] Level 1:colcon.colcon_core.package_identification:_identify(src/f1tenth_gtc_tutorial/src/f1tenth/virtual/dependencies) by extensions ['python_setup_py']
[0.144s] Level 1:colcon.colcon_core.package_identification:_identify(src/f1tenth_gtc_tutorial/src/f1tenth/virtual/dependencies) by extension 'python_setup_py'
[0.144s] Level 1:colcon.colcon_core.package_identification:_identify(src/f1tenth_gtc_tutorial/src/f1tenth/virtual/dependencies/racecar_control) by extensions ['ignore', 'ignore_ament_install']
[0.144s] Level 1:colcon.colcon_core.package_identification:_identify(src/f1tenth_gtc_tutorial/src/f1tenth/virtual/dependencies/racecar_control) by extension 'ignore'
[0.144s] Level 1:colcon.colcon_core.package_identification:_identify(src/f1tenth_gtc_tutorial/src/f1tenth/virtual/dependencies/racecar_control) by extension 'ignore_ament_install'
[0.144s] Level 1:colcon.colcon_core.package_identification:_identify(src/f1tenth_gtc_tutorial/src/f1tenth/virtual/dependencies/racecar_control) by extensions ['colcon_pkg']
[0.144s] Level 1:colcon.colcon_core.package_identification:_identify(src/f1tenth_gtc_tutorial/src/f1tenth/virtual/dependencies/racecar_control) by extension 'colcon_pkg'
[0.144s] Level 1:colcon.colcon_core.package_identification:_identify(src/f1tenth_gtc_tutorial/src/f1tenth/virtual/dependencies/racecar_control) by extensions ['colcon_meta']
[0.144s] Level 1:colcon.colcon_core.package_identification:_identify(src/f1tenth_gtc_tutorial/src/f1tenth/virtual/dependencies/racecar_control) by extension 'colcon_meta'
[0.144s] Level 1:colcon.colcon_core.package_identification:_identify(src/f1tenth_gtc_tutorial/src/f1tenth/virtual/dependencies/racecar_control) by extensions ['ros']
[0.144s] Level 1:colcon.colcon_core.package_identification:_identify(src/f1tenth_gtc_tutorial/src/f1tenth/virtual/dependencies/racecar_control) by extension 'ros'
[0.144s] DEBUG:colcon.colcon_core.package_identification:Package 'src/f1tenth_gtc_tutorial/src/f1tenth/virtual/dependencies/racecar_control' with type 'ros.catkin' and name 'racecar_control'
[0.144s] Level 1:colcon.colcon_core.package_identification:_identify(src/f1tenth_gtc_tutorial/src/f1tenth/virtual/dependencies/racecar_description) by extensions ['ignore', 'ignore_ament_install']
[0.144s] Level 1:colcon.colcon_core.package_identification:_identify(src/f1tenth_gtc_tutorial/src/f1tenth/virtual/dependencies/racecar_description) by extension 'ignore'
[0.144s] Level 1:colcon.colcon_core.package_identification:_identify(src/f1tenth_gtc_tutorial/src/f1tenth/virtual/dependencies/racecar_description) by extension 'ignore_ament_install'
[0.144s] Level 1:colcon.colcon_core.package_identification:_identify(src/f1tenth_gtc_tutorial/src/f1tenth/virtual/dependencies/racecar_description) by extensions ['colcon_pkg']
[0.144s] Level 1:colcon.colcon_core.package_identification:_identify(src/f1tenth_gtc_tutorial/src/f1tenth/virtual/dependencies/racecar_description) by extension 'colcon_pkg'
[0.144s] Level 1:colcon.colcon_core.package_identification:_identify(src/f1tenth_gtc_tutorial/src/f1tenth/virtual/dependencies/racecar_description) by extensions ['colcon_meta']
[0.144s] Level 1:colcon.colcon_core.package_identification:_identify(src/f1tenth_gtc_tutorial/src/f1tenth/virtual/dependencies/racecar_description) by extension 'colcon_meta'
[0.144s] Level 1:colcon.colcon_core.package_identification:_identify(src/f1tenth_gtc_tutorial/src/f1tenth/virtual/dependencies/racecar_description) by extensions ['ros']
[0.144s] Level 1:colcon.colcon_core.package_identification:_identify(src/f1tenth_gtc_tutorial/src/f1tenth/virtual/dependencies/racecar_description) by extension 'ros'
[0.145s] DEBUG:colcon.colcon_core.package_identification:Package 'src/f1tenth_gtc_tutorial/src/f1tenth/virtual/dependencies/racecar_description' with type 'ros.catkin' and name 'racecar_description'
[0.145s] Level 1:colcon.colcon_core.package_identification:_identify(src/f1tenth_gtc_tutorial/src/f1tenth/virtual/dependencies/racecar_gazebo) by extensions ['ignore', 'ignore_ament_install']
[0.145s] Level 1:colcon.colcon_core.package_identification:_identify(src/f1tenth_gtc_tutorial/src/f1tenth/virtual/dependencies/racecar_gazebo) by extension 'ignore'
[0.145s] Level 1:colcon.colcon_core.package_identification:_identify(src/f1tenth_gtc_tutorial/src/f1tenth/virtual/dependencies/racecar_gazebo) by extension 'ignore_ament_install'
[0.145s] Level 1:colcon.colcon_core.package_identification:_identify(src/f1tenth_gtc_tutorial/src/f1tenth/virtual/dependencies/racecar_gazebo) by extensions ['colcon_pkg']
[0.145s] Level 1:colcon.colcon_core.package_identification:_identify(src/f1tenth_gtc_tutorial/src/f1tenth/virtual/dependencies/racecar_gazebo) by extension 'colcon_pkg'
[0.145s] Level 1:colcon.colcon_core.package_identification:_identify(src/f1tenth_gtc_tutorial/src/f1tenth/virtual/dependencies/racecar_gazebo) by extensions ['colcon_meta']
[0.145s] Level 1:colcon.colcon_core.package_identification:_identify(src/f1tenth_gtc_tutorial/src/f1tenth/virtual/dependencies/racecar_gazebo) by extension 'colcon_meta'
[0.145s] Level 1:colcon.colcon_core.package_identification:_identify(src/f1tenth_gtc_tutorial/src/f1tenth/virtual/dependencies/racecar_gazebo) by extensions ['ros']
[0.145s] Level 1:colcon.colcon_core.package_identification:_identify(src/f1tenth_gtc_tutorial/src/f1tenth/virtual/dependencies/racecar_gazebo) by extension 'ros'
[0.145s] DEBUG:colcon.colcon_core.package_identification:Package 'src/f1tenth_gtc_tutorial/src/f1tenth/virtual/dependencies/racecar_gazebo' with type 'ros.catkin' and name 'racecar_gazebo'
[0.145s] Level 1:colcon.colcon_core.package_identification:_identify(src/f1tenth_gtc_tutorial/src/f1tenth/virtual/simulator) by extensions ['ignore', 'ignore_ament_install']
[0.145s] Level 1:colcon.colcon_core.package_identification:_identify(src/f1tenth_gtc_tutorial/src/f1tenth/virtual/simulator) by extension 'ignore'
[0.145s] Level 1:colcon.colcon_core.package_identification:_identify(src/f1tenth_gtc_tutorial/src/f1tenth/virtual/simulator) by extension 'ignore_ament_install'
[0.146s] Level 1:colcon.colcon_core.package_identification:_identify(src/f1tenth_gtc_tutorial/src/f1tenth/virtual/simulator) by extensions ['colcon_pkg']
[0.146s] Level 1:colcon.colcon_core.package_identification:_identify(src/f1tenth_gtc_tutorial/src/f1tenth/virtual/simulator) by extension 'colcon_pkg'
[0.146s] Level 1:colcon.colcon_core.package_identification:_identify(src/f1tenth_gtc_tutorial/src/f1tenth/virtual/simulator) by extensions ['colcon_meta']
[0.146s] Level 1:colcon.colcon_core.package_identification:_identify(src/f1tenth_gtc_tutorial/src/f1tenth/virtual/simulator) by extension 'colcon_meta'
[0.146s] Level 1:colcon.colcon_core.package_identification:_identify(src/f1tenth_gtc_tutorial/src/f1tenth/virtual/simulator) by extensions ['ros']
[0.146s] Level 1:colcon.colcon_core.package_identification:_identify(src/f1tenth_gtc_tutorial/src/f1tenth/virtual/simulator) by extension 'ros'
[0.146s] DEBUG:colcon.colcon_core.package_identification:Package 'src/f1tenth_gtc_tutorial/src/f1tenth/virtual/simulator' with type 'ros.catkin' and name 'simulator'
[0.146s] Level 1:colcon.colcon_core.package_identification:_identify(src/f1tenth_gtc_tutorial/src/hector_slam) by extensions ['ignore', 'ignore_ament_install']
[0.146s] Level 1:colcon.colcon_core.package_identification:_identify(src/f1tenth_gtc_tutorial/src/hector_slam) by extension 'ignore'
[0.146s] Level 1:colcon.colcon_core.package_identification:_identify(src/f1tenth_gtc_tutorial/src/hector_slam) by extension 'ignore_ament_install'
[0.146s] Level 1:colcon.colcon_core.package_identification:_identify(src/f1tenth_gtc_tutorial/src/hector_slam) by extensions ['colcon_pkg']
[0.146s] Level 1:colcon.colcon_core.package_identification:_identify(src/f1tenth_gtc_tutorial/src/hector_slam) by extension 'colcon_pkg'
[0.146s] Level 1:colcon.colcon_core.package_identification:_identify(src/f1tenth_gtc_tutorial/src/hector_slam) by extensions ['colcon_meta']
[0.146s] Level 1:colcon.colcon_core.package_identification:_identify(src/f1tenth_gtc_tutorial/src/hector_slam) by extension 'colcon_meta'
[0.146s] Level 1:colcon.colcon_core.package_identification:_identify(src/f1tenth_gtc_tutorial/src/hector_slam) by extensions ['ros']
[0.146s] Level 1:colcon.colcon_core.package_identification:_identify(src/f1tenth_gtc_tutorial/src/hector_slam) by extension 'ros'
[0.146s] Level 1:colcon.colcon_core.package_identification:_identify(src/f1tenth_gtc_tutorial/src/hector_slam) by extensions ['cmake', 'python']
[0.146s] Level 1:colcon.colcon_core.package_identification:_identify(src/f1tenth_gtc_tutorial/src/hector_slam) by extension 'cmake'
[0.146s] Level 1:colcon.colcon_core.package_identification:_identify(src/f1tenth_gtc_tutorial/src/hector_slam) by extension 'python'
[0.146s] Level 1:colcon.colcon_core.package_identification:_identify(src/f1tenth_gtc_tutorial/src/hector_slam) by extensions ['python_setup_py']
[0.146s] Level 1:colcon.colcon_core.package_identification:_identify(src/f1tenth_gtc_tutorial/src/hector_slam) by extension 'python_setup_py'
[0.146s] Level 1:colcon.colcon_core.package_identification:_identify(src/f1tenth_gtc_tutorial/src/hector_slam/hector_compressed_map_transport) by extensions ['ignore', 'ignore_ament_install']
[0.146s] Level 1:colcon.colcon_core.package_identification:_identify(src/f1tenth_gtc_tutorial/src/hector_slam/hector_compressed_map_transport) by extension 'ignore'
[0.146s] Level 1:colcon.colcon_core.package_identification:_identify(src/f1tenth_gtc_tutorial/src/hector_slam/hector_compressed_map_transport) by extension 'ignore_ament_install'
[0.146s] Level 1:colcon.colcon_core.package_identification:_identify(src/f1tenth_gtc_tutorial/src/hector_slam/hector_compressed_map_transport) by extensions ['colcon_pkg']
[0.146s] Level 1:colcon.colcon_core.package_identification:_identify(src/f1tenth_gtc_tutorial/src/hector_slam/hector_compressed_map_transport) by extension 'colcon_pkg'
[0.146s] Level 1:colcon.colcon_core.package_identification:_identify(src/f1tenth_gtc_tutorial/src/hector_slam/hector_compressed_map_transport) by extensions ['colcon_meta']
[0.146s] Level 1:colcon.colcon_core.package_identification:_identify(src/f1tenth_gtc_tutorial/src/hector_slam/hector_compressed_map_transport) by extension 'colcon_meta'
[0.146s] Level 1:colcon.colcon_core.package_identification:_identify(src/f1tenth_gtc_tutorial/src/hector_slam/hector_compressed_map_transport) by extensions ['ros']
[0.146s] Level 1:colcon.colcon_core.package_identification:_identify(src/f1tenth_gtc_tutorial/src/hector_slam/hector_compressed_map_transport) by extension 'ros'
[0.147s] DEBUG:colcon.colcon_core.package_identification:Package 'src/f1tenth_gtc_tutorial/src/hector_slam/hector_compressed_map_transport' with type 'ros.catkin' and name 'hector_compressed_map_transport'
[0.147s] Level 1:colcon.colcon_core.package_identification:_identify(src/f1tenth_gtc_tutorial/src/hector_slam/hector_geotiff) by extensions ['ignore', 'ignore_ament_install']
[0.147s] Level 1:colcon.colcon_core.package_identification:_identify(src/f1tenth_gtc_tutorial/src/hector_slam/hector_geotiff) by extension 'ignore'
[0.147s] Level 1:colcon.colcon_core.package_identification:_identify(src/f1tenth_gtc_tutorial/src/hector_slam/hector_geotiff) by extension 'ignore_ament_install'
[0.147s] Level 1:colcon.colcon_core.package_identification:_identify(src/f1tenth_gtc_tutorial/src/hector_slam/hector_geotiff) by extensions ['colcon_pkg']
[0.147s] Level 1:colcon.colcon_core.package_identification:_identify(src/f1tenth_gtc_tutorial/src/hector_slam/hector_geotiff) by extension 'colcon_pkg'
[0.147s] Level 1:colcon.colcon_core.package_identification:_identify(src/f1tenth_gtc_tutorial/src/hector_slam/hector_geotiff) by extensions ['colcon_meta']
[0.147s] Level 1:colcon.colcon_core.package_identification:_identify(src/f1tenth_gtc_tutorial/src/hector_slam/hector_geotiff) by extension 'colcon_meta'
[0.147s] Level 1:colcon.colcon_core.package_identification:_identify(src/f1tenth_gtc_tutorial/src/hector_slam/hector_geotiff) by extensions ['ros']
[0.147s] Level 1:colcon.colcon_core.package_identification:_identify(src/f1tenth_gtc_tutorial/src/hector_slam/hector_geotiff) by extension 'ros'
[0.147s] DEBUG:colcon.colcon_core.package_identification:Package 'src/f1tenth_gtc_tutorial/src/hector_slam/hector_geotiff' with type 'ros.catkin' and name 'hector_geotiff'
[0.147s] Level 1:colcon.colcon_core.package_identification:_identify(src/f1tenth_gtc_tutorial/src/hector_slam/hector_geotiff_plugins) by extensions ['ignore', 'ignore_ament_install']
[0.147s] Level 1:colcon.colcon_core.package_identification:_identify(src/f1tenth_gtc_tutorial/src/hector_slam/hector_geotiff_plugins) by extension 'ignore'
[0.147s] Level 1:colcon.colcon_core.package_identification:_identify(src/f1tenth_gtc_tutorial/src/hector_slam/hector_geotiff_plugins) by extension 'ignore_ament_install'
[0.148s] Level 1:colcon.colcon_core.package_identification:_identify(src/f1tenth_gtc_tutorial/src/hector_slam/hector_geotiff_plugins) by extensions ['colcon_pkg']
[0.148s] Level 1:colcon.colcon_core.package_identification:_identify(src/f1tenth_gtc_tutorial/src/hector_slam/hector_geotiff_plugins) by extension 'colcon_pkg'
[0.148s] Level 1:colcon.colcon_core.package_identification:_identify(src/f1tenth_gtc_tutorial/src/hector_slam/hector_geotiff_plugins) by extensions ['colcon_meta']
[0.148s] Level 1:colcon.colcon_core.package_identification:_identify(src/f1tenth_gtc_tutorial/src/hector_slam/hector_geotiff_plugins) by extension 'colcon_meta'
[0.148s] Level 1:colcon.colcon_core.package_identification:_identify(src/f1tenth_gtc_tutorial/src/hector_slam/hector_geotiff_plugins) by extensions ['ros']
[0.148s] Level 1:colcon.colcon_core.package_identification:_identify(src/f1tenth_gtc_tutorial/src/hector_slam/hector_geotiff_plugins) by extension 'ros'
[0.148s] DEBUG:colcon.colcon_core.package_identification:Package 'src/f1tenth_gtc_tutorial/src/hector_slam/hector_geotiff_plugins' with type 'ros.catkin' and name 'hector_geotiff_plugins'
[0.148s] Level 1:colcon.colcon_core.package_identification:_identify(src/f1tenth_gtc_tutorial/src/hector_slam/hector_imu_attitude_to_tf) by extensions ['ignore', 'ignore_ament_install']
[0.148s] Level 1:colcon.colcon_core.package_identification:_identify(src/f1tenth_gtc_tutorial/src/hector_slam/hector_imu_attitude_to_tf) by extension 'ignore'
[0.148s] Level 1:colcon.colcon_core.package_identification:_identify(src/f1tenth_gtc_tutorial/src/hector_slam/hector_imu_attitude_to_tf) by extension 'ignore_ament_install'
[0.148s] Level 1:colcon.colcon_core.package_identification:_identify(src/f1tenth_gtc_tutorial/src/hector_slam/hector_imu_attitude_to_tf) by extensions ['colcon_pkg']
[0.148s] Level 1:colcon.colcon_core.package_identification:_identify(src/f1tenth_gtc_tutorial/src/hector_slam/hector_imu_attitude_to_tf) by extension 'colcon_pkg'
[0.148s] Level 1:colcon.colcon_core.package_identification:_identify(src/f1tenth_gtc_tutorial/src/hector_slam/hector_imu_attitude_to_tf) by extensions ['colcon_meta']
[0.148s] Level 1:colcon.colcon_core.package_identification:_identify(src/f1tenth_gtc_tutorial/src/hector_slam/hector_imu_attitude_to_tf) by extension 'colcon_meta'
[0.148s] Level 1:colcon.colcon_core.package_identification:_identify(src/f1tenth_gtc_tutorial/src/hector_slam/hector_imu_attitude_to_tf) by extensions ['ros']
[0.148s] Level 1:colcon.colcon_core.package_identification:_identify(src/f1tenth_gtc_tutorial/src/hector_slam/hector_imu_attitude_to_tf) by extension 'ros'
[0.148s] DEBUG:colcon.colcon_core.package_identification:Package 'src/f1tenth_gtc_tutorial/src/hector_slam/hector_imu_attitude_to_tf' with type 'ros.catkin' and name 'hector_imu_attitude_to_tf'
[0.149s] Level 1:colcon.colcon_core.package_identification:_identify(src/f1tenth_gtc_tutorial/src/hector_slam/hector_imu_tools) by extensions ['ignore', 'ignore_ament_install']
[0.149s] Level 1:colcon.colcon_core.package_identification:_identify(src/f1tenth_gtc_tutorial/src/hector_slam/hector_imu_tools) by extension 'ignore'
[0.149s] Level 1:colcon.colcon_core.package_identification:_identify(src/f1tenth_gtc_tutorial/src/hector_slam/hector_imu_tools) by extension 'ignore_ament_install'
[0.149s] Level 1:colcon.colcon_core.package_identification:_identify(src/f1tenth_gtc_tutorial/src/hector_slam/hector_imu_tools) by extensions ['colcon_pkg']
[0.149s] Level 1:colcon.colcon_core.package_identification:_identify(src/f1tenth_gtc_tutorial/src/hector_slam/hector_imu_tools) by extension 'colcon_pkg'
[0.149s] Level 1:colcon.colcon_core.package_identification:_identify(src/f1tenth_gtc_tutorial/src/hector_slam/hector_imu_tools) by extensions ['colcon_meta']
[0.149s] Level 1:colcon.colcon_core.package_identification:_identify(src/f1tenth_gtc_tutorial/src/hector_slam/hector_imu_tools) by extension 'colcon_meta'
[0.149s] Level 1:colcon.colcon_core.package_identification:_identify(src/f1tenth_gtc_tutorial/src/hector_slam/hector_imu_tools) by extensions ['ros']
[0.149s] Level 1:colcon.colcon_core.package_identification:_identify(src/f1tenth_gtc_tutorial/src/hector_slam/hector_imu_tools) by extension 'ros'
[0.149s] DEBUG:colcon.colcon_core.package_identification:Package 'src/f1tenth_gtc_tutorial/src/hector_slam/hector_imu_tools' with type 'ros.catkin' and name 'hector_imu_tools'
[0.149s] Level 1:colcon.colcon_core.package_identification:_identify(src/f1tenth_gtc_tutorial/src/hector_slam/hector_map_server) by extensions ['ignore', 'ignore_ament_install']
[0.149s] Level 1:colcon.colcon_core.package_identification:_identify(src/f1tenth_gtc_tutorial/src/hector_slam/hector_map_server) by extension 'ignore'
[0.149s] Level 1:colcon.colcon_core.package_identification:_identify(src/f1tenth_gtc_tutorial/src/hector_slam/hector_map_server) by extension 'ignore_ament_install'
[0.149s] Level 1:colcon.colcon_core.package_identification:_identify(src/f1tenth_gtc_tutorial/src/hector_slam/hector_map_server) by extensions ['colcon_pkg']
[0.149s] Level 1:colcon.colcon_core.package_identification:_identify(src/f1tenth_gtc_tutorial/src/hector_slam/hector_map_server) by extension 'colcon_pkg'
[0.149s] Level 1:colcon.colcon_core.package_identification:_identify(src/f1tenth_gtc_tutorial/src/hector_slam/hector_map_server) by extensions ['colcon_meta']
[0.149s] Level 1:colcon.colcon_core.package_identification:_identify(src/f1tenth_gtc_tutorial/src/hector_slam/hector_map_server) by extension 'colcon_meta'
[0.149s] Level 1:colcon.colcon_core.package_identification:_identify(src/f1tenth_gtc_tutorial/src/hector_slam/hector_map_server) by extensions ['ros']
[0.149s] Level 1:colcon.colcon_core.package_identification:_identify(src/f1tenth_gtc_tutorial/src/hector_slam/hector_map_server) by extension 'ros'
[0.150s] DEBUG:colcon.colcon_core.package_identification:Package 'src/f1tenth_gtc_tutorial/src/hector_slam/hector_map_server' with type 'ros.catkin' and name 'hector_map_server'
[0.150s] Level 1:colcon.colcon_core.package_identification:_identify(src/f1tenth_gtc_tutorial/src/hector_slam/hector_map_tools) by extensions ['ignore', 'ignore_ament_install']
[0.150s] Level 1:colcon.colcon_core.package_identification:_identify(src/f1tenth_gtc_tutorial/src/hector_slam/hector_map_tools) by extension 'ignore'
[0.150s] Level 1:colcon.colcon_core.package_identification:_identify(src/f1tenth_gtc_tutorial/src/hector_slam/hector_map_tools) by extension 'ignore_ament_install'
[0.150s] Level 1:colcon.colcon_core.package_identification:_identify(src/f1tenth_gtc_tutorial/src/hector_slam/hector_map_tools) by extensions ['colcon_pkg']
[0.150s] Level 1:colcon.colcon_core.package_identification:_identify(src/f1tenth_gtc_tutorial/src/hector_slam/hector_map_tools) by extension 'colcon_pkg'
[0.150s] Level 1:colcon.colcon_core.package_identification:_identify(src/f1tenth_gtc_tutorial/src/hector_slam/hector_map_tools) by extensions ['colcon_meta']
[0.150s] Level 1:colcon.colcon_core.package_identification:_identify(src/f1tenth_gtc_tutorial/src/hector_slam/hector_map_tools) by extension 'colcon_meta'
[0.150s] Level 1:colcon.colcon_core.package_identification:_identify(src/f1tenth_gtc_tutorial/src/hector_slam/hector_map_tools) by extensions ['ros']
[0.150s] Level 1:colcon.colcon_core.package_identification:_identify(src/f1tenth_gtc_tutorial/src/hector_slam/hector_map_tools) by extension 'ros'
[0.150s] DEBUG:colcon.colcon_core.package_identification:Package 'src/f1tenth_gtc_tutorial/src/hector_slam/hector_map_tools' with type 'ros.catkin' and name 'hector_map_tools'
[0.150s] Level 1:colcon.colcon_core.package_identification:_identify(src/f1tenth_gtc_tutorial/src/hector_slam/hector_mapping) by extensions ['ignore', 'ignore_ament_install']
[0.150s] Level 1:colcon.colcon_core.package_identification:_identify(src/f1tenth_gtc_tutorial/src/hector_slam/hector_mapping) by extension 'ignore'
[0.150s] Level 1:colcon.colcon_core.package_identification:_identify(src/f1tenth_gtc_tutorial/src/hector_slam/hector_mapping) by extension 'ignore_ament_install'
[0.150s] Level 1:colcon.colcon_core.package_identification:_identify(src/f1tenth_gtc_tutorial/src/hector_slam/hector_mapping) by extensions ['colcon_pkg']
[0.150s] Level 1:colcon.colcon_core.package_identification:_identify(src/f1tenth_gtc_tutorial/src/hector_slam/hector_mapping) by extension 'colcon_pkg'
[0.150s] Level 1:colcon.colcon_core.package_identification:_identify(src/f1tenth_gtc_tutorial/src/hector_slam/hector_mapping) by extensions ['colcon_meta']
[0.150s] Level 1:colcon.colcon_core.package_identification:_identify(src/f1tenth_gtc_tutorial/src/hector_slam/hector_mapping) by extension 'colcon_meta'
[0.150s] Level 1:colcon.colcon_core.package_identification:_identify(src/f1tenth_gtc_tutorial/src/hector_slam/hector_mapping) by extensions ['ros']
[0.150s] Level 1:colcon.colcon_core.package_identification:_identify(src/f1tenth_gtc_tutorial/src/hector_slam/hector_mapping) by extension 'ros'
[0.151s] DEBUG:colcon.colcon_core.package_identification:Package 'src/f1tenth_gtc_tutorial/src/hector_slam/hector_mapping' with type 'ros.catkin' and name 'hector_mapping'
[0.151s] Level 1:colcon.colcon_core.package_identification:_identify(src/f1tenth_gtc_tutorial/src/hector_slam/hector_marker_drawing) by extensions ['ignore', 'ignore_ament_install']
[0.151s] Level 1:colcon.colcon_core.package_identification:_identify(src/f1tenth_gtc_tutorial/src/hector_slam/hector_marker_drawing) by extension 'ignore'
[0.151s] Level 1:colcon.colcon_core.package_identification:_identify(src/f1tenth_gtc_tutorial/src/hector_slam/hector_marker_drawing) by extension 'ignore_ament_install'
[0.151s] Level 1:colcon.colcon_core.package_identification:_identify(src/f1tenth_gtc_tutorial/src/hector_slam/hector_marker_drawing) by extensions ['colcon_pkg']
[0.151s] Level 1:colcon.colcon_core.package_identification:_identify(src/f1tenth_gtc_tutorial/src/hector_slam/hector_marker_drawing) by extension 'colcon_pkg'
[0.151s] Level 1:colcon.colcon_core.package_identification:_identify(src/f1tenth_gtc_tutorial/src/hector_slam/hector_marker_drawing) by extensions ['colcon_meta']
[0.151s] Level 1:colcon.colcon_core.package_identification:_identify(src/f1tenth_gtc_tutorial/src/hector_slam/hector_marker_drawing) by extension 'colcon_meta'
[0.151s] Level 1:colcon.colcon_core.package_identification:_identify(src/f1tenth_gtc_tutorial/src/hector_slam/hector_marker_drawing) by extensions ['ros']
[0.151s] Level 1:colcon.colcon_core.package_identification:_identify(src/f1tenth_gtc_tutorial/src/hector_slam/hector_marker_drawing) by extension 'ros'
[0.151s] DEBUG:colcon.colcon_core.package_identification:Package 'src/f1tenth_gtc_tutorial/src/hector_slam/hector_marker_drawing' with type 'ros.catkin' and name 'hector_marker_drawing'
[0.151s] Level 1:colcon.colcon_core.package_identification:_identify(src/f1tenth_gtc_tutorial/src/hector_slam/hector_nav_msgs) by extensions ['ignore', 'ignore_ament_install']
[0.151s] Level 1:colcon.colcon_core.package_identification:_identify(src/f1tenth_gtc_tutorial/src/hector_slam/hector_nav_msgs) by extension 'ignore'
[0.151s] Level 1:colcon.colcon_core.package_identification:_identify(src/f1tenth_gtc_tutorial/src/hector_slam/hector_nav_msgs) by extension 'ignore_ament_install'
[0.151s] Level 1:colcon.colcon_core.package_identification:_identify(src/f1tenth_gtc_tutorial/src/hector_slam/hector_nav_msgs) by extensions ['colcon_pkg']
[0.151s] Level 1:colcon.colcon_core.package_identification:_identify(src/f1tenth_gtc_tutorial/src/hector_slam/hector_nav_msgs) by extension 'colcon_pkg'
[0.151s] Level 1:colcon.colcon_core.package_identification:_identify(src/f1tenth_gtc_tutorial/src/hector_slam/hector_nav_msgs) by extensions ['colcon_meta']
[0.151s] Level 1:colcon.colcon_core.package_identification:_identify(src/f1tenth_gtc_tutorial/src/hector_slam/hector_nav_msgs) by extension 'colcon_meta'
[0.151s] Level 1:colcon.colcon_core.package_identification:_identify(src/f1tenth_gtc_tutorial/src/hector_slam/hector_nav_msgs) by extensions ['ros']
[0.151s] Level 1:colcon.colcon_core.package_identification:_identify(src/f1tenth_gtc_tutorial/src/hector_slam/hector_nav_msgs) by extension 'ros'
[0.152s] DEBUG:colcon.colcon_core.package_identification:Package 'src/f1tenth_gtc_tutorial/src/hector_slam/hector_nav_msgs' with type 'ros.catkin' and name 'hector_nav_msgs'
[0.152s] Level 1:colcon.colcon_core.package_identification:_identify(src/f1tenth_gtc_tutorial/src/hector_slam/hector_slam) by extensions ['ignore', 'ignore_ament_install']
[0.152s] Level 1:colcon.colcon_core.package_identification:_identify(src/f1tenth_gtc_tutorial/src/hector_slam/hector_slam) by extension 'ignore'
[0.152s] Level 1:colcon.colcon_core.package_identification:_identify(src/f1tenth_gtc_tutorial/src/hector_slam/hector_slam) by extension 'ignore_ament_install'
[0.152s] Level 1:colcon.colcon_core.package_identification:_identify(src/f1tenth_gtc_tutorial/src/hector_slam/hector_slam) by extensions ['colcon_pkg']
[0.152s] Level 1:colcon.colcon_core.package_identification:_identify(src/f1tenth_gtc_tutorial/src/hector_slam/hector_slam) by extension 'colcon_pkg'
[0.152s] Level 1:colcon.colcon_core.package_identification:_identify(src/f1tenth_gtc_tutorial/src/hector_slam/hector_slam) by extensions ['colcon_meta']
[0.152s] Level 1:colcon.colcon_core.package_identification:_identify(src/f1tenth_gtc_tutorial/src/hector_slam/hector_slam) by extension 'colcon_meta'
[0.152s] Level 1:colcon.colcon_core.package_identification:_identify(src/f1tenth_gtc_tutorial/src/hector_slam/hector_slam) by extensions ['ros']
[0.152s] Level 1:colcon.colcon_core.package_identification:_identify(src/f1tenth_gtc_tutorial/src/hector_slam/hector_slam) by extension 'ros'
[0.152s] DEBUG:colcon.colcon_core.package_identification:Package 'src/f1tenth_gtc_tutorial/src/hector_slam/hector_slam' with type 'ros.catkin' and name 'hector_slam'
[0.153s] Level 1:colcon.colcon_core.package_identification:_identify(src/f1tenth_gtc_tutorial/src/hector_slam/hector_slam_launch) by extensions ['ignore', 'ignore_ament_install']
[0.153s] Level 1:colcon.colcon_core.package_identification:_identify(src/f1tenth_gtc_tutorial/src/hector_slam/hector_slam_launch) by extension 'ignore'
[0.153s] Level 1:colcon.colcon_core.package_identification:_identify(src/f1tenth_gtc_tutorial/src/hector_slam/hector_slam_launch) by extension 'ignore_ament_install'
[0.153s] Level 1:colcon.colcon_core.package_identification:_identify(src/f1tenth_gtc_tutorial/src/hector_slam/hector_slam_launch) by extensions ['colcon_pkg']
[0.153s] Level 1:colcon.colcon_core.package_identification:_identify(src/f1tenth_gtc_tutorial/src/hector_slam/hector_slam_launch) by extension 'colcon_pkg'
[0.153s] Level 1:colcon.colcon_core.package_identification:_identify(src/f1tenth_gtc_tutorial/src/hector_slam/hector_slam_launch) by extensions ['colcon_meta']
[0.153s] Level 1:colcon.colcon_core.package_identification:_identify(src/f1tenth_gtc_tutorial/src/hector_slam/hector_slam_launch) by extension 'colcon_meta'
[0.153s] Level 1:colcon.colcon_core.package_identification:_identify(src/f1tenth_gtc_tutorial/src/hector_slam/hector_slam_launch) by extensions ['ros']
[0.153s] Level 1:colcon.colcon_core.package_identification:_identify(src/f1tenth_gtc_tutorial/src/hector_slam/hector_slam_launch) by extension 'ros'
[0.153s] DEBUG:colcon.colcon_core.package_identification:Package 'src/f1tenth_gtc_tutorial/src/hector_slam/hector_slam_launch' with type 'ros.catkin' and name 'hector_slam_launch'
[0.153s] Level 1:colcon.colcon_core.package_identification:_identify(src/f1tenth_gtc_tutorial/src/hector_slam/hector_trajectory_server) by extensions ['ignore', 'ignore_ament_install']
[0.153s] Level 1:colcon.colcon_core.package_identification:_identify(src/f1tenth_gtc_tutorial/src/hector_slam/hector_trajectory_server) by extension 'ignore'
[0.153s] Level 1:colcon.colcon_core.package_identification:_identify(src/f1tenth_gtc_tutorial/src/hector_slam/hector_trajectory_server) by extension 'ignore_ament_install'
[0.153s] Level 1:colcon.colcon_core.package_identification:_identify(src/f1tenth_gtc_tutorial/src/hector_slam/hector_trajectory_server) by extensions ['colcon_pkg']
[0.153s] Level 1:colcon.colcon_core.package_identification:_identify(src/f1tenth_gtc_tutorial/src/hector_slam/hector_trajectory_server) by extension 'colcon_pkg'
[0.153s] Level 1:colcon.colcon_core.package_identification:_identify(src/f1tenth_gtc_tutorial/src/hector_slam/hector_trajectory_server) by extensions ['colcon_meta']
[0.153s] Level 1:colcon.colcon_core.package_identification:_identify(src/f1tenth_gtc_tutorial/src/hector_slam/hector_trajectory_server) by extension 'colcon_meta'
[0.153s] Level 1:colcon.colcon_core.package_identification:_identify(src/f1tenth_gtc_tutorial/src/hector_slam/hector_trajectory_server) by extensions ['ros']
[0.153s] Level 1:colcon.colcon_core.package_identification:_identify(src/f1tenth_gtc_tutorial/src/hector_slam/hector_trajectory_server) by extension 'ros'
[0.154s] DEBUG:colcon.colcon_core.package_identification:Package 'src/f1tenth_gtc_tutorial/src/hector_slam/hector_trajectory_server' with type 'ros.catkin' and name 'hector_trajectory_server'
[0.154s] Level 1:colcon.colcon_core.package_identification:_identify(src/f1tenth_gtc_tutorial/src/vesc) by extensions ['ignore', 'ignore_ament_install']
[0.154s] Level 1:colcon.colcon_core.package_identification:_identify(src/f1tenth_gtc_tutorial/src/vesc) by extension 'ignore'
[0.154s] Level 1:colcon.colcon_core.package_identification:_identify(src/f1tenth_gtc_tutorial/src/vesc) by extension 'ignore_ament_install'
[0.154s] Level 1:colcon.colcon_core.package_identification:_identify(src/f1tenth_gtc_tutorial/src/vesc) by extensions ['colcon_pkg']
[0.154s] Level 1:colcon.colcon_core.package_identification:_identify(src/f1tenth_gtc_tutorial/src/vesc) by extension 'colcon_pkg'
[0.154s] Level 1:colcon.colcon_core.package_identification:_identify(src/f1tenth_gtc_tutorial/src/vesc) by extensions ['colcon_meta']
[0.154s] Level 1:colcon.colcon_core.package_identification:_identify(src/f1tenth_gtc_tutorial/src/vesc) by extension 'colcon_meta'
[0.154s] Level 1:colcon.colcon_core.package_identification:_identify(src/f1tenth_gtc_tutorial/src/vesc) by extensions ['ros']
[0.154s] Level 1:colcon.colcon_core.package_identification:_identify(src/f1tenth_gtc_tutorial/src/vesc) by extension 'ros'
[0.154s] Level 1:colcon.colcon_core.package_identification:_identify(src/f1tenth_gtc_tutorial/src/vesc) by extensions ['cmake', 'python']
[0.154s] Level 1:colcon.colcon_core.package_identification:_identify(src/f1tenth_gtc_tutorial/src/vesc) by extension 'cmake'
[0.154s] Level 1:colcon.colcon_core.package_identification:_identify(src/f1tenth_gtc_tutorial/src/vesc) by extension 'python'
[0.154s] Level 1:colcon.colcon_core.package_identification:_identify(src/f1tenth_gtc_tutorial/src/vesc) by extensions ['python_setup_py']
[0.154s] Level 1:colcon.colcon_core.package_identification:_identify(src/f1tenth_gtc_tutorial/src/vesc) by extension 'python_setup_py'
[0.154s] Level 1:colcon.colcon_core.package_identification:_identify(src/f1tenth_gtc_tutorial/src/vesc/vesc) by extensions ['ignore', 'ignore_ament_install']
[0.154s] Level 1:colcon.colcon_core.package_identification:_identify(src/f1tenth_gtc_tutorial/src/vesc/vesc) by extension 'ignore'
[0.154s] Level 1:colcon.colcon_core.package_identification:_identify(src/f1tenth_gtc_tutorial/src/vesc/vesc) by extension 'ignore_ament_install'
[0.154s] Level 1:colcon.colcon_core.package_identification:_identify(src/f1tenth_gtc_tutorial/src/vesc/vesc) by extensions ['colcon_pkg']
[0.154s] Level 1:colcon.colcon_core.package_identification:_identify(src/f1tenth_gtc_tutorial/src/vesc/vesc) by extension 'colcon_pkg'
[0.154s] Level 1:colcon.colcon_core.package_identification:_identify(src/f1tenth_gtc_tutorial/src/vesc/vesc) by extensions ['colcon_meta']
[0.154s] Level 1:colcon.colcon_core.package_identification:_identify(src/f1tenth_gtc_tutorial/src/vesc/vesc) by extension 'colcon_meta'
[0.154s] Level 1:colcon.colcon_core.package_identification:_identify(src/f1tenth_gtc_tutorial/src/vesc/vesc) by extensions ['ros']
[0.154s] Level 1:colcon.colcon_core.package_identification:_identify(src/f1tenth_gtc_tutorial/src/vesc/vesc) by extension 'ros'
[0.154s] DEBUG:colcon.colcon_core.package_identification:Package 'src/f1tenth_gtc_tutorial/src/vesc/vesc' with type 'ros.catkin' and name 'vesc'
[0.155s] Level 1:colcon.colcon_core.package_identification:_identify(src/f1tenth_gtc_tutorial/src/vesc/vesc_ackermann) by extensions ['ignore', 'ignore_ament_install']
[0.155s] Level 1:colcon.colcon_core.package_identification:_identify(src/f1tenth_gtc_tutorial/src/vesc/vesc_ackermann) by extension 'ignore'
[0.155s] Level 1:colcon.colcon_core.package_identification:_identify(src/f1tenth_gtc_tutorial/src/vesc/vesc_ackermann) by extension 'ignore_ament_install'
[0.155s] Level 1:colcon.colcon_core.package_identification:_identify(src/f1tenth_gtc_tutorial/src/vesc/vesc_ackermann) by extensions ['colcon_pkg']
[0.155s] Level 1:colcon.colcon_core.package_identification:_identify(src/f1tenth_gtc_tutorial/src/vesc/vesc_ackermann) by extension 'colcon_pkg'
[0.155s] Level 1:colcon.colcon_core.package_identification:_identify(src/f1tenth_gtc_tutorial/src/vesc/vesc_ackermann) by extensions ['colcon_meta']
[0.155s] Level 1:colcon.colcon_core.package_identification:_identify(src/f1tenth_gtc_tutorial/src/vesc/vesc_ackermann) by extension 'colcon_meta'
[0.155s] Level 1:colcon.colcon_core.package_identification:_identify(src/f1tenth_gtc_tutorial/src/vesc/vesc_ackermann) by extensions ['ros']
[0.155s] Level 1:colcon.colcon_core.package_identification:_identify(src/f1tenth_gtc_tutorial/src/vesc/vesc_ackermann) by extension 'ros'
[0.155s] DEBUG:colcon.colcon_core.package_identification:Package 'src/f1tenth_gtc_tutorial/src/vesc/vesc_ackermann' with type 'ros.catkin' and name 'vesc_ackermann'
[0.155s] Level 1:colcon.colcon_core.package_identification:_identify(src/f1tenth_gtc_tutorial/src/vesc/vesc_driver) by extensions ['ignore', 'ignore_ament_install']
[0.155s] Level 1:colcon.colcon_core.package_identification:_identify(src/f1tenth_gtc_tutorial/src/vesc/vesc_driver) by extension 'ignore'
[0.155s] Level 1:colcon.colcon_core.package_identification:_identify(src/f1tenth_gtc_tutorial/src/vesc/vesc_driver) by extension 'ignore_ament_install'
[0.155s] Level 1:colcon.colcon_core.package_identification:_identify(src/f1tenth_gtc_tutorial/src/vesc/vesc_driver) by extensions ['colcon_pkg']
[0.155s] Level 1:colcon.colcon_core.package_identification:_identify(src/f1tenth_gtc_tutorial/src/vesc/vesc_driver) by extension 'colcon_pkg'
[0.155s] Level 1:colcon.colcon_core.package_identification:_identify(src/f1tenth_gtc_tutorial/src/vesc/vesc_driver) by extensions ['colcon_meta']
[0.155s] Level 1:colcon.colcon_core.package_identification:_identify(src/f1tenth_gtc_tutorial/src/vesc/vesc_driver) by extension 'colcon_meta'
[0.155s] Level 1:colcon.colcon_core.package_identification:_identify(src/f1tenth_gtc_tutorial/src/vesc/vesc_driver) by extensions ['ros']
[0.155s] Level 1:colcon.colcon_core.package_identification:_identify(src/f1tenth_gtc_tutorial/src/vesc/vesc_driver) by extension 'ros'
[0.156s] DEBUG:colcon.colcon_core.package_identification:Package 'src/f1tenth_gtc_tutorial/src/vesc/vesc_driver' with type 'ros.catkin' and name 'vesc_driver'
[0.156s] Level 1:colcon.colcon_core.package_identification:_identify(src/f1tenth_gtc_tutorial/src/vesc/vesc_msgs) by extensions ['ignore', 'ignore_ament_install']
[0.156s] Level 1:colcon.colcon_core.package_identification:_identify(src/f1tenth_gtc_tutorial/src/vesc/vesc_msgs) by extension 'ignore'
[0.156s] Level 1:colcon.colcon_core.package_identification:_identify(src/f1tenth_gtc_tutorial/src/vesc/vesc_msgs) by extension 'ignore_ament_install'
[0.156s] Level 1:colcon.colcon_core.package_identification:_identify(src/f1tenth_gtc_tutorial/src/vesc/vesc_msgs) by extensions ['colcon_pkg']
[0.156s] Level 1:colcon.colcon_core.package_identification:_identify(src/f1tenth_gtc_tutorial/src/vesc/vesc_msgs) by extension 'colcon_pkg'
[0.156s] Level 1:colcon.colcon_core.package_identification:_identify(src/f1tenth_gtc_tutorial/src/vesc/vesc_msgs) by extensions ['colcon_meta']
[0.156s] Level 1:colcon.colcon_core.package_identification:_identify(src/f1tenth_gtc_tutorial/src/vesc/vesc_msgs) by extension 'colcon_meta'
[0.156s] Level 1:colcon.colcon_core.package_identification:_identify(src/f1tenth_gtc_tutorial/src/vesc/vesc_msgs) by extensions ['ros']
[0.156s] Level 1:colcon.colcon_core.package_identification:_identify(src/f1tenth_gtc_tutorial/src/vesc/vesc_msgs) by extension 'ros'
[0.156s] DEBUG:colcon.colcon_core.package_identification:Package 'src/f1tenth_gtc_tutorial/src/vesc/vesc_msgs' with type 'ros.catkin' and name 'vesc_msgs'
[0.156s] Level 1:colcon.colcon_core.package_identification:_identify(src/f1tenth_gym_ros) by extensions ['ignore', 'ignore_ament_install']
[0.156s] Level 1:colcon.colcon_core.package_identification:_identify(src/f1tenth_gym_ros) by extension 'ignore'
[0.156s] Level 1:colcon.colcon_core.package_identification:_identify(src/f1tenth_gym_ros) by extension 'ignore_ament_install'
[0.156s] Level 1:colcon.colcon_core.package_identification:_identify(src/f1tenth_gym_ros) by extensions ['colcon_pkg']
[0.156s] Level 1:colcon.colcon_core.package_identification:_identify(src/f1tenth_gym_ros) by extension 'colcon_pkg'
[0.156s] Level 1:colcon.colcon_core.package_identification:_identify(src/f1tenth_gym_ros) by extensions ['colcon_meta']
[0.156s] Level 1:colcon.colcon_core.package_identification:_identify(src/f1tenth_gym_ros) by extension 'colcon_meta'
[0.156s] Level 1:colcon.colcon_core.package_identification:_identify(src/f1tenth_gym_ros) by extensions ['ros']
[0.156s] Level 1:colcon.colcon_core.package_identification:_identify(src/f1tenth_gym_ros) by extension 'ros'
[0.157s] DEBUG:colcon.colcon_core.package_identification:Package 'src/f1tenth_gym_ros' with type 'ros.ament_python' and name 'f1tenth_gym_ros'
[0.157s] Level 1:colcon.colcon_core.package_identification:_identify(src/f1tenth_system) by extensions ['ignore', 'ignore_ament_install']
[0.157s] Level 1:colcon.colcon_core.package_identification:_identify(src/f1tenth_system) by extension 'ignore'
[0.157s] Level 1:colcon.colcon_core.package_identification:_identify(src/f1tenth_system) by extension 'ignore_ament_install'
[0.157s] Level 1:colcon.colcon_core.package_identification:_identify(src/f1tenth_system) by extensions ['colcon_pkg']
[0.157s] Level 1:colcon.colcon_core.package_identification:_identify(src/f1tenth_system) by extension 'colcon_pkg'
[0.157s] Level 1:colcon.colcon_core.package_identification:_identify(src/f1tenth_system) by extensions ['colcon_meta']
[0.157s] Level 1:colcon.colcon_core.package_identification:_identify(src/f1tenth_system) by extension 'colcon_meta'
[0.157s] Level 1:colcon.colcon_core.package_identification:_identify(src/f1tenth_system) by extensions ['ros']
[0.157s] Level 1:colcon.colcon_core.package_identification:_identify(src/f1tenth_system) by extension 'ros'
[0.157s] Level 1:colcon.colcon_core.package_identification:_identify(src/f1tenth_system) by extensions ['cmake', 'python']
[0.157s] Level 1:colcon.colcon_core.package_identification:_identify(src/f1tenth_system) by extension 'cmake'
[0.157s] Level 1:colcon.colcon_core.package_identification:_identify(src/f1tenth_system) by extension 'python'
[0.157s] Level 1:colcon.colcon_core.package_identification:_identify(src/f1tenth_system) by extensions ['python_setup_py']
[0.157s] Level 1:colcon.colcon_core.package_identification:_identify(src/f1tenth_system) by extension 'python_setup_py'
[0.157s] Level 1:colcon.colcon_core.package_identification:_identify(src/f1tenth_system/ackermann_mux) by extensions ['ignore', 'ignore_ament_install']
[0.157s] Level 1:colcon.colcon_core.package_identification:_identify(src/f1tenth_system/ackermann_mux) by extension 'ignore'
[0.157s] Level 1:colcon.colcon_core.package_identification:_identify(src/f1tenth_system/ackermann_mux) by extension 'ignore_ament_install'
[0.157s] Level 1:colcon.colcon_core.package_identification:_identify(src/f1tenth_system/ackermann_mux) by extensions ['colcon_pkg']
[0.157s] Level 1:colcon.colcon_core.package_identification:_identify(src/f1tenth_system/ackermann_mux) by extension 'colcon_pkg'
[0.157s] Level 1:colcon.colcon_core.package_identification:_identify(src/f1tenth_system/ackermann_mux) by extensions ['colcon_meta']
[0.157s] Level 1:colcon.colcon_core.package_identification:_identify(src/f1tenth_system/ackermann_mux) by extension 'colcon_meta'
[0.157s] Level 1:colcon.colcon_core.package_identification:_identify(src/f1tenth_system/ackermann_mux) by extensions ['ros']
[0.157s] Level 1:colcon.colcon_core.package_identification:_identify(src/f1tenth_system/ackermann_mux) by extension 'ros'
[0.157s] Level 1:colcon.colcon_core.package_identification:_identify(src/f1tenth_system/ackermann_mux) by extensions ['cmake', 'python']
[0.157s] Level 1:colcon.colcon_core.package_identification:_identify(src/f1tenth_system/ackermann_mux) by extension 'cmake'
[0.157s] Level 1:colcon.colcon_core.package_identification:_identify(src/f1tenth_system/ackermann_mux) by extension 'python'
[0.157s] Level 1:colcon.colcon_core.package_identification:_identify(src/f1tenth_system/ackermann_mux) by extensions ['python_setup_py']
[0.157s] Level 1:colcon.colcon_core.package_identification:_identify(src/f1tenth_system/ackermann_mux) by extension 'python_setup_py'
[0.157s] Level 1:colcon.colcon_core.package_identification:_identify(src/f1tenth_system/f1tenth_stack) by extensions ['ignore', 'ignore_ament_install']
[0.157s] Level 1:colcon.colcon_core.package_identification:_identify(src/f1tenth_system/f1tenth_stack) by extension 'ignore'
[0.157s] Level 1:colcon.colcon_core.package_identification:_identify(src/f1tenth_system/f1tenth_stack) by extension 'ignore_ament_install'
[0.157s] Level 1:colcon.colcon_core.package_identification:_identify(src/f1tenth_system/f1tenth_stack) by extensions ['colcon_pkg']
[0.157s] Level 1:colcon.colcon_core.package_identification:_identify(src/f1tenth_system/f1tenth_stack) by extension 'colcon_pkg'
[0.157s] Level 1:colcon.colcon_core.package_identification:_identify(src/f1tenth_system/f1tenth_stack) by extensions ['colcon_meta']
[0.157s] Level 1:colcon.colcon_core.package_identification:_identify(src/f1tenth_system/f1tenth_stack) by extension 'colcon_meta'
[0.157s] Level 1:colcon.colcon_core.package_identification:_identify(src/f1tenth_system/f1tenth_stack) by extensions ['ros']
[0.157s] Level 1:colcon.colcon_core.package_identification:_identify(src/f1tenth_system/f1tenth_stack) by extension 'ros'
[0.158s] DEBUG:colcon.colcon_core.package_identification:Package 'src/f1tenth_system/f1tenth_stack' with type 'ros.ament_python' and name 'f1tenth_stack'
[0.158s] Level 1:colcon.colcon_core.package_identification:_identify(src/f1tenth_system/scripts) by extensions ['ignore', 'ignore_ament_install']
[0.158s] Level 1:colcon.colcon_core.package_identification:_identify(src/f1tenth_system/scripts) by extension 'ignore'
[0.158s] Level 1:colcon.colcon_core.package_identification:_identify(src/f1tenth_system/scripts) by extension 'ignore_ament_install'
[0.158s] Level 1:colcon.colcon_core.package_identification:_identify(src/f1tenth_system/scripts) by extensions ['colcon_pkg']
[0.158s] Level 1:colcon.colcon_core.package_identification:_identify(src/f1tenth_system/scripts) by extension 'colcon_pkg'
[0.158s] Level 1:colcon.colcon_core.package_identification:_identify(src/f1tenth_system/scripts) by extensions ['colcon_meta']
[0.158s] Level 1:colcon.colcon_core.package_identification:_identify(src/f1tenth_system/scripts) by extension 'colcon_meta'
[0.158s] Level 1:colcon.colcon_core.package_identification:_identify(src/f1tenth_system/scripts) by extensions ['ros']
[0.158s] Level 1:colcon.colcon_core.package_identification:_identify(src/f1tenth_system/scripts) by extension 'ros'
[0.158s] Level 1:colcon.colcon_core.package_identification:_identify(src/f1tenth_system/scripts) by extensions ['cmake', 'python']
[0.158s] Level 1:colcon.colcon_core.package_identification:_identify(src/f1tenth_system/scripts) by extension 'cmake'
[0.158s] Level 1:colcon.colcon_core.package_identification:_identify(src/f1tenth_system/scripts) by extension 'python'
[0.158s] Level 1:colcon.colcon_core.package_identification:_identify(src/f1tenth_system/scripts) by extensions ['python_setup_py']
[0.158s] Level 1:colcon.colcon_core.package_identification:_identify(src/f1tenth_system/scripts) by extension 'python_setup_py'
[0.158s] Level 1:colcon.colcon_core.package_identification:_identify(src/f1tenth_system/teleop_tools) by extensions ['ignore', 'ignore_ament_install']
[0.158s] Level 1:colcon.colcon_core.package_identification:_identify(src/f1tenth_system/teleop_tools) by extension 'ignore'
[0.158s] Level 1:colcon.colcon_core.package_identification:_identify(src/f1tenth_system/teleop_tools) by extension 'ignore_ament_install'
[0.158s] Level 1:colcon.colcon_core.package_identification:_identify(src/f1tenth_system/teleop_tools) by extensions ['colcon_pkg']
[0.158s] Level 1:colcon.colcon_core.package_identification:_identify(src/f1tenth_system/teleop_tools) by extension 'colcon_pkg'
[0.158s] Level 1:colcon.colcon_core.package_identification:_identify(src/f1tenth_system/teleop_tools) by extensions ['colcon_meta']
[0.158s] Level 1:colcon.colcon_core.package_identification:_identify(src/f1tenth_system/teleop_tools) by extension 'colcon_meta'
[0.158s] Level 1:colcon.colcon_core.package_identification:_identify(src/f1tenth_system/teleop_tools) by extensions ['ros']
[0.158s] Level 1:colcon.colcon_core.package_identification:_identify(src/f1tenth_system/teleop_tools) by extension 'ros'
[0.158s] Level 1:colcon.colcon_core.package_identification:_identify(src/f1tenth_system/teleop_tools) by extensions ['cmake', 'python']
[0.158s] Level 1:colcon.colcon_core.package_identification:_identify(src/f1tenth_system/teleop_tools) by extension 'cmake'
[0.158s] Level 1:colcon.colcon_core.package_identification:_identify(src/f1tenth_system/teleop_tools) by extension 'python'
[0.158s] Level 1:colcon.colcon_core.package_identification:_identify(src/f1tenth_system/teleop_tools) by extensions ['python_setup_py']
[0.158s] Level 1:colcon.colcon_core.package_identification:_identify(src/f1tenth_system/teleop_tools) by extension 'python_setup_py'
[0.158s] Level 1:colcon.colcon_core.package_identification:_identify(src/f1tenth_system/vesc) by extensions ['ignore', 'ignore_ament_install']
[0.158s] Level 1:colcon.colcon_core.package_identification:_identify(src/f1tenth_system/vesc) by extension 'ignore'
[0.158s] Level 1:colcon.colcon_core.package_identification:_identify(src/f1tenth_system/vesc) by extension 'ignore_ament_install'
[0.158s] Level 1:colcon.colcon_core.package_identification:_identify(src/f1tenth_system/vesc) by extensions ['colcon_pkg']
[0.158s] Level 1:colcon.colcon_core.package_identification:_identify(src/f1tenth_system/vesc) by extension 'colcon_pkg'
[0.158s] Level 1:colcon.colcon_core.package_identification:_identify(src/f1tenth_system/vesc) by extensions ['colcon_meta']
[0.158s] Level 1:colcon.colcon_core.package_identification:_identify(src/f1tenth_system/vesc) by extension 'colcon_meta'
[0.159s] Level 1:colcon.colcon_core.package_identification:_identify(src/f1tenth_system/vesc) by extensions ['ros']
[0.159s] Level 1:colcon.colcon_core.package_identification:_identify(src/f1tenth_system/vesc) by extension 'ros'
[0.159s] Level 1:colcon.colcon_core.package_identification:_identify(src/f1tenth_system/vesc) by extensions ['cmake', 'python']
[0.159s] Level 1:colcon.colcon_core.package_identification:_identify(src/f1tenth_system/vesc) by extension 'cmake'
[0.159s] Level 1:colcon.colcon_core.package_identification:_identify(src/f1tenth_system/vesc) by extension 'python'
[0.159s] Level 1:colcon.colcon_core.package_identification:_identify(src/f1tenth_system/vesc) by extensions ['python_setup_py']
[0.159s] Level 1:colcon.colcon_core.package_identification:_identify(src/f1tenth_system/vesc) by extension 'python_setup_py'
[0.159s] Level 1:colcon.colcon_core.package_discovery:discover_packages(recursive) using defaults
[0.159s] Level 1:colcon.colcon_core.package_discovery:discover_packages(ignore) discover
[0.159s] Level 1:colcon.colcon_core.package_discovery:discover_packages(ignore) using defaults
[0.159s] Level 1:colcon.colcon_core.package_discovery:discover_packages(path) discover
[0.159s] Level 1:colcon.colcon_core.package_discovery:discover_packages(path) using defaults
[0.171s] INFO:colcon.colcon_core.package_selection:Skipping not selected package 'console' in 'src/f1tenth_gtc_tutorial/src/f1tenth/console'
[0.171s] INFO:colcon.colcon_core.package_selection:Skipping not selected package 'ee_cs_265a' in 'src/ee_cs_265a'
[0.171s] INFO:colcon.colcon_core.package_selection:Skipping not selected package 'f1tenth_gym_ros' in 'src/f1tenth_gym_ros'
[0.171s] INFO:colcon.colcon_core.package_selection:Skipping not selected package 'hector_imu_attitude_to_tf' in 'src/f1tenth_gtc_tutorial/src/hector_slam/hector_imu_attitude_to_tf'
[0.171s] INFO:colcon.colcon_core.package_selection:Skipping not selected package 'hector_imu_tools' in 'src/f1tenth_gtc_tutorial/src/hector_slam/hector_imu_tools'
[0.171s] INFO:colcon.colcon_core.package_selection:Skipping not selected package 'hector_map_tools' in 'src/f1tenth_gtc_tutorial/src/hector_slam/hector_map_tools'
[0.171s] INFO:colcon.colcon_core.package_selection:Skipping not selected package 'hector_mapping' in 'src/f1tenth_gtc_tutorial/src/hector_slam/hector_mapping'
[0.171s] INFO:colcon.colcon_core.package_selection:Skipping not selected package 'hector_marker_drawing' in 'src/f1tenth_gtc_tutorial/src/hector_slam/hector_marker_drawing'
[0.171s] INFO:colcon.colcon_core.package_selection:Skipping not selected package 'hector_nav_msgs' in 'src/f1tenth_gtc_tutorial/src/hector_slam/hector_nav_msgs'
[0.171s] INFO:colcon.colcon_core.package_selection:Skipping not selected package 'platform' in 'src/f1tenth_gtc_tutorial/src/f1tenth/platform'
[0.171s] INFO:colcon.colcon_core.package_selection:Skipping not selected package 'racecar_control' in 'src/f1tenth_gtc_tutorial/src/f1tenth/virtual/dependencies/racecar_control'
[0.171s] INFO:colcon.colcon_core.package_selection:Skipping not selected package 'racecar_description' in 'src/f1tenth_gtc_tutorial/src/f1tenth/virtual/dependencies/racecar_description'
[0.171s] INFO:colcon.colcon_core.package_selection:Skipping not selected package 'racecar_gazebo' in 'src/f1tenth_gtc_tutorial/src/f1tenth/virtual/dependencies/racecar_gazebo'
[0.171s] INFO:colcon.colcon_core.package_selection:Skipping not selected package 'simulator' in 'src/f1tenth_gtc_tutorial/src/f1tenth/virtual/simulator'
[0.171s] INFO:colcon.colcon_core.package_selection:Skipping not selected package 'vesc_msgs' in 'src/f1tenth_gtc_tutorial/src/vesc/vesc_msgs'
[0.171s] INFO:colcon.colcon_core.package_selection:Skipping not selected package 'hector_compressed_map_transport' in 'src/f1tenth_gtc_tutorial/src/hector_slam/hector_compressed_map_transport'
[0.171s] INFO:colcon.colcon_core.package_selection:Skipping not selected package 'hector_geotiff' in 'src/f1tenth_gtc_tutorial/src/hector_slam/hector_geotiff'
[0.171s] INFO:colcon.colcon_core.package_selection:Skipping not selected package 'hector_map_server' in 'src/f1tenth_gtc_tutorial/src/hector_slam/hector_map_server'
[0.171s] INFO:colcon.colcon_core.package_selection:Skipping not selected package 'hector_trajectory_server' in 'src/f1tenth_gtc_tutorial/src/hector_slam/hector_trajectory_server'
[0.171s] INFO:colcon.colcon_core.package_selection:Skipping not selected package 'vesc_ackermann' in 'src/f1tenth_gtc_tutorial/src/vesc/vesc_ackermann'
[0.171s] INFO:colcon.colcon_core.package_selection:Skipping not selected package 'vesc_driver' in 'src/f1tenth_gtc_tutorial/src/vesc/vesc_driver'
[0.171s] INFO:colcon.colcon_core.package_selection:Skipping not selected package 'hector_geotiff_plugins' in 'src/f1tenth_gtc_tutorial/src/hector_slam/hector_geotiff_plugins'
[0.171s] INFO:colcon.colcon_core.package_selection:Skipping not selected package 'vesc' in 'src/f1tenth_gtc_tutorial/src/vesc/vesc'
[0.171s] INFO:colcon.colcon_core.package_selection:Skipping not selected package 'f1tenth_stack' in 'src/f1tenth_system/f1tenth_stack'
[0.171s] INFO:colcon.colcon_core.package_selection:Skipping not selected package 'hector_slam_launch' in 'src/f1tenth_gtc_tutorial/src/hector_slam/hector_slam_launch'
[0.171s] INFO:colcon.colcon_core.package_selection:Skipping not selected package 'hector_slam' in 'src/f1tenth_gtc_tutorial/src/hector_slam/hector_slam'
[0.171s] Level 1:colcon.colcon_core.package_discovery:discover_packages(prefix_path) check parameters
[0.171s] Level 1:colcon.colcon_core.package_discovery:discover_packages(prefix_path) discover
[0.172s] DEBUG:colcon.colcon_installed_package_information.package_discovery:Found 4 installed packages in /home/bhargav/ee_cs_265A_ws/install
[0.173s] DEBUG:colcon.colcon_installed_package_information.package_discovery:Found 348 installed packages in /opt/ros/humble
[0.174s] Level 1:colcon.colcon_core.package_discovery:discover_packages(prefix_path) using defaults
[0.195s] Level 5:colcon.colcon_core.verb:set package 'f1tenth_gazebo' build argument 'cmake_args' from command line to 'None'
[0.195s] Level 5:colcon.colcon_core.verb:set package 'f1tenth_gazebo' build argument 'cmake_target' from command line to 'None'
[0.195s] Level 5:colcon.colcon_core.verb:set package 'f1tenth_gazebo' build argument 'cmake_target_skip_unavailable' from command line to 'False'
[0.195s] Level 5:colcon.colcon_core.verb:set package 'f1tenth_gazebo' build argument 'cmake_clean_cache' from command line to 'False'
[0.195s] Level 5:colcon.colcon_core.verb:set package 'f1tenth_gazebo' build argument 'cmake_clean_first' from command line to 'False'
[0.195s] Level 5:colcon.colcon_core.verb:set package 'f1tenth_gazebo' build argument 'cmake_force_configure' from command line to 'False'
[0.195s] Level 5:colcon.colcon_core.verb:set package 'f1tenth_gazebo' build argument 'ament_cmake_args' from command line to 'None'
[0.195s] Level 5:colcon.colcon_core.verb:set package 'f1tenth_gazebo' build argument 'catkin_cmake_args' from command line to 'None'
[0.195s] Level 5:colcon.colcon_core.verb:set package 'f1tenth_gazebo' build argument 'catkin_skip_building_tests' from command line to 'False'
[0.195s] DEBUG:colcon.colcon_core.verb:Building package 'f1tenth_gazebo' with the following arguments: {'ament_cmake_args': None, 'build_base': '/home/bhargav/ee_cs_265A_ws/build/f1tenth_gazebo', 'catkin_cmake_args': None, 'catkin_skip_building_tests': False, 'cmake_args': None, 'cmake_clean_cache': False, 'cmake_clean_first': False, 'cmake_force_configure': False, 'cmake_target': None, 'cmake_target_skip_unavailable': False, 'install_base': '/home/bhargav/ee_cs_265A_ws/install/f1tenth_gazebo', 'merge_install': False, 'path': '/home/bhargav/ee_cs_265A_ws/src/f1tenth_gazebo', 'symlink_install': False, 'test_result_base': None}
[0.195s] INFO:colcon.colcon_core.executor:Executing jobs using 'parallel' executor
[0.196s] DEBUG:colcon.colcon_parallel_executor.executor.parallel:run_until_complete
[0.197s] INFO:colcon.colcon_ros.task.ament_python.build:Building ROS package in '/home/bhargav/ee_cs_265A_ws/src/f1tenth_gazebo' with build type 'ament_python'
[0.197s] Level 1:colcon.colcon_core.shell:create_environment_hook('f1tenth_gazebo', 'ament_prefix_path')
[0.198s] INFO:colcon.colcon_core.plugin_system:Skipping extension 'colcon_core.shell.bat': Not used on non-Windows systems
[0.198s] INFO:colcon.colcon_core.shell:Creating environment hook '/home/bhargav/ee_cs_265A_ws/install/f1tenth_gazebo/share/f1tenth_gazebo/hook/ament_prefix_path.ps1'
[0.198s] INFO:colcon.colcon_core.shell:Creating environment descriptor '/home/bhargav/ee_cs_265A_ws/install/f1tenth_gazebo/share/f1tenth_gazebo/hook/ament_prefix_path.dsv'
[0.199s] INFO:colcon.colcon_core.shell:Creating environment hook '/home/bhargav/ee_cs_265A_ws/install/f1tenth_gazebo/share/f1tenth_gazebo/hook/ament_prefix_path.sh'
[0.199s] INFO:colcon.colcon_core.shell:Skip shell extension 'powershell' for command environment: Not usable outside of PowerShell
[0.199s] DEBUG:colcon.colcon_core.shell:Skip shell extension 'dsv' for command environment
[0.332s] INFO:colcon.colcon_core.task.python.build:Building Python package in '/home/bhargav/ee_cs_265A_ws/src/f1tenth_gazebo'
[0.332s] INFO:colcon.colcon_core.shell:Skip shell extension 'powershell' for command environment: Not usable outside of PowerShell
[0.332s] DEBUG:colcon.colcon_core.shell:Skip shell extension 'dsv' for command environment
[0.492s] DEBUG:colcon.colcon_core.event_handler.log_command:Invoking command in '/home/bhargav/ee_cs_265A_ws/src/f1tenth_gazebo': PYTHONPATH=/home/bhargav/ee_cs_265A_ws/build/f1tenth_gazebo/prefix_override:/usr/lib/python3/dist-packages/colcon_core/task/python/colcon_distutils_commands:/home/bhargav/ee_cs_265A_ws/install/f1tenth_gazebo/lib/python3.10/site-packages:${PYTHONPATH} /usr/bin/python3 -W ignore:setup.py install is deprecated -W ignore:easy_install command is deprecated setup.py egg_info --egg-base ../../build/f1tenth_gazebo build --build-base /home/bhargav/ee_cs_265A_ws/build/f1tenth_gazebo/build install --record /home/bhargav/ee_cs_265A_ws/build/f1tenth_gazebo/install.log --single-version-externally-managed install_data
[0.625s] DEBUG:colcon.colcon_core.event_handler.log_command:Invoked command in '/home/bhargav/ee_cs_265A_ws/src/f1tenth_gazebo' returned '0': PYTHONPATH=/home/bhargav/ee_cs_265A_ws/build/f1tenth_gazebo/prefix_override:/usr/lib/python3/dist-packages/colcon_core/task/python/colcon_distutils_commands:/home/bhargav/ee_cs_265A_ws/install/f1tenth_gazebo/lib/python3.10/site-packages:${PYTHONPATH} /usr/bin/python3 -W ignore:setup.py install is deprecated -W ignore:easy_install command is deprecated setup.py egg_info --egg-base ../../build/f1tenth_gazebo build --build-base /home/bhargav/ee_cs_265A_ws/build/f1tenth_gazebo/build install --record /home/bhargav/ee_cs_265A_ws/build/f1tenth_gazebo/install.log --single-version-externally-managed install_data
[0.626s] Level 1:colcon.colcon_core.environment:checking '/home/bhargav/ee_cs_265A_ws/install/f1tenth_gazebo' for CMake module files
[0.626s] Level 1:colcon.colcon_core.environment:checking '/home/bhargav/ee_cs_265A_ws/install/f1tenth_gazebo' for CMake config files
[0.626s] Level 1:colcon.colcon_core.environment:checking '/home/bhargav/ee_cs_265A_ws/install/f1tenth_gazebo/lib'
[0.627s] Level 1:colcon.colcon_core.environment:checking '/home/bhargav/ee_cs_265A_ws/install/f1tenth_gazebo/bin'
[0.627s] Level 1:colcon.colcon_core.environment:checking '/home/bhargav/ee_cs_265A_ws/install/f1tenth_gazebo/lib/pkgconfig/f1tenth_gazebo.pc'
[0.627s] Level 1:colcon.colcon_core.environment:checking '/home/bhargav/ee_cs_265A_ws/install/f1tenth_gazebo/lib/python3.10/site-packages'
[0.627s] Level 1:colcon.colcon_core.shell:create_environment_hook('f1tenth_gazebo', 'pythonpath')
[0.627s] INFO:colcon.colcon_core.shell:Creating environment hook '/home/bhargav/ee_cs_265A_ws/install/f1tenth_gazebo/share/f1tenth_gazebo/hook/pythonpath.ps1'
[0.627s] INFO:colcon.colcon_core.shell:Creating environment descriptor '/home/bhargav/ee_cs_265A_ws/install/f1tenth_gazebo/share/f1tenth_gazebo/hook/pythonpath.dsv'
[0.627s] INFO:colcon.colcon_core.shell:Creating environment hook '/home/bhargav/ee_cs_265A_ws/install/f1tenth_gazebo/share/f1tenth_gazebo/hook/pythonpath.sh'
[0.628s] Level 1:colcon.colcon_core.environment:checking '/home/bhargav/ee_cs_265A_ws/install/f1tenth_gazebo/bin'
[0.628s] Level 1:colcon.colcon_core.environment:create_environment_scripts_only(f1tenth_gazebo)
[0.628s] INFO:colcon.colcon_core.shell:Creating package script '/home/bhargav/ee_cs_265A_ws/install/f1tenth_gazebo/share/f1tenth_gazebo/package.ps1'
[0.628s] INFO:colcon.colcon_core.shell:Creating package descriptor '/home/bhargav/ee_cs_265A_ws/install/f1tenth_gazebo/share/f1tenth_gazebo/package.dsv'
[0.628s] INFO:colcon.colcon_core.shell:Creating package script '/home/bhargav/ee_cs_265A_ws/install/f1tenth_gazebo/share/f1tenth_gazebo/package.sh'
[0.629s] INFO:colcon.colcon_core.shell:Creating package script '/home/bhargav/ee_cs_265A_ws/install/f1tenth_gazebo/share/f1tenth_gazebo/package.bash'
[0.629s] INFO:colcon.colcon_core.shell:Creating package script '/home/bhargav/ee_cs_265A_ws/install/f1tenth_gazebo/share/f1tenth_gazebo/package.zsh'
[0.629s] Level 1:colcon.colcon_core.environment:create_file_with_runtime_dependencies(/home/bhargav/ee_cs_265A_ws/install/f1tenth_gazebo/share/colcon-core/packages/f1tenth_gazebo)
[0.630s] DEBUG:colcon.colcon_parallel_executor.executor.parallel:closing loop
[0.630s] DEBUG:colcon.colcon_parallel_executor.executor.parallel:loop closed
[0.630s] DEBUG:colcon.colcon_parallel_executor.executor.parallel:run_until_complete finished with '0'
[0.630s] DEBUG:colcon.colcon_core.event_reactor:joining thread
[0.633s] INFO:colcon.colcon_core.plugin_system:Skipping extension 'colcon_notification.desktop_notification.terminal_notifier': Not used on non-Darwin systems
[0.633s] INFO:colcon.colcon_core.plugin_system:Skipping extension 'colcon_notification.desktop_notification.win32': Not used on non-Windows systems
[0.633s] INFO:colcon.colcon_notification.desktop_notification:Sending desktop notification using 'notify2'
[0.641s] DEBUG:colcon.colcon_core.event_reactor:joined thread
[0.641s] INFO:colcon.colcon_core.shell:Creating prefix script '/home/bhargav/ee_cs_265A_ws/install/local_setup.ps1'
[0.641s] INFO:colcon.colcon_core.shell:Creating prefix util module '/home/bhargav/ee_cs_265A_ws/install/_local_setup_util_ps1.py'
[0.642s] INFO:colcon.colcon_core.shell:Creating prefix chain script '/home/bhargav/ee_cs_265A_ws/install/setup.ps1'
[0.643s] INFO:colcon.colcon_core.shell:Creating prefix script '/home/bhargav/ee_cs_265A_ws/install/local_setup.sh'
[0.643s] INFO:colcon.colcon_core.shell:Creating prefix util module '/home/bhargav/ee_cs_265A_ws/install/_local_setup_util_sh.py'
[0.643s] INFO:colcon.colcon_core.shell:Creating prefix chain script '/home/bhargav/ee_cs_265A_ws/install/setup.sh'
[0.644s] INFO:colcon.colcon_core.shell:Creating prefix script '/home/bhargav/ee_cs_265A_ws/install/local_setup.bash'
[0.644s] INFO:colcon.colcon_core.shell:Creating prefix chain script '/home/bhargav/ee_cs_265A_ws/install/setup.bash'
[0.644s] INFO:colcon.colcon_core.shell:Creating prefix script '/home/bhargav/ee_cs_265A_ws/install/local_setup.zsh'
[0.644s] INFO:colcon.colcon_core.shell:Creating prefix chain script '/home/bhargav/ee_cs_265A_ws/install/setup.zsh'
