[0.000000] (-) TimerEvent: {}
[0.000185] (-) JobUnselected: {'identifier': 'ee_cs_265a'}
[0.000203] (f1tenth_gym_ros) JobQueued: {'identifier': 'f1tenth_gym_ros', 'dependencies': OrderedDict()}
[0.000212] (f1tenth_gym_ros) JobStarted: {'identifier': 'f1tenth_gym_ros'}
[0.100166] (-) TimerEvent: {}
[0.200420] (-) TimerEvent: {}
[0.268472] (f1tenth_gym_ros) Command: {'cmd': ['/usr/bin/python3', '-W', 'ignore:setup.py install is deprecated', '-W', 'ignore:easy_install command is deprecated', 'setup.py', 'egg_info', '--egg-base', '../../build/f1tenth_gym_ros', 'build', '--build-base', '/home/bhargav/ee_cs_265A_ws/build/f1tenth_gym_ros/build', 'install', '--record', '/home/bhargav/ee_cs_265A_ws/build/f1tenth_gym_ros/install.log', '--single-version-externally-managed', 'install_data'], 'cwd': '/home/bhargav/ee_cs_265A_ws/src/f1tenth_gym_ros', 'env': {'GJS_DEBUG_TOPICS': 'JS ERROR;JS LOG', 'CONDA_PROMPT_MODIFIER': '(base)', 'USER': 'bhargav', 'XDG_SESSION_TYPE': 'x11', 'SHLVL': '1', 'LD_LIBRARY_PATH': '/opt/ros/humble/opt/rviz_ogre_vendor/lib:/opt/ros/humble/lib/x86_64-linux-gnu:/opt/ros/humble/lib', 'HOME': '/home/bhargav', 'CONDA_SHLVL': '1', 'OLDPWD': '/home/bhargav/ee_cs_265A_ws', 'DESKTOP_SESSION': 'ubuntu', 'NVM_BIN': '/home/bhargav/.nvm/versions/node/v20.20.0/bin', 'NVM_INC': '/home/bhargav/.nvm/versions/node/v20.20.0/include/node', 'GIO_LAUNCHED_DESKTOP_FILE': '/usr/share/applications/terminator.desktop', 'ROS_PYTHON_VERSION': '3', 'GNOME_SHELL_SESSION_MODE': 'ubuntu', 'GTK_MODULES': 'gail:atk-bridge', 'MANAGERPID': '2790', 'SYSTEMD_EXEC_PID': '3213', 'DBUS_SESSION_BUS_ADDRESS': 'unix:path=/run/user/1000/bus', 'COLORTERM': 'truecolor', '_CE_M': '', 'TERMINATOR_DBUS_NAME': 'net.tenshu.Terminator23558193cd9818af7fe4d2c2f5bd9d00f', '_CONDA_ROOT': '/home/bhargav/miniconda3', 'GIO_LAUNCHED_DESKTOP_FILE_PID': '3770', 'NVM_DIR': '/home/bhargav/.nvm', 'COLCON_PREFIX_PATH': '/home/bhargav/ee_cs_265A_ws/install', 'ROS_DISTRO': 'humble', 'GTK_IM_MODULE': 'ibus', 'LOGNAME': 'bhargav', 'JOURNAL_STREAM': '8:37586', '_': '/usr/bin/colcon', 'ROS_VERSION': '2', 'XDG_SESSION_CLASS': 'user', 'USERNAME': 'bhargav', 'TERM': 'xterm-256color', 'GNOME_DESKTOP_SESSION_ID': 'this-is-deprecated', '_CE_CONDA': '', 'ROS_LOCALHOST_ONLY': '0', 'WINDOWPATH': '2', 'PATH': '/home/bhargav/miniconda3/bin:/home/bhargav/miniconda3/condabin:/home/bhargav/.nvm/versions/node/v20.20.0/bin:/opt/ros/humble/bin:/usr/local/sbin:/usr/local/bin:/usr/sbin:/usr/bin:/sbin:/bin:/usr/games:/usr/local/games:/snap/bin:/snap/bin', 'SESSION_MANAGER': 'local/bhargav:@/tmp/.ICE-unix/3190,unix/bhargav:/tmp/.ICE-unix/3190', 'INVOCATION_ID': '631bd961246d4950869a988de34654b3', 'XDG_MENU_PREFIX': 'gnome-', 'XDG_RUNTIME_DIR': '/run/user/1000', 'DISPLAY': ':1', 'TERMINATOR_DBUS_PATH': '/net/tenshu/Terminator2', 'LANG': 'en_US.UTF-8', 'XDG_CURRENT_DESKTOP': 'ubuntu:GNOME', 'IBUS_DISABLE_SNOOPER': '1', 'CONDA_PREFIX_1': '', 'XMODIFIERS': '@im=ibus', 'XDG_SESSION_DESKTOP': 'ubuntu', 'XAUTHORITY': '/run/user/1000/gdm/Xauthority', 'SSH_AGENT_LAUNCHER': 'gnome-keyring', 'SSH_AUTH_SOCK': '/run/user/1000/keyring/ssh', 'ROS_DOMAIN_ID': '89', 'AMENT_PREFIX_PATH': '/home/bhargav/ee_cs_265A_ws/install/f1tenth_gym_ros:/home/bhargav/ee_cs_265A_ws/install/f1tenth_stack:/home/bhargav/ee_cs_265A_ws/install/ee_cs_265a:/opt/ros/humble', 'CONDA_PYTHON_EXE': '/home/bhargav/miniconda3/bin/python', 'SHELL': '/bin/bash', 'TERMINATOR_UUID': 'urn:uuid:963e33f6-19ee-493e-9700-002a8cb872e2', 'QT_ACCESSIBILITY': '1', 'GDMSESSION': 'ubuntu', 'CONDA_DEFAULT_ENV': 'base', 'GPG_AGENT_INFO': '/run/user/1000/gnupg/S.gpg-agent:0:1', 'GJS_DEBUG_OUTPUT': 'stderr', '_CONDA_EXE': '/home/bhargav/miniconda3/bin/conda', 'QT_IM_MODULE': 'ibus', 'PWD': '/home/bhargav/ee_cs_265A_ws/build/f1tenth_gym_ros', 'LC_ALL': 'en_US.UTF-8', 'XDG_CONFIG_DIRS': '/etc/xdg/xdg-ubuntu:/etc/xdg', 'CONDA_EXE': '/home/bhargav/miniconda3/bin/conda', 'NVM_CD_FLAGS': '', 'XDG_DATA_DIRS': '/usr/share/ubuntu:/usr/share/gnome:/usr/local/share/:/usr/share/:/var/lib/snapd/desktop', 'PYTHONPATH': '/home/bhargav/ee_cs_265A_ws/build/f1tenth_gym_ros/prefix_override:/usr/lib/python3/dist-packages/colcon_core/task/python/colcon_distutils_commands:/home/bhargav/ee_cs_265A_ws/install/f1tenth_gym_ros/lib/python3.10/site-packages:/home/bhargav/ee_cs_265A_ws/build/f1tenth_gym_ros:/home/bhargav/ee_cs_265A_ws/install/f1tenth_gym_ros/lib/python3.10/site-packages:/home/bhargav/ee_cs_265A_ws/build/ee_cs_265a:/home/bhargav/ee_cs_265A_ws/install/f1tenth_stack/lib/python3.10/site-packages:/home/bhargav/ee_cs_265A_ws/install/ee_cs_265a/lib/python3.10/site-packages:/opt/ros/humble/lib/python3.10/site-packages:/opt/ros/humble/local/lib/python3.10/dist-packages', 'CONDA_PREFIX': '/home/bhargav/miniconda3', 'COLCON': '1', 'VTE_VERSION': '6800'}, 'shell': False}
[0.300472] (-) TimerEvent: {}
[0.371086] (f1tenth_gym_ros) StdoutLine: {'line': b'running egg_info\n'}
[0.371212] (f1tenth_gym_ros) StdoutLine: {'line': b'writing ../../build/f1tenth_gym_ros/f1tenth_gym_ros.egg-info/PKG-INFO\n'}
[0.371460] (f1tenth_gym_ros) StdoutLine: {'line': b'writing dependency_links to ../../build/f1tenth_gym_ros/f1tenth_gym_ros.egg-info/dependency_links.txt\n'}
[0.371517] (f1tenth_gym_ros) StdoutLine: {'line': b'writing entry points to ../../build/f1tenth_gym_ros/f1tenth_gym_ros.egg-info/entry_points.txt\n'}
[0.371542] (f1tenth_gym_ros) StdoutLine: {'line': b'writing requirements to ../../build/f1tenth_gym_ros/f1tenth_gym_ros.egg-info/requires.txt\n'}
[0.371562] (f1tenth_gym_ros) StdoutLine: {'line': b'writing top-level names to ../../build/f1tenth_gym_ros/f1tenth_gym_ros.egg-info/top_level.txt\n'}
[0.372014] (f1tenth_gym_ros) StdoutLine: {'line': b"reading manifest file '../../build/f1tenth_gym_ros/f1tenth_gym_ros.egg-info/SOURCES.txt'\n"}
[0.372080] (f1tenth_gym_ros) StdoutLine: {'line': b"adding license file 'LICENSE'\n"}
[0.372443] (f1tenth_gym_ros) StdoutLine: {'line': b"writing manifest file '../../build/f1tenth_gym_ros/f1tenth_gym_ros.egg-info/SOURCES.txt'\n"}
[0.372465] (f1tenth_gym_ros) StdoutLine: {'line': b'running build\n'}
[0.372482] (f1tenth_gym_ros) StdoutLine: {'line': b'running build_py\n'}
[0.372498] (f1tenth_gym_ros) StdoutLine: {'line': b'copying f1tenth_gym_ros/gym_bridge.py -> /home/bhargav/ee_cs_265A_ws/build/f1tenth_gym_ros/build/lib/f1tenth_gym_ros\n'}
[0.372543] (f1tenth_gym_ros) StdoutLine: {'line': b'running install\n'}
[0.372671] (f1tenth_gym_ros) StdoutLine: {'line': b'running install_lib\n'}
[0.373024] (f1tenth_gym_ros) StdoutLine: {'line': b'copying /home/bhargav/ee_cs_265A_ws/build/f1tenth_gym_ros/build/lib/f1tenth_gym_ros/gym_bridge.py -> /home/bhargav/ee_cs_265A_ws/install/f1tenth_gym_ros/lib/python3.10/site-packages/f1tenth_gym_ros\n'}
[0.373248] (f1tenth_gym_ros) StdoutLine: {'line': b'byte-compiling /home/bhargav/ee_cs_265A_ws/install/f1tenth_gym_ros/lib/python3.10/site-packages/f1tenth_gym_ros/gym_bridge.py to gym_bridge.cpython-310.pyc\n'}
[0.374942] (f1tenth_gym_ros) StdoutLine: {'line': b'running install_data\n'}
[0.375046] (f1tenth_gym_ros) StdoutLine: {'line': b'running install_egg_info\n'}
[0.375969] (f1tenth_gym_ros) StdoutLine: {'line': b"removing '/home/bhargav/ee_cs_265A_ws/install/f1tenth_gym_ros/lib/python3.10/site-packages/f1tenth_gym_ros-0.0.0-py3.10.egg-info' (and everything under it)\n"}
[0.376068] (f1tenth_gym_ros) StdoutLine: {'line': b'Copying ../../build/f1tenth_gym_ros/f1tenth_gym_ros.egg-info to /home/bhargav/ee_cs_265A_ws/install/f1tenth_gym_ros/lib/python3.10/site-packages/f1tenth_gym_ros-0.0.0-py3.10.egg-info\n'}
[0.376167] (f1tenth_gym_ros) StdoutLine: {'line': b'running install_scripts\n'}
[0.385090] (f1tenth_gym_ros) StdoutLine: {'line': b'Installing gym_bridge script to /home/bhargav/ee_cs_265A_ws/install/f1tenth_gym_ros/lib/f1tenth_gym_ros\n'}
[0.385267] (f1tenth_gym_ros) StdoutLine: {'line': b"writing list of installed files to '/home/bhargav/ee_cs_265A_ws/build/f1tenth_gym_ros/install.log'\n"}
[0.395490] (f1tenth_gym_ros) CommandEnded: {'returncode': 0}
[0.399738] (f1tenth_gym_ros) JobEnded: {'identifier': 'f1tenth_gym_ros', 'rc': 0}
[0.399939] (-) EventReactorShutdown: {}
