[0.350s] Invoking command in '/home/bhargav/ee_cs_265A_ws/build/ee_cs_265a': CONDA_PROMPT_MODIFIER=(base) PYTHONPATH=/home/bhargav/ee_cs_265A_ws/build/ee_cs_265a/prefix_override:/usr/lib/python3/dist-packages/colcon_core/task/python/colcon_distutils_commands:/home/bhargav/ee_cs_265A_ws/install/ee_cs_265a/lib/python3.10/site-packages:${PYTHONPATH} /usr/bin/python3 -W ignore:setup.py install is deprecated -W ignore:easy_install command is deprecated setup.py develop --uninstall --editable --build-directory /home/bhargav/ee_cs_265A_ws/build/ee_cs_265a/build
[0.493s] running develop
[0.583s] Removing /home/bhargav/ee_cs_265A_ws/install/ee_cs_265a/lib/python3.10/site-packages/ee-cs-265a.egg-link (link to .)
[0.600s] Invoked command in '/home/bhargav/ee_cs_265A_ws/build/ee_cs_265a' returned '0': CONDA_PROMPT_MODIFIER=(base) PYTHONPATH=/home/bhargav/ee_cs_265A_ws/build/ee_cs_265a/prefix_override:/usr/lib/python3/dist-packages/colcon_core/task/python/colcon_distutils_commands:/home/bhargav/ee_cs_265A_ws/install/ee_cs_265a/lib/python3.10/site-packages:${PYTHONPATH} /usr/bin/python3 -W ignore:setup.py install is deprecated -W ignore:easy_install command is deprecated setup.py develop --uninstall --editable --build-directory /home/bhargav/ee_cs_265A_ws/build/ee_cs_265a/build
[0.601s] Invoking command in '/home/bhargav/ee_cs_265A_ws/src/ee_cs_265a': CONDA_PROMPT_MODIFIER=(base) PYTHONPATH=/home/bhargav/ee_cs_265A_ws/build/ee_cs_265a/prefix_override:/usr/lib/python3/dist-packages/colcon_core/task/python/colcon_distutils_commands:/home/bhargav/ee_cs_265A_ws/install/ee_cs_265a/lib/python3.10/site-packages:${PYTHONPATH} /usr/bin/python3 -W ignore:setup.py install is deprecated -W ignore:easy_install command is deprecated setup.py egg_info --egg-base ../../build/ee_cs_265a build --build-base /home/bhargav/ee_cs_265A_ws/build/ee_cs_265a/build install --record /home/bhargav/ee_cs_265A_ws/build/ee_cs_265a/install.log --single-version-externally-managed install_data --force
[0.731s] running egg_info
[0.732s] writing ../../build/ee_cs_265a/ee_cs_265a.egg-info/PKG-INFO
[0.732s] writing dependency_links to ../../build/ee_cs_265a/ee_cs_265a.egg-info/dependency_links.txt
[0.732s] writing entry points to ../../build/ee_cs_265a/ee_cs_265a.egg-info/entry_points.txt
[0.732s] writing requirements to ../../build/ee_cs_265a/ee_cs_265a.egg-info/requires.txt
[0.732s] writing top-level names to ../../build/ee_cs_265a/ee_cs_265a.egg-info/top_level.txt
[0.733s] reading manifest file '../../build/ee_cs_265a/ee_cs_265a.egg-info/SOURCES.txt'
[0.733s] writing manifest file '../../build/ee_cs_265a/ee_cs_265a.egg-info/SOURCES.txt'
[0.733s] running build
[0.733s] running build_py
[0.733s] copying ee_cs_265a/global_planner.py -> /home/bhargav/ee_cs_265A_ws/build/ee_cs_265a/build/lib/ee_cs_265a
[0.733s] running install
[0.734s] running install_lib
[0.734s] creating /home/bhargav/ee_cs_265A_ws/install/ee_cs_265a/lib/python3.10/site-packages/ee_cs_265a
[0.734s] copying /home/bhargav/ee_cs_265A_ws/build/ee_cs_265a/build/lib/ee_cs_265a/__init__.py -> /home/bhargav/ee_cs_265A_ws/install/ee_cs_265a/lib/python3.10/site-packages/ee_cs_265a
[0.734s] copying /home/bhargav/ee_cs_265A_ws/build/ee_cs_265a/build/lib/ee_cs_265a/global_planner.py -> /home/bhargav/ee_cs_265A_ws/install/ee_cs_265a/lib/python3.10/site-packages/ee_cs_265a
[0.734s] byte-compiling /home/bhargav/ee_cs_265A_ws/install/ee_cs_265a/lib/python3.10/site-packages/ee_cs_265a/__init__.py to __init__.cpython-310.pyc
[0.734s] byte-compiling /home/bhargav/ee_cs_265A_ws/install/ee_cs_265a/lib/python3.10/site-packages/ee_cs_265a/global_planner.py to global_planner.cpython-310.pyc
[0.737s] running install_data
[0.737s] copying resource/ee_cs_265a -> /home/bhargav/ee_cs_265A_ws/install/ee_cs_265a/share/ament_index/resource_index/packages
[0.737s] copying package.xml -> /home/bhargav/ee_cs_265A_ws/install/ee_cs_265a/share/ee_cs_265a
[0.737s] copying launch/planning.launch.py -> /home/bhargav/ee_cs_265A_ws/install/ee_cs_265a/share/ee_cs_265a/launch
[0.737s] copying launch/mapping.launch.py -> /home/bhargav/ee_cs_265A_ws/install/ee_cs_265a/share/ee_cs_265a/launch
[0.737s] copying config/mapper_params_online_async.yaml -> /home/bhargav/ee_cs_265A_ws/install/ee_cs_265a/share/ee_cs_265a/config
[0.737s] copying maps/track_map.pgm -> /home/bhargav/ee_cs_265A_ws/install/ee_cs_265a/share/ee_cs_265a/maps
[0.737s] copying maps/track_map.yaml -> /home/bhargav/ee_cs_265A_ws/install/ee_cs_265a/share/ee_cs_265a/maps
[0.737s] running install_egg_info
[0.738s] Copying ../../build/ee_cs_265a/ee_cs_265a.egg-info to /home/bhargav/ee_cs_265A_ws/install/ee_cs_265a/lib/python3.10/site-packages/ee_cs_265a-0.0.0-py3.10.egg-info
[0.738s] running install_scripts
[0.751s] Installing global_planner script to /home/bhargav/ee_cs_265A_ws/install/ee_cs_265a/lib/ee_cs_265a
[0.752s] writing list of installed files to '/home/bhargav/ee_cs_265A_ws/build/ee_cs_265a/install.log'
[0.766s] Invoked command in '/home/bhargav/ee_cs_265A_ws/src/ee_cs_265a' returned '0': CONDA_PROMPT_MODIFIER=(base) PYTHONPATH=/home/bhargav/ee_cs_265A_ws/build/ee_cs_265a/prefix_override:/usr/lib/python3/dist-packages/colcon_core/task/python/colcon_distutils_commands:/home/bhargav/ee_cs_265A_ws/install/ee_cs_265a/lib/python3.10/site-packages:${PYTHONPATH} /usr/bin/python3 -W ignore:setup.py install is deprecated -W ignore:easy_install command is deprecated setup.py egg_info --egg-base ../../build/ee_cs_265a build --build-base /home/bhargav/ee_cs_265A_ws/build/ee_cs_265a/build install --record /home/bhargav/ee_cs_265A_ws/build/ee_cs_265a/install.log --single-version-externally-managed install_data --force
