[0.277s] Invoking command in '/home/bhargav/ee_cs_265A_ws/src/f1tenth_gym_ros': CONDA_PROMPT_MODIFIER=(base) PYTHONPATH=/home/bhargav/ee_cs_265A_ws/build/f1tenth_gym_ros/prefix_override:/usr/lib/python3/dist-packages/colcon_core/task/python/colcon_distutils_commands:/home/bhargav/ee_cs_265A_ws/install/f1tenth_gym_ros/lib/python3.10/site-packages:${PYTHONPATH} /usr/bin/python3 -W ignore:setup.py install is deprecated -W ignore:easy_install command is deprecated setup.py egg_info --egg-base ../../build/f1tenth_gym_ros build --build-base /home/bhargav/ee_cs_265A_ws/build/f1tenth_gym_ros/build install --record /home/bhargav/ee_cs_265A_ws/build/f1tenth_gym_ros/install.log --single-version-externally-managed install_data
[0.376s] running egg_info
[0.376s] writing ../../build/f1tenth_gym_ros/f1tenth_gym_ros.egg-info/PKG-INFO
[0.376s] writing dependency_links to ../../build/f1tenth_gym_ros/f1tenth_gym_ros.egg-info/dependency_links.txt
[0.376s] writing entry points to ../../build/f1tenth_gym_ros/f1tenth_gym_ros.egg-info/entry_points.txt
[0.376s] writing requirements to ../../build/f1tenth_gym_ros/f1tenth_gym_ros.egg-info/requires.txt
[0.376s] writing top-level names to ../../build/f1tenth_gym_ros/f1tenth_gym_ros.egg-info/top_level.txt
[0.376s] reading manifest file '../../build/f1tenth_gym_ros/f1tenth_gym_ros.egg-info/SOURCES.txt'
[0.376s] adding license file 'LICENSE'
[0.376s] writing manifest file '../../build/f1tenth_gym_ros/f1tenth_gym_ros.egg-info/SOURCES.txt'
[0.376s] running build
[0.376s] running build_py
[0.377s] copying f1tenth_gym_ros/gym_bridge.py -> /home/bhargav/ee_cs_265A_ws/build/f1tenth_gym_ros/build/lib/f1tenth_gym_ros
[0.377s] running install
[0.377s] running install_lib
[0.377s] copying /home/bhargav/ee_cs_265A_ws/build/f1tenth_gym_ros/build/lib/f1tenth_gym_ros/gym_bridge.py -> /home/bhargav/ee_cs_265A_ws/install/f1tenth_gym_ros/lib/python3.10/site-packages/f1tenth_gym_ros
[0.378s] byte-compiling /home/bhargav/ee_cs_265A_ws/install/f1tenth_gym_ros/lib/python3.10/site-packages/f1tenth_gym_ros/gym_bridge.py to gym_bridge.cpython-310.pyc
[0.379s] running install_data
[0.379s] running install_egg_info
[0.379s]   File "/home/bhargav/ee_cs_265A_ws/install/f1tenth_gym_ros/lib/python3.10/site-packages/f1tenth_gym_ros/gym_bridge.py", line 77
[0.380s]     self.env = gym.make('f110_gym:f110-v0', disable_env_checker=True, disable_env_checker=True,
[0.380s]                                                                       ^^^^^^^^^^^^^^^^^^^^^^^^
[0.380s] SyntaxError: keyword argument repeated: disable_env_checker
[0.380s] 
[0.380s] removing '/home/bhargav/ee_cs_265A_ws/install/f1tenth_gym_ros/lib/python3.10/site-packages/f1tenth_gym_ros-0.0.0-py3.10.egg-info' (and everything under it)
[0.380s] Copying ../../build/f1tenth_gym_ros/f1tenth_gym_ros.egg-info to /home/bhargav/ee_cs_265A_ws/install/f1tenth_gym_ros/lib/python3.10/site-packages/f1tenth_gym_ros-0.0.0-py3.10.egg-info
[0.380s] running install_scripts
[0.389s] Installing gym_bridge script to /home/bhargav/ee_cs_265A_ws/install/f1tenth_gym_ros/lib/f1tenth_gym_ros
[0.389s] writing list of installed files to '/home/bhargav/ee_cs_265A_ws/build/f1tenth_gym_ros/install.log'
[0.400s] Invoked command in '/home/bhargav/ee_cs_265A_ws/src/f1tenth_gym_ros' returned '0': CONDA_PROMPT_MODIFIER=(base) PYTHONPATH=/home/bhargav/ee_cs_265A_ws/build/f1tenth_gym_ros/prefix_override:/usr/lib/python3/dist-packages/colcon_core/task/python/colcon_distutils_commands:/home/bhargav/ee_cs_265A_ws/install/f1tenth_gym_ros/lib/python3.10/site-packages:${PYTHONPATH} /usr/bin/python3 -W ignore:setup.py install is deprecated -W ignore:easy_install command is deprecated setup.py egg_info --egg-base ../../build/f1tenth_gym_ros build --build-base /home/bhargav/ee_cs_265A_ws/build/f1tenth_gym_ros/build install --record /home/bhargav/ee_cs_265A_ws/build/f1tenth_gym_ros/install.log --single-version-externally-managed install_data
