[0.000000] (-) TimerEvent: {}
[0.000529] (ee_cs_265a) JobQueued: {'identifier': 'ee_cs_265a', 'dependencies': OrderedDict()}
[0.000577] (f1tenth_gazebo) JobQueued: {'identifier': 'f1tenth_gazebo', 'dependencies': OrderedDict()}
[0.000588] (ee_cs_265a) JobStarted: {'identifier': 'ee_cs_265a'}
[0.003666] (f1tenth_gazebo) JobStarted: {'identifier': 'f1tenth_gazebo'}
[0.100103] (-) TimerEvent: {}
[0.200426] (-) TimerEvent: {}
[0.300800] (-) TimerEvent: {}
[0.401221] (-) TimerEvent: {}
[0.410224] (ee_cs_265a) Command: {'cmd': ['/usr/bin/python3', '-W', 'ignore:setup.py install is deprecated', '-W', 'ignore:easy_install command is deprecated', 'setup.py', 'egg_info', '--egg-base', '../../build/ee_cs_265a', 'build', '--build-base', '/home/bhargav/ee_cs_265A_ws/build/ee_cs_265a/build', 'install', '--record', '/home/bhargav/ee_cs_265A_ws/build/ee_cs_265a/install.log', '--single-version-externally-managed', 'install_data'], 'cwd': '/home/bhargav/ee_cs_265A_ws/src/ee_cs_265a', 'env': {'GJS_DEBUG_TOPICS': 'JS ERROR;JS LOG', 'CONDA_PROMPT_MODIFIER': '(base)', 'USER': 'bhargav', 'XDG_SESSION_TYPE': 'x11', '__GLX_VENDOR_LIBRARY_NAME': 'nvidia', '__EGL_VENDOR_LIBRARY_FILENAMES': '/usr/share/glvnd/egl_vendor.d/10_nvidia.json', 'SHLVL': '1', 'LD_LIBRARY_PATH': '/usr/lib/x86_64-linux-gnu/gazebo-11/plugins:/opt/ros/humble/opt/rviz_ogre_vendor/lib:/opt/ros/humble/lib/x86_64-linux-gnu:/opt/ros/humble/lib', 'HOME': '/home/bhargav', 'CONDA_SHLVL': '1', 'OLDPWD': '/home/bhargav', 'DESKTOP_SESSION': 'ubuntu', 'NVM_BIN': '/home/bhargav/.nvm/versions/node/v20.20.0/bin', 'NVM_INC': '/home/bhargav/.nvm/versions/node/v20.20.0/include/node', 'GIO_LAUNCHED_DESKTOP_FILE': '/usr/share/applications/terminator.desktop', 'ROS_PYTHON_VERSION': '3', 'GNOME_SHELL_SESSION_MODE': 'ubuntu', 'GTK_MODULES': 'gail:atk-bridge', 'MANAGERPID': '2837', 'SYSTEMD_EXEC_PID': '3240', 'DBUS_SESSION_BUS_ADDRESS': 'unix:path=/run/user/1000/bus', 'COLORTERM': 'truecolor', '_CE_M': '', 'TERMINATOR_DBUS_NAME': 'net.tenshu.Terminator23558193cd9818af7fe4d2c2f5bd9d00f', '_CONDA_ROOT': '/home/bhargav/miniconda3', 'GIO_LAUNCHED_DESKTOP_FILE_PID': '13471', 'NVM_DIR': '/home/bhargav/.nvm', 'COLCON_PREFIX_PATH': '/home/bhargav/ee_cs_265A_ws/install', 'ROS_DISTRO': 'humble', 'GTK_IM_MODULE': 'ibus', 'LOGNAME': 'bhargav', 'JOURNAL_STREAM': '8:39988', '_': '/usr/bin/colcon', 'ROS_VERSION': '2', 'XDG_SESSION_CLASS': 'user', 'USERNAME': 'bhargav', 'TERM': 'xterm-256color', 'GNOME_DESKTOP_SESSION_ID': 'this-is-deprecated', '_CE_CONDA': '', 'ROS_LOCALHOST_ONLY': '0', 'WINDOWPATH': '2', 'PATH': '/home/bhargav/miniconda3/bin:/home/bhargav/miniconda3/condabin:/home/bhargav/.nvm/versions/node/v20.20.0/bin:/opt/ros/humble/bin:/usr/local/sbin:/usr/local/bin:/usr/sbin:/usr/bin:/sbin:/bin:/usr/games:/usr/local/games:/snap/bin:/snap/bin', 'SESSION_MANAGER': 'local/bhargav:@/tmp/.ICE-unix/3211,unix/bhargav:/tmp/.ICE-unix/3211', 'INVOCATION_ID': '57909f15467b47fa804879239546a016', 'XDG_MENU_PREFIX': 'gnome-', 'XDG_RUNTIME_DIR': '/run/user/1000', 'DISPLAY': ':1', 'TERMINATOR_DBUS_PATH': '/net/tenshu/Terminator2', 'LANG': 'en_US.UTF-8', 'XDG_CURRENT_DESKTOP': 'ubuntu:GNOME', 'IBUS_DISABLE_SNOOPER': '1', '__NV_PRIME_RENDER_OFFLOAD': '1', 'XMODIFIERS': '@im=ibus', 'XDG_SESSION_DESKTOP': 'ubuntu', 'XAUTHORITY': '/run/user/1000/gdm/Xauthority', 'SSH_AGENT_LAUNCHER': 'gnome-keyring', 'SSH_AUTH_SOCK': '/run/user/1000/keyring/ssh', 'ROS_DOMAIN_ID': '89', 'AMENT_PREFIX_PATH': '/home/bhargav/ee_cs_265A_ws/install/f1tenth_stack:/home/bhargav/ee_cs_265A_ws/install/f1tenth_gym_ros:/home/bhargav/ee_cs_265A_ws/install/f1tenth_gazebo:/home/bhargav/ee_cs_265A_ws/install/ee_cs_265a:/opt/ros/humble', 'CONDA_PYTHON_EXE': '/home/bhargav/miniconda3/bin/python', 'SHELL': '/bin/bash', 'TERMINATOR_UUID': 'urn:uuid:5fa1e6c7-38f6-4a42-b063-5c2c17f5fd34', 'QT_ACCESSIBILITY': '1', 'GDMSESSION': 'ubuntu', 'CONDA_DEFAULT_ENV': 'base', 'GPG_AGENT_INFO': '/run/user/1000/gnupg/S.gpg-agent:0:1', 'GJS_DEBUG_OUTPUT': 'stderr', '_CONDA_EXE': '/home/bhargav/miniconda3/bin/conda', 'QT_IM_MODULE': 'ibus', 'PWD': '/home/bhargav/ee_cs_265A_ws/build/ee_cs_265a', 'LC_ALL': 'en_US.UTF-8', 'XDG_CONFIG_DIRS': '/etc/xdg/xdg-ubuntu:/etc/xdg', 'CONDA_EXE': '/home/bhargav/miniconda3/bin/conda', 'NVM_CD_FLAGS': '', 'XDG_DATA_DIRS': '/usr/share/ubuntu:/usr/share/gnome:/usr/local/share/:/usr/share/:/var/lib/snapd/desktop', 'PYTHONPATH': '/home/bhargav/ee_cs_265A_ws/build/ee_cs_265a/prefix_override:/usr/lib/python3/dist-packages/colcon_core/task/python/colcon_distutils_commands:/home/bhargav/ee_cs_265A_ws/install/ee_cs_265a/lib/python3.10/site-packages:/home/bhargav/ee_cs_265A_ws/install/f1tenth_stack/lib/python3.10/site-packages:/home/bhargav/ee_cs_265A_ws/install/f1tenth_gym_ros/lib/python3.10/site-packages:/home/bhargav/ee_cs_265A_ws/install/f1tenth_gazebo/lib/python3.10/site-packages:/home/bhargav/ee_cs_265A_ws/install/ee_cs_265a/lib/python3.10/site-packages:/opt/ros/humble/lib/python3.10/site-packages:/opt/ros/humble/local/lib/python3.10/dist-packages', 'CONDA_PREFIX': '/home/bhargav/miniconda3', 'COLCON': '1', 'VTE_VERSION': '6800'}, 'shell': False}
[0.412400] (f1tenth_gazebo) Command: {'cmd': ['/usr/bin/python3', '-W', 'ignore:setup.py install is deprecated', '-W', 'ignore:easy_install command is deprecated', 'setup.py', 'egg_info', '--egg-base', '../../build/f1tenth_gazebo', 'build', '--build-base', '/home/bhargav/ee_cs_265A_ws/build/f1tenth_gazebo/build', 'install', '--record', '/home/bhargav/ee_cs_265A_ws/build/f1tenth_gazebo/install.log', '--single-version-externally-managed', 'install_data'], 'cwd': '/home/bhargav/ee_cs_265A_ws/src/f1tenth_gazebo', 'env': {'GJS_DEBUG_TOPICS': 'JS ERROR;JS LOG', 'CONDA_PROMPT_MODIFIER': '(base)', 'USER': 'bhargav', 'XDG_SESSION_TYPE': 'x11', '__GLX_VENDOR_LIBRARY_NAME': 'nvidia', '__EGL_VENDOR_LIBRARY_FILENAMES': '/usr/share/glvnd/egl_vendor.d/10_nvidia.json', 'SHLVL': '1', 'LD_LIBRARY_PATH': '/usr/lib/x86_64-linux-gnu/gazebo-11/plugins:/opt/ros/humble/opt/rviz_ogre_vendor/lib:/opt/ros/humble/lib/x86_64-linux-gnu:/opt/ros/humble/lib', 'HOME': '/home/bhargav', 'CONDA_SHLVL': '1', 'OLDPWD': '/home/bhargav', 'DESKTOP_SESSION': 'ubuntu', 'NVM_BIN': '/home/bhargav/.nvm/versions/node/v20.20.0/bin', 'NVM_INC': '/home/bhargav/.nvm/versions/node/v20.20.0/include/node', 'GIO_LAUNCHED_DESKTOP_FILE': '/usr/share/applications/terminator.desktop', 'ROS_PYTHON_VERSION': '3', 'GNOME_SHELL_SESSION_MODE': 'ubuntu', 'GTK_MODULES': 'gail:atk-bridge', 'MANAGERPID': '2837', 'SYSTEMD_EXEC_PID': '3240', 'DBUS_SESSION_BUS_ADDRESS': 'unix:path=/run/user/1000/bus', 'COLORTERM': 'truecolor', '_CE_M': '', 'TERMINATOR_DBUS_NAME': 'net.tenshu.Terminator23558193cd9818af7fe4d2c2f5bd9d00f', '_CONDA_ROOT': '/home/bhargav/miniconda3', 'GIO_LAUNCHED_DESKTOP_FILE_PID': '13471', 'NVM_DIR': '/home/bhargav/.nvm', 'COLCON_PREFIX_PATH': '/home/bhargav/ee_cs_265A_ws/install', 'ROS_DISTRO': 'humble', 'GTK_IM_MODULE': 'ibus', 'LOGNAME': 'bhargav', 'JOURNAL_STREAM': '8:39988', '_': '/usr/bin/colcon', 'ROS_VERSION': '2', 'XDG_SESSION_CLASS': 'user', 'USERNAME': 'bhargav', 'TERM': 'xterm-256color', 'GNOME_DESKTOP_SESSION_ID': 'this-is-deprecated', '_CE_CONDA': '', 'ROS_LOCALHOST_ONLY': '0', 'WINDOWPATH': '2', 'PATH': '/home/bhargav/miniconda3/bin:/home/bhargav/miniconda3/condabin:/home/bhargav/.nvm/versions/node/v20.20.0/bin:/opt/ros/humble/bin:/usr/local/sbin:/usr/local/bin:/usr/sbin:/usr/bin:/sbin:/bin:/usr/games:/usr/local/games:/snap/bin:/snap/bin', 'SESSION_MANAGER': 'local/bhargav:@/tmp/.ICE-unix/3211,unix/bhargav:/tmp/.ICE-unix/3211', 'INVOCATION_ID': '57909f15467b47fa804879239546a016', 'XDG_MENU_PREFIX': 'gnome-', 'XDG_RUNTIME_DIR': '/run/user/1000', 'DISPLAY': ':1', 'TERMINATOR_DBUS_PATH': '/net/tenshu/Terminator2', 'LANG': 'en_US.UTF-8', 'XDG_CURRENT_DESKTOP': 'ubuntu:GNOME', 'IBUS_DISABLE_SNOOPER': '1', '__NV_PRIME_RENDER_OFFLOAD': '1', 'XMODIFIERS': '@im=ibus', 'XDG_SESSION_DESKTOP': 'ubuntu', 'XAUTHORITY': '/run/user/1000/gdm/Xauthority', 'SSH_AGENT_LAUNCHER': 'gnome-keyring', 'SSH_AUTH_SOCK': '/run/user/1000/keyring/ssh', 'ROS_DOMAIN_ID': '89', 'AMENT_PREFIX_PATH': '/home/bhargav/ee_cs_265A_ws/install/f1tenth_stack:/home/bhargav/ee_cs_265A_ws/install/f1tenth_gym_ros:/home/bhargav/ee_cs_265A_ws/install/f1tenth_gazebo:/home/bhargav/ee_cs_265A_ws/install/ee_cs_265a:/opt/ros/humble', 'CONDA_PYTHON_EXE': '/home/bhargav/miniconda3/bin/python', 'SHELL': '/bin/bash', 'TERMINATOR_UUID': 'urn:uuid:5fa1e6c7-38f6-4a42-b063-5c2c17f5fd34', 'QT_ACCESSIBILITY': '1', 'GDMSESSION': 'ubuntu', 'CONDA_DEFAULT_ENV': 'base', 'GPG_AGENT_INFO': '/run/user/1000/gnupg/S.gpg-agent:0:1', 'GJS_DEBUG_OUTPUT': 'stderr', '_CONDA_EXE': '/home/bhargav/miniconda3/bin/conda', 'QT_IM_MODULE': 'ibus', 'PWD': '/home/bhargav/ee_cs_265A_ws/build/f1tenth_gazebo', 'LC_ALL': 'en_US.UTF-8', 'XDG_CONFIG_DIRS': '/etc/xdg/xdg-ubuntu:/etc/xdg', 'CONDA_EXE': '/home/bhargav/miniconda3/bin/conda', 'NVM_CD_FLAGS': '', 'XDG_DATA_DIRS': '/usr/share/ubuntu:/usr/share/gnome:/usr/local/share/:/usr/share/:/var/lib/snapd/desktop', 'PYTHONPATH': '/home/bhargav/ee_cs_265A_ws/build/f1tenth_gazebo/prefix_override:/usr/lib/python3/dist-packages/colcon_core/task/python/colcon_distutils_commands:/home/bhargav/ee_cs_265A_ws/install/f1tenth_gazebo/lib/python3.10/site-packages:/home/bhargav/ee_cs_265A_ws/install/f1tenth_stack/lib/python3.10/site-packages:/home/bhargav/ee_cs_265A_ws/install/f1tenth_gym_ros/lib/python3.10/site-packages:/home/bhargav/ee_cs_265A_ws/install/f1tenth_gazebo/lib/python3.10/site-packages:/home/bhargav/ee_cs_265A_ws/install/ee_cs_265a/lib/python3.10/site-packages:/opt/ros/humble/lib/python3.10/site-packages:/opt/ros/humble/local/lib/python3.10/dist-packages', 'CONDA_PREFIX': '/home/bhargav/miniconda3', 'COLCON': '1', 'VTE_VERSION': '6800'}, 'shell': False}
[0.501424] (-) TimerEvent: {}
[0.532734] (ee_cs_265a) StdoutLine: {'line': b'running egg_info\n'}
[0.532860] (ee_cs_265a) StdoutLine: {'line': b'writing ../../build/ee_cs_265a/ee_cs_265a.egg-info/PKG-INFO\n'}
[0.532892] (ee_cs_265a) StdoutLine: {'line': b'writing dependency_links to ../../build/ee_cs_265a/ee_cs_265a.egg-info/dependency_links.txt\n'}
[0.532918] (ee_cs_265a) StdoutLine: {'line': b'writing entry points to ../../build/ee_cs_265a/ee_cs_265a.egg-info/entry_points.txt\n'}
[0.532941] (ee_cs_265a) StdoutLine: {'line': b'writing requirements to ../../build/ee_cs_265a/ee_cs_265a.egg-info/requires.txt\n'}
[0.532963] (ee_cs_265a) StdoutLine: {'line': b'writing top-level names to ../../build/ee_cs_265a/ee_cs_265a.egg-info/top_level.txt\n'}
[0.533728] (ee_cs_265a) StdoutLine: {'line': b"reading manifest file '../../build/ee_cs_265a/ee_cs_265a.egg-info/SOURCES.txt'\n"}
[0.535043] (ee_cs_265a) StdoutLine: {'line': b"writing manifest file '../../build/ee_cs_265a/ee_cs_265a.egg-info/SOURCES.txt'\n"}
[0.535107] (ee_cs_265a) StdoutLine: {'line': b'running build\n'}
[0.535137] (ee_cs_265a) StdoutLine: {'line': b'running build_py\n'}
[0.535161] (ee_cs_265a) StdoutLine: {'line': b'copying ee_cs_265a/trajectory_plotter.py -> /home/bhargav/ee_cs_265A_ws/build/ee_cs_265a/build/lib/ee_cs_265a\n'}
[0.535184] (ee_cs_265a) StdoutLine: {'line': b'running install\n'}
[0.535206] (ee_cs_265a) StdoutLine: {'line': b'running install_lib\n'}
[0.535227] (ee_cs_265a) StdoutLine: {'line': b'copying /home/bhargav/ee_cs_265A_ws/build/ee_cs_265a/build/lib/ee_cs_265a/trajectory_plotter.py -> /home/bhargav/ee_cs_265A_ws/install/ee_cs_265a/lib/python3.10/site-packages/ee_cs_265a\n'}
[0.536157] (f1tenth_gazebo) StdoutLine: {'line': b'running egg_info\n'}
[0.536200] (f1tenth_gazebo) StdoutLine: {'line': b'writing ../../build/f1tenth_gazebo/f1tenth_gazebo.egg-info/PKG-INFO\n'}
[0.536223] (f1tenth_gazebo) StdoutLine: {'line': b'writing dependency_links to ../../build/f1tenth_gazebo/f1tenth_gazebo.egg-info/dependency_links.txt\n'}
[0.536245] (ee_cs_265a) StdoutLine: {'line': b'byte-compiling /home/bhargav/ee_cs_265A_ws/install/ee_cs_265a/lib/python3.10/site-packages/ee_cs_265a/trajectory_plotter.py to trajectory_plotter.cpython-310.pyc\n'}
[0.536266] (f1tenth_gazebo) StdoutLine: {'line': b'writing entry points to ../../build/f1tenth_gazebo/f1tenth_gazebo.egg-info/entry_points.txt\n'}
[0.536286] (f1tenth_gazebo) StdoutLine: {'line': b'writing requirements to ../../build/f1tenth_gazebo/f1tenth_gazebo.egg-info/requires.txt\n'}
[0.536311] (f1tenth_gazebo) StdoutLine: {'line': b'writing top-level names to ../../build/f1tenth_gazebo/f1tenth_gazebo.egg-info/top_level.txt\n'}
[0.537254] (f1tenth_gazebo) StdoutLine: {'line': b"reading manifest file '../../build/f1tenth_gazebo/f1tenth_gazebo.egg-info/SOURCES.txt'\n"}
[0.537334] (f1tenth_gazebo) StdoutLine: {'line': b"writing manifest file '../../build/f1tenth_gazebo/f1tenth_gazebo.egg-info/SOURCES.txt'\n"}
[0.537362] (f1tenth_gazebo) StdoutLine: {'line': b'running build\n'}
[0.537386] (f1tenth_gazebo) StdoutLine: {'line': b'running build_py\n'}
[0.537429] (f1tenth_gazebo) StdoutLine: {'line': b'running install\n'}
[0.537483] (ee_cs_265a) StdoutLine: {'line': b'running install_data\n'}
[0.537510] (ee_cs_265a) StdoutLine: {'line': b'running install_egg_info\n'}
[0.537546] (f1tenth_gazebo) StdoutLine: {'line': b'running install_lib\n'}
[0.538007] (f1tenth_gazebo) StdoutLine: {'line': b'running install_data\n'}
[0.538127] (ee_cs_265a) StdoutLine: {'line': b"removing '/home/bhargav/ee_cs_265A_ws/install/ee_cs_265a/lib/python3.10/site-packages/ee_cs_265a-0.0.0-py3.10.egg-info' (and everything under it)\n"}
[0.538158] (ee_cs_265a) StdoutLine: {'line': b'Copying ../../build/ee_cs_265a/ee_cs_265a.egg-info to /home/bhargav/ee_cs_265A_ws/install/ee_cs_265a/lib/python3.10/site-packages/ee_cs_265a-0.0.0-py3.10.egg-info\n'}
[0.540128] (f1tenth_gazebo) StdoutLine: {'line': b'running install_egg_info\n'}
[0.540160] (ee_cs_265a) StdoutLine: {'line': b'running install_scripts\n'}
[0.541782] (f1tenth_gazebo) StdoutLine: {'line': b"removing '/home/bhargav/ee_cs_265A_ws/install/f1tenth_gazebo/lib/python3.10/site-packages/f1tenth_gazebo-0.0.1-py3.10.egg-info' (and everything under it)\n"}
[0.541844] (f1tenth_gazebo) StdoutLine: {'line': b'Copying ../../build/f1tenth_gazebo/f1tenth_gazebo.egg-info to /home/bhargav/ee_cs_265A_ws/install/f1tenth_gazebo/lib/python3.10/site-packages/f1tenth_gazebo-0.0.1-py3.10.egg-info\n'}
[0.541871] (f1tenth_gazebo) StdoutLine: {'line': b'running install_scripts\n'}
[0.551477] (ee_cs_265a) StdoutLine: {'line': b'Installing dynamic_agent script to /home/bhargav/ee_cs_265A_ws/install/ee_cs_265a/lib/ee_cs_265a\n'}
[0.551556] (ee_cs_265a) StdoutLine: {'line': b'Installing global_planner script to /home/bhargav/ee_cs_265A_ws/install/ee_cs_265a/lib/ee_cs_265a\n'}
[0.551586] (ee_cs_265a) StdoutLine: {'line': b'Installing local_planner script to /home/bhargav/ee_cs_265A_ws/install/ee_cs_265a/lib/ee_cs_265a\n'}
[0.551612] (ee_cs_265a) StdoutLine: {'line': b'Installing pure_pursuit script to /home/bhargav/ee_cs_265A_ws/install/ee_cs_265a/lib/ee_cs_265a\n'}
[0.551635] (ee_cs_265a) StdoutLine: {'line': b'Installing trajectory_plotter script to /home/bhargav/ee_cs_265A_ws/install/ee_cs_265a/lib/ee_cs_265a\n'}
[0.551661] (ee_cs_265a) StdoutLine: {'line': b"writing list of installed files to '/home/bhargav/ee_cs_265A_ws/build/ee_cs_265a/install.log'\n"}
[0.552334] (f1tenth_gazebo) StdoutLine: {'line': b"writing list of installed files to '/home/bhargav/ee_cs_265A_ws/build/f1tenth_gazebo/install.log'\n"}
[0.564158] (ee_cs_265a) CommandEnded: {'returncode': 0}
[0.568974] (ee_cs_265a) JobEnded: {'identifier': 'ee_cs_265a', 'rc': 0}
[0.570457] (f1tenth_gazebo) CommandEnded: {'returncode': 0}
[0.571820] (f1tenth_gazebo) JobEnded: {'identifier': 'f1tenth_gazebo', 'rc': 0}
[0.572093] (-) EventReactorShutdown: {}
