[0.000000] (-) TimerEvent: {}
[0.000725] (-) JobUnselected: {'identifier': 'console'}
[0.000744] (-) JobUnselected: {'identifier': 'ee_cs_265a'}
[0.000754] (-) JobUnselected: {'identifier': 'f1tenth_gym_ros'}
[0.000761] (-) JobUnselected: {'identifier': 'f1tenth_stack'}
[0.000768] (-) JobUnselected: {'identifier': 'hector_compressed_map_transport'}
[0.000774] (-) JobUnselected: {'identifier': 'hector_geotiff'}
[0.000780] (-) JobUnselected: {'identifier': 'hector_geotiff_plugins'}
[0.000786] (-) JobUnselected: {'identifier': 'hector_imu_attitude_to_tf'}
[0.000792] (-) JobUnselected: {'identifier': 'hector_imu_tools'}
[0.000797] (-) JobUnselected: {'identifier': 'hector_map_server'}
[0.000803] (-) JobUnselected: {'identifier': 'hector_map_tools'}
[0.000809] (-) JobUnselected: {'identifier': 'hector_mapping'}
[0.000815] (-) JobUnselected: {'identifier': 'hector_marker_drawing'}
[0.000821] (-) JobUnselected: {'identifier': 'hector_nav_msgs'}
[0.000826] (-) JobUnselected: {'identifier': 'hector_slam'}
[0.000832] (-) JobUnselected: {'identifier': 'hector_slam_launch'}
[0.000838] (-) JobUnselected: {'identifier': 'hector_trajectory_server'}
[0.000843] (-) JobUnselected: {'identifier': 'platform'}
[0.000849] (-) JobUnselected: {'identifier': 'racecar_control'}
[0.000855] (-) JobUnselected: {'identifier': 'racecar_description'}
[0.000862] (-) JobUnselected: {'identifier': 'racecar_gazebo'}
[0.000868] (-) JobUnselected: {'identifier': 'simulator'}
[0.000875] (-) JobUnselected: {'identifier': 'vesc'}
[0.000881] (-) JobUnselected: {'identifier': 'vesc_ackermann'}
[0.000887] (-) JobUnselected: {'identifier': 'vesc_driver'}
[0.000892] (-) JobUnselected: {'identifier': 'vesc_msgs'}
[0.000899] (f1tenth_gazebo) JobQueued: {'identifier': 'f1tenth_gazebo', 'dependencies': OrderedDict()}
[0.000908] (f1tenth_gazebo) JobStarted: {'identifier': 'f1tenth_gazebo'}
[0.099889] (-) TimerEvent: {}
[0.200125] (-) TimerEvent: {}
[0.300980] (-) TimerEvent: {}
[0.315583] (f1tenth_gazebo) Command: {'cmd': ['/usr/bin/python3', '-W', 'ignore:setup.py install is deprecated', '-W', 'ignore:easy_install command is deprecated', 'setup.py', 'egg_info', '--egg-base', '../../build/f1tenth_gazebo', 'build', '--build-base', '/home/bhargav/ee_cs_265A_ws/build/f1tenth_gazebo/build', 'install', '--record', '/home/bhargav/ee_cs_265A_ws/build/f1tenth_gazebo/install.log', '--single-version-externally-managed', 'install_data'], 'cwd': '/home/bhargav/ee_cs_265A_ws/src/f1tenth_gazebo', 'env': {'GJS_DEBUG_TOPICS': 'JS ERROR;JS LOG', 'CONDA_PROMPT_MODIFIER': '(base)', 'USER': 'bhargav', 'XDG_SESSION_TYPE': 'x11', 'SHLVL': '1', 'LD_LIBRARY_PATH': '/usr/lib/x86_64-linux-gnu/gazebo-11/plugins:/opt/ros/humble/opt/rviz_ogre_vendor/lib:/opt/ros/humble/lib/x86_64-linux-gnu:/opt/ros/humble/lib', 'HOME': '/home/bhargav', 'CONDA_SHLVL': '1', 'OLDPWD': '/home/bhargav/ee_cs_265A_ws', 'DESKTOP_SESSION': 'ubuntu', 'NVM_BIN': '/home/bhargav/.nvm/versions/node/v20.20.0/bin', 'NVM_INC': '/home/bhargav/.nvm/versions/node/v20.20.0/include/node', 'GIO_LAUNCHED_DESKTOP_FILE': '/usr/share/applications/terminator.desktop', 'ROS_PYTHON_VERSION': '3', 'GNOME_SHELL_SESSION_MODE': 'ubuntu', 'GTK_MODULES': 'gail:atk-bridge', 'MANAGERPID': '2766', 'SYSTEMD_EXEC_PID': '3193', 'DBUS_SESSION_BUS_ADDRESS': 'unix:path=/run/user/1000/bus', 'COLORTERM': 'truecolor', '_CE_M': '', 'TERMINATOR_DBUS_NAME': 'net.tenshu.Terminator23558193cd9818af7fe4d2c2f5bd9d00f', '_CONDA_ROOT': '/home/bhargav/miniconda3', 'GIO_LAUNCHED_DESKTOP_FILE_PID': '15274', 'NVM_DIR': '/home/bhargav/.nvm', 'ROS_DISTRO': 'humble', 'GTK_IM_MODULE': 'ibus', 'LOGNAME': 'bhargav', 'JOURNAL_STREAM': '8:19744', '_': '/usr/bin/colcon', 'ROS_VERSION': '2', 'XDG_SESSION_CLASS': 'user', 'USERNAME': 'bhargav', 'TERM': 'xterm-256color', 'GNOME_DESKTOP_SESSION_ID': 'this-is-deprecated', '_CE_CONDA': '', 'ROS_LOCALHOST_ONLY': '0', 'WINDOWPATH': '2', 'PATH': '/home/bhargav/miniconda3/bin:/home/bhargav/miniconda3/condabin:/home/bhargav/.nvm/versions/node/v20.20.0/bin:/opt/ros/humble/bin:/usr/local/sbin:/usr/local/bin:/usr/sbin:/usr/bin:/sbin:/bin:/usr/games:/usr/local/games:/snap/bin:/snap/bin', 'SESSION_MANAGER': 'local/bhargav:@/tmp/.ICE-unix/3170,unix/bhargav:/tmp/.ICE-unix/3170', 'INVOCATION_ID': '5eab779923da4642a00b2c180ecd8380', 'XDG_MENU_PREFIX': 'gnome-', 'XDG_RUNTIME_DIR': '/run/user/1000', 'DISPLAY': ':1', 'TERMINATOR_DBUS_PATH': '/net/tenshu/Terminator2', 'LANG': 'en_US.UTF-8', 'XDG_CURRENT_DESKTOP': 'ubuntu:GNOME', 'IBUS_DISABLE_SNOOPER': '1', 'XMODIFIERS': '@im=ibus', 'XDG_SESSION_DESKTOP': 'ubuntu', 'XAUTHORITY': '/run/user/1000/gdm/Xauthority', 'SSH_AGENT_LAUNCHER': 'gnome-keyring', 'SSH_AUTH_SOCK': '/run/user/1000/keyring/ssh', 'ROS_DOMAIN_ID': '89', 'AMENT_PREFIX_PATH': '/opt/ros/humble', 'CONDA_PYTHON_EXE': '/home/bhargav/miniconda3/bin/python', 'SHELL': '/bin/bash', 'TERMINATOR_UUID': 'urn:uuid:9630a209-764e-43b1-ae9b-8222722f1cdc', 'QT_ACCESSIBILITY': '1', 'GDMSESSION': 'ubuntu', 'CONDA_DEFAULT_ENV': 'base', 'GPG_AGENT_INFO': '/run/user/1000/gnupg/S.gpg-agent:0:1', 'GJS_DEBUG_OUTPUT': 'stderr', '_CONDA_EXE': '/home/bhargav/miniconda3/bin/conda', 'QT_IM_MODULE': 'ibus', 'PWD': '/home/bhargav/ee_cs_265A_ws/build/f1tenth_gazebo', 'LC_ALL': 'en_US.UTF-8', 'XDG_CONFIG_DIRS': '/etc/xdg/xdg-ubuntu:/etc/xdg', 'CONDA_EXE': '/home/bhargav/miniconda3/bin/conda', 'NVM_CD_FLAGS': '', 'XDG_DATA_DIRS': '/usr/share/ubuntu:/usr/share/gnome:/usr/local/share/:/usr/share/:/var/lib/snapd/desktop', 'PYTHONPATH': '/home/bhargav/ee_cs_265A_ws/build/f1tenth_gazebo/prefix_override:/usr/lib/python3/dist-packages/colcon_core/task/python/colcon_distutils_commands:/home/bhargav/ee_cs_265A_ws/install/f1tenth_gazebo/lib/python3.10/site-packages:/opt/ros/humble/lib/python3.10/site-packages:/opt/ros/humble/local/lib/python3.10/dist-packages', 'CONDA_PREFIX': '/home/bhargav/miniconda3', 'COLCON': '1', 'VTE_VERSION': '6800'}, 'shell': False}
[0.401451] (-) TimerEvent: {}
[0.433245] (f1tenth_gazebo) StdoutLine: {'line': b'running egg_info\n'}
[0.433742] (f1tenth_gazebo) StdoutLine: {'line': b'writing ../../build/f1tenth_gazebo/f1tenth_gazebo.egg-info/PKG-INFO\n'}
[0.433786] (f1tenth_gazebo) StdoutLine: {'line': b'writing dependency_links to ../../build/f1tenth_gazebo/f1tenth_gazebo.egg-info/dependency_links.txt\n'}
[0.433865] (f1tenth_gazebo) StdoutLine: {'line': b'writing entry points to ../../build/f1tenth_gazebo/f1tenth_gazebo.egg-info/entry_points.txt\n'}
[0.433895] (f1tenth_gazebo) StdoutLine: {'line': b'writing requirements to ../../build/f1tenth_gazebo/f1tenth_gazebo.egg-info/requires.txt\n'}
[0.433920] (f1tenth_gazebo) StdoutLine: {'line': b'writing top-level names to ../../build/f1tenth_gazebo/f1tenth_gazebo.egg-info/top_level.txt\n'}
[0.434622] (f1tenth_gazebo) StdoutLine: {'line': b"reading manifest file '../../build/f1tenth_gazebo/f1tenth_gazebo.egg-info/SOURCES.txt'\n"}
[0.435057] (f1tenth_gazebo) StdoutLine: {'line': b"writing manifest file '../../build/f1tenth_gazebo/f1tenth_gazebo.egg-info/SOURCES.txt'\n"}
[0.435131] (f1tenth_gazebo) StdoutLine: {'line': b'running build\n'}
[0.435180] (f1tenth_gazebo) StdoutLine: {'line': b'running build_py\n'}
[0.435225] (f1tenth_gazebo) StdoutLine: {'line': b'running install\n'}
[0.435382] (f1tenth_gazebo) StdoutLine: {'line': b'running install_lib\n'}
[0.435971] (f1tenth_gazebo) StdoutLine: {'line': b'running install_data\n'}
[0.436033] (f1tenth_gazebo) StdoutLine: {'line': b'copying launch/f1tenth_ign.launch.py -> /home/bhargav/ee_cs_265A_ws/install/f1tenth_gazebo/share/f1tenth_gazebo/launch\n'}
[0.436161] (f1tenth_gazebo) StdoutLine: {'line': b'copying urdf/racecar_red.gazebo -> /home/bhargav/ee_cs_265A_ws/install/f1tenth_gazebo/share/f1tenth_gazebo/urdf\n'}
[0.436200] (f1tenth_gazebo) StdoutLine: {'line': b'copying urdf/racecar_green.gazebo -> /home/bhargav/ee_cs_265A_ws/install/f1tenth_gazebo/share/f1tenth_gazebo/urdf\n'}
[0.436364] (f1tenth_gazebo) StdoutLine: {'line': b'copying urdf/racecar_blue.gazebo -> /home/bhargav/ee_cs_265A_ws/install/f1tenth_gazebo/share/f1tenth_gazebo/urdf\n'}
[0.436398] (f1tenth_gazebo) StdoutLine: {'line': b'copying urdf/racecar.gazebo -> /home/bhargav/ee_cs_265A_ws/install/f1tenth_gazebo/share/f1tenth_gazebo/urdf\n'}
[0.436543] (f1tenth_gazebo) StdoutLine: {'line': b'running install_egg_info\n'}
[0.437277] (f1tenth_gazebo) StdoutLine: {'line': b"removing '/home/bhargav/ee_cs_265A_ws/install/f1tenth_gazebo/lib/python3.10/site-packages/f1tenth_gazebo-0.0.1-py3.10.egg-info' (and everything under it)\n"}
[0.439400] (f1tenth_gazebo) StdoutLine: {'line': b'Copying ../../build/f1tenth_gazebo/f1tenth_gazebo.egg-info to /home/bhargav/ee_cs_265A_ws/install/f1tenth_gazebo/lib/python3.10/site-packages/f1tenth_gazebo-0.0.1-py3.10.egg-info\n'}
[0.439706] (f1tenth_gazebo) StdoutLine: {'line': b'running install_scripts\n'}
[0.451475] (f1tenth_gazebo) StdoutLine: {'line': b"writing list of installed files to '/home/bhargav/ee_cs_265A_ws/build/f1tenth_gazebo/install.log'\n"}
[0.463913] (f1tenth_gazebo) CommandEnded: {'returncode': 0}
[0.469916] (f1tenth_gazebo) JobEnded: {'identifier': 'f1tenth_gazebo', 'rc': 0}
[0.470475] (-) EventReactorShutdown: {}
