running egg_info
creating ../../build/ee_cs_265a/ee_cs_265a.egg-info
writing ../../build/ee_cs_265a/ee_cs_265a.egg-info/PKG-INFO
writing dependency_links to ../../build/ee_cs_265a/ee_cs_265a.egg-info/dependency_links.txt
writing entry points to ../../build/ee_cs_265a/ee_cs_265a.egg-info/entry_points.txt
writing requirements to ../../build/ee_cs_265a/ee_cs_265a.egg-info/requires.txt
writing top-level names to ../../build/ee_cs_265a/ee_cs_265a.egg-info/top_level.txt
writing manifest file '../../build/ee_cs_265a/ee_cs_265a.egg-info/SOURCES.txt'
reading manifest file '../../build/ee_cs_265a/ee_cs_265a.egg-info/SOURCES.txt'
writing manifest file '../../build/ee_cs_265a/ee_cs_265a.egg-info/SOURCES.txt'
running build
running build_py
creating /home/bhargav/ee_cs_265A_ws/build/ee_cs_265a/build
creating /home/bhargav/ee_cs_265A_ws/build/ee_cs_265a/build/lib
creating /home/bhargav/ee_cs_265A_ws/build/ee_cs_265a/build/lib/ee_cs_265a
copying ee_cs_265a/__init__.py -> /home/bhargav/ee_cs_265A_ws/build/ee_cs_265a/build/lib/ee_cs_265a
running install
running install_lib
creating /home/bhargav/ee_cs_265A_ws/install/ee_cs_265a/lib/python3.10/site-packages/ee_cs_265a
copying /home/bhargav/ee_cs_265A_ws/build/ee_cs_265a/build/lib/ee_cs_265a/__init__.py -> /home/bhargav/ee_cs_265A_ws/install/ee_cs_265a/lib/python3.10/site-packages/ee_cs_265a
byte-compiling /home/bhargav/ee_cs_265A_ws/install/ee_cs_265a/lib/python3.10/site-packages/ee_cs_265a/__init__.py to __init__.cpython-310.pyc
running install_data
creating /home/bhargav/ee_cs_265A_ws/install/ee_cs_265a/share/ament_index
creating /home/bhargav/ee_cs_265A_ws/install/ee_cs_265a/share/ament_index/resource_index
creating /home/bhargav/ee_cs_265A_ws/install/ee_cs_265a/share/ament_index/resource_index/packages
copying resource/ee_cs_265a -> /home/bhargav/ee_cs_265A_ws/install/ee_cs_265a/share/ament_index/resource_index/packages
copying package.xml -> /home/bhargav/ee_cs_265A_ws/install/ee_cs_265a/share/ee_cs_265a
running install_egg_info
Copying ../../build/ee_cs_265a/ee_cs_265a.egg-info to /home/bhargav/ee_cs_265A_ws/install/ee_cs_265a/lib/python3.10/site-packages/ee_cs_265a-0.0.0-py3.10.egg-info
running install_scripts
writing list of installed files to '/home/bhargav/ee_cs_265A_ws/build/ee_cs_265a/install.log'
