[0.000000] (-) TimerEvent: {}
[0.000630] (-) JobUnselected: {'identifier': 'console'}
[0.000652] (-) JobUnselected: {'identifier': 'ee_cs_265a'}
[0.000660] (-) JobUnselected: {'identifier': 'f1tenth_gym_ros'}
[0.000667] (-) JobUnselected: {'identifier': 'f1tenth_stack'}
[0.000673] (-) JobUnselected: {'identifier': 'hector_compressed_map_transport'}
[0.000680] (-) JobUnselected: {'identifier': 'hector_geotiff'}
[0.000686] (-) JobUnselected: {'identifier': 'hector_geotiff_plugins'}
[0.000692] (-) JobUnselected: {'identifier': 'hector_imu_attitude_to_tf'}
[0.000698] (-) JobUnselected: {'identifier': 'hector_imu_tools'}
[0.000703] (-) JobUnselected: {'identifier': 'hector_map_server'}
[0.000709] (-) JobUnselected: {'identifier': 'hector_map_tools'}
[0.000715] (-) JobUnselected: {'identifier': 'hector_mapping'}
[0.000720] (-) JobUnselected: {'identifier': 'hector_marker_drawing'}
[0.000725] (-) JobUnselected: {'identifier': 'hector_nav_msgs'}
[0.000731] (-) JobUnselected: {'identifier': 'hector_slam'}
[0.000736] (-) JobUnselected: {'identifier': 'hector_slam_launch'}
[0.000742] (-) JobUnselected: {'identifier': 'hector_trajectory_server'}
[0.000747] (-) JobUnselected: {'identifier': 'platform'}
[0.000752] (-) JobUnselected: {'identifier': 'racecar_control'}
[0.000758] (-) JobUnselected: {'identifier': 'racecar_description'}
[0.000763] (-) JobUnselected: {'identifier': 'racecar_gazebo'}
[0.000769] (-) JobUnselected: {'identifier': 'simulator'}
[0.000774] (-) JobUnselected: {'identifier': 'vesc'}
[0.000780] (-) JobUnselected: {'identifier': 'vesc_ackermann'}
[0.000785] (-) JobUnselected: {'identifier': 'vesc_driver'}
[0.000790] (-) JobUnselected: {'identifier': 'vesc_msgs'}
[0.000796] (f1tenth_gazebo) JobQueued: {'identifier': 'f1tenth_gazebo', 'dependencies': OrderedDict()}
[0.000804] (f1tenth_gazebo) JobStarted: {'identifier': 'f1tenth_gazebo'}
[0.100031] (-) TimerEvent: {}
[0.200275] (-) TimerEvent: {}
[0.290093] (f1tenth_gazebo) Command: {'cmd': ['/usr/bin/python3', '-W', 'ignore:setup.py install is deprecated', '-W', 'ignore:easy_install command is deprecated', 'setup.py', 'egg_info', '--egg-base', '../../build/f1tenth_gazebo', 'build', '--build-base', '/home/bhargav/ee_cs_265A_ws/build/f1tenth_gazebo/build', 'install', '--record', '/home/bhargav/ee_cs_265A_ws/build/f1tenth_gazebo/install.log', '--single-version-externally-managed', 'install_data'], 'cwd': '/home/bhargav/ee_cs_265A_ws/src/f1tenth_gazebo', 'env': {'GJS_DEBUG_TOPICS': 'JS ERROR;JS LOG', 'CONDA_PROMPT_MODIFIER': '(base)', 'USER': 'bhargav', 'XDG_SESSION_TYPE': 'x11', 'SHLVL': '1', 'LD_LIBRARY_PATH': '/opt/ros/humble/opt/rviz_ogre_vendor/lib:/opt/ros/humble/lib/x86_64-linux-gnu:/opt/ros/humble/lib', 'HOME': '/home/bhargav', 'CONDA_SHLVL': '1', 'OLDPWD': '/home/bhargav/ee_cs_265A_ws', 'DESKTOP_SESSION': 'ubuntu', 'NVM_BIN': '/home/bhargav/.nvm/versions/node/v20.20.0/bin', 'NVM_INC': '/home/bhargav/.nvm/versions/node/v20.20.0/include/node', 'GIO_LAUNCHED_DESKTOP_FILE': '/usr/share/applications/terminator.desktop', 'ROS_PYTHON_VERSION': '3', 'GNOME_SHELL_SESSION_MODE': 'ubuntu', 'GTK_MODULES': 'gail:atk-bridge', 'MANAGERPID': '2790', 'SYSTEMD_EXEC_PID': '3213', 'DBUS_SESSION_BUS_ADDRESS': 'unix:path=/run/user/1000/bus', 'COLORTERM': 'truecolor', '_CE_M': '', 'TERMINATOR_DBUS_NAME': 'net.tenshu.Terminator23558193cd9818af7fe4d2c2f5bd9d00f', '_CONDA_ROOT': '/home/bhargav/miniconda3', 'GIO_LAUNCHED_DESKTOP_FILE_PID': '3770', 'NVM_DIR': '/home/bhargav/.nvm', 'COLCON_PREFIX_PATH': '/home/bhargav/ee_cs_265A_ws/install', 'ROS_DISTRO': 'humble', 'GTK_IM_MODULE': 'ibus', 'LOGNAME': 'bhargav', 'JOURNAL_STREAM': '8:37586', '_': '/usr/bin/colcon', 'ROS_VERSION': '2', 'XDG_SESSION_CLASS': 'user', 'USERNAME': 'bhargav', 'TERM': 'xterm-256color', 'GNOME_DESKTOP_SESSION_ID': 'this-is-deprecated', '_CE_CONDA': '', 'ROS_LOCALHOST_ONLY': '0', 'WINDOWPATH': '2', 'PATH': '/home/bhargav/miniconda3/bin:/home/bhargav/miniconda3/condabin:/home/bhargav/.nvm/versions/node/v20.20.0/bin:/opt/ros/humble/bin:/usr/local/sbin:/usr/local/bin:/usr/sbin:/usr/bin:/sbin:/bin:/usr/games:/usr/local/games:/snap/bin:/snap/bin', 'SESSION_MANAGER': 'local/bhargav:@/tmp/.ICE-unix/3190,unix/bhargav:/tmp/.ICE-unix/3190', 'INVOCATION_ID': '631bd961246d4950869a988de34654b3', 'XDG_MENU_PREFIX': 'gnome-', 'XDG_RUNTIME_DIR': '/run/user/1000', 'DISPLAY': ':1', 'TERMINATOR_DBUS_PATH': '/net/tenshu/Terminator2', 'LANG': 'en_US.UTF-8', 'XDG_CURRENT_DESKTOP': 'ubuntu:GNOME', 'IBUS_DISABLE_SNOOPER': '1', 'XMODIFIERS': '@im=ibus', 'XDG_SESSION_DESKTOP': 'ubuntu', 'XAUTHORITY': '/run/user/1000/gdm/Xauthority', 'SSH_AGENT_LAUNCHER': 'gnome-keyring', 'SSH_AUTH_SOCK': '/run/user/1000/keyring/ssh', 'ROS_DOMAIN_ID': '89', 'AMENT_PREFIX_PATH': '/home/bhargav/ee_cs_265A_ws/install/f1tenth_stack:/home/bhargav/ee_cs_265A_ws/install/f1tenth_gym_ros:/home/bhargav/ee_cs_265A_ws/install/ee_cs_265a:/opt/ros/humble', 'CONDA_PYTHON_EXE': '/home/bhargav/miniconda3/bin/python', 'SHELL': '/bin/bash', 'TERMINATOR_UUID': 'urn:uuid:1eb21bb0-e6d1-4d73-bcad-0bae89f826c9', 'QT_ACCESSIBILITY': '1', 'GDMSESSION': 'ubuntu', 'CONDA_DEFAULT_ENV': 'base', 'GPG_AGENT_INFO': '/run/user/1000/gnupg/S.gpg-agent:0:1', 'GJS_DEBUG_OUTPUT': 'stderr', '_CONDA_EXE': '/home/bhargav/miniconda3/bin/conda', 'QT_IM_MODULE': 'ibus', 'PWD': '/home/bhargav/ee_cs_265A_ws/build/f1tenth_gazebo', 'LC_ALL': 'en_US.UTF-8', 'XDG_CONFIG_DIRS': '/etc/xdg/xdg-ubuntu:/etc/xdg', 'CONDA_EXE': '/home/bhargav/miniconda3/bin/conda', 'NVM_CD_FLAGS': '', 'XDG_DATA_DIRS': '/usr/share/ubuntu:/usr/share/gnome:/usr/local/share/:/usr/share/:/var/lib/snapd/desktop', 'PYTHONPATH': '/home/bhargav/ee_cs_265A_ws/build/f1tenth_gazebo/prefix_override:/usr/lib/python3/dist-packages/colcon_core/task/python/colcon_distutils_commands:/home/bhargav/ee_cs_265A_ws/install/f1tenth_gazebo/lib/python3.10/site-packages:/home/bhargav/ee_cs_265A_ws/install/f1tenth_stack/lib/python3.10/site-packages:/home/bhargav/ee_cs_265A_ws/install/f1tenth_gym_ros/lib/python3.10/site-packages:/home/bhargav/ee_cs_265A_ws/build/ee_cs_265a:/home/bhargav/ee_cs_265A_ws/install/ee_cs_265a/lib/python3.10/site-packages:/opt/ros/humble/lib/python3.10/site-packages:/opt/ros/humble/local/lib/python3.10/dist-packages', 'CONDA_PREFIX': '/home/bhargav/miniconda3', 'COLCON': '1', 'VTE_VERSION': '6800'}, 'shell': False}
[0.300355] (-) TimerEvent: {}
[0.400674] (f1tenth_gazebo) StdoutLine: {'line': b'running egg_info\n'}
[0.400857] (-) TimerEvent: {}
[0.401191] (f1tenth_gazebo) StdoutLine: {'line': b'writing ../../build/f1tenth_gazebo/f1tenth_gazebo.egg-info/PKG-INFO\n'}
[0.401414] (f1tenth_gazebo) StdoutLine: {'line': b'writing dependency_links to ../../build/f1tenth_gazebo/f1tenth_gazebo.egg-info/dependency_links.txt\n'}
[0.401444] (f1tenth_gazebo) StdoutLine: {'line': b'writing entry points to ../../build/f1tenth_gazebo/f1tenth_gazebo.egg-info/entry_points.txt\n'}
[0.401468] (f1tenth_gazebo) StdoutLine: {'line': b'writing requirements to ../../build/f1tenth_gazebo/f1tenth_gazebo.egg-info/requires.txt\n'}
[0.401488] (f1tenth_gazebo) StdoutLine: {'line': b'writing top-level names to ../../build/f1tenth_gazebo/f1tenth_gazebo.egg-info/top_level.txt\n'}
[0.401984] (f1tenth_gazebo) StdoutLine: {'line': b"reading manifest file '../../build/f1tenth_gazebo/f1tenth_gazebo.egg-info/SOURCES.txt'\n"}
[0.402398] (f1tenth_gazebo) StdoutLine: {'line': b"writing manifest file '../../build/f1tenth_gazebo/f1tenth_gazebo.egg-info/SOURCES.txt'\n"}
[0.402563] (f1tenth_gazebo) StdoutLine: {'line': b'running build\n'}
[0.402594] (f1tenth_gazebo) StdoutLine: {'line': b'running build_py\n'}
[0.402630] (f1tenth_gazebo) StdoutLine: {'line': b'running install\n'}
[0.402666] (f1tenth_gazebo) StdoutLine: {'line': b'running install_lib\n'}
[0.403259] (f1tenth_gazebo) StdoutLine: {'line': b'running install_data\n'}
[0.403470] (f1tenth_gazebo) StdoutLine: {'line': b'running install_egg_info\n'}
[0.404431] (f1tenth_gazebo) StdoutLine: {'line': b"removing '/home/bhargav/ee_cs_265A_ws/install/f1tenth_gazebo/lib/python3.10/site-packages/f1tenth_gazebo-0.0.1-py3.10.egg-info' (and everything under it)\n"}
[0.404485] (f1tenth_gazebo) StdoutLine: {'line': b'Copying ../../build/f1tenth_gazebo/f1tenth_gazebo.egg-info to /home/bhargav/ee_cs_265A_ws/install/f1tenth_gazebo/lib/python3.10/site-packages/f1tenth_gazebo-0.0.1-py3.10.egg-info\n'}
[0.405620] (f1tenth_gazebo) StdoutLine: {'line': b'running install_scripts\n'}
[0.414848] (f1tenth_gazebo) StdoutLine: {'line': b"writing list of installed files to '/home/bhargav/ee_cs_265A_ws/build/f1tenth_gazebo/install.log'\n"}
[0.426881] (f1tenth_gazebo) CommandEnded: {'returncode': 0}
[0.433019] (f1tenth_gazebo) JobEnded: {'identifier': 'f1tenth_gazebo', 'rc': 0}
[0.433628] (-) EventReactorShutdown: {}
