[0.050s] DEBUG:colcon:Command line arguments: ['/usr/bin/colcon', 'build', '--packages-select', 'ee_cs_265a', 'f1tenth_gazebo']
[0.050s] DEBUG:colcon:Parsed command line arguments: Namespace(log_base=None, log_level=None, verb_name='build', build_base='build', install_base='install', merge_install=False, symlink_install=False, test_result_base=None, continue_on_error=False, executor='parallel', parallel_workers=24, event_handlers=None, ignore_user_meta=False, metas=['./colcon.meta'], base_paths=['.'], packages_ignore=None, packages_ignore_regex=None, paths=None, packages_up_to=None, packages_up_to_regex=None, packages_above=None, packages_above_and_dependencies=None, packages_above_depth=None, packages_select_by_dep=None, packages_skip_by_dep=None, packages_skip_up_to=None, packages_select_build_failed=False, packages_skip_build_finished=False, packages_select_test_failures=False, packages_skip_test_passed=False, packages_select=['ee_cs_265a', 'f1tenth_gazebo'], packages_skip=None, packages_select_regex=None, packages_skip_regex=None, packages_start=None, packages_end=None, allow_overriding=[], cmake_args=None, cmake_target=None, cmake_target_skip_unavailable=False, cmake_clean_cache=False, cmake_clean_first=False, cmake_force_configure=False, ament_cmake_args=None, catkin_cmake_args=None, catkin_skip_building_tests=False, mixin_files=None, mixin=None, verb_parser=<colcon_mixin.mixin.mixin_argument.MixinArgumentDecorator object at 0x7aa8db460040>, verb_extension=<colcon_core.verb.build.BuildVerb object at 0x7aa8db42b2b0>, main=<bound method BuildVerb.main of <colcon_core.verb.build.BuildVerb object at 0x7aa8db42b2b0>>, mixin_verb=('build',))
[0.128s] Level 1:colcon.colcon_core.package_discovery:discover_packages(colcon_meta) check parameters
[0.129s] Level 1:colcon.colcon_core.package_discovery:discover_packages(recursive) check parameters
[0.129s] Level 1:colcon.colcon_core.package_discovery:discover_packages(ignore) check parameters
[0.129s] Level 1:colcon.colcon_core.package_discovery:discover_packages(path) check parameters
[0.129s] Level 1:colcon.colcon_core.package_discovery:discover_packages(colcon_meta) discover
[0.129s] Level 1:colcon.colcon_core.package_discovery:discover_packages(recursive) discover
[0.129s] INFO:colcon.colcon_core.package_discovery:Crawling recursively for packages in '/home/bhargav/ee_cs_265A_ws'
[0.129s] Level 1:colcon.colcon_core.package_identification:_identify(.) by extensions ['ignore', 'ignore_ament_install']
[0.129s] Level 1:colcon.colcon_core.package_identification:_identify(.) by extension 'ignore'
[0.129s] Level 1:colcon.colcon_core.package_identification:_identify(.) by extension 'ignore_ament_install'
[0.129s] Level 1:colcon.colcon_core.package_identification:_identify(.) by extensions ['colcon_pkg']
[0.129s] Level 1:colcon.colcon_core.package_identification:_identify(.) by extension 'colcon_pkg'
[0.129s] Level 1:colcon.colcon_core.package_identification:_identify(.) by extensions ['colcon_meta']
[0.129s] Level 1:colcon.colcon_core.package_identification:_identify(.) by extension 'colcon_meta'
[0.129s] Level 1:colcon.colcon_core.package_identification:_identify(.) by extensions ['ros']
[0.129s] Level 1:colcon.colcon_core.package_identification:_identify(.) by extension 'ros'
[0.134s] Level 1:colcon.colcon_core.package_identification:_identify(.) by extensions ['cmake', 'python']
[0.134s] Level 1:colcon.colcon_core.package_identification:_identify(.) by extension 'cmake'
[0.134s] Level 1:colcon.colcon_core.package_identification:_identify(.) by extension 'python'
[0.134s] Level 1:colcon.colcon_core.package_identification:_identify(.) by extensions ['python_setup_py']
[0.134s] Level 1:colcon.colcon_core.package_identification:_identify(.) by extension 'python_setup_py'
[0.134s] Level 1:colcon.colcon_core.package_identification:_identify(build) by extensions ['ignore', 'ignore_ament_install']
[0.134s] Level 1:colcon.colcon_core.package_identification:_identify(build) by extension 'ignore'
[0.134s] Level 1:colcon.colcon_core.package_identification:_identify(build) ignored
[0.134s] Level 1:colcon.colcon_core.package_identification:_identify(install) by extensions ['ignore', 'ignore_ament_install']
[0.134s] Level 1:colcon.colcon_core.package_identification:_identify(install) by extension 'ignore'
[0.134s] Level 1:colcon.colcon_core.package_identification:_identify(install) ignored
[0.135s] Level 1:colcon.colcon_core.package_identification:_identify(log) by extensions ['ignore', 'ignore_ament_install']
[0.135s] Level 1:colcon.colcon_core.package_identification:_identify(log) by extension 'ignore'
[0.135s] Level 1:colcon.colcon_core.package_identification:_identify(log) ignored
[0.135s] Level 1:colcon.colcon_core.package_identification:_identify(src) by extensions ['ignore', 'ignore_ament_install']
[0.135s] Level 1:colcon.colcon_core.package_identification:_identify(src) by extension 'ignore'
[0.135s] Level 1:colcon.colcon_core.package_identification:_identify(src) by extension 'ignore_ament_install'
[0.135s] Level 1:colcon.colcon_core.package_identification:_identify(src) by extensions ['colcon_pkg']
[0.135s] Level 1:colcon.colcon_core.package_identification:_identify(src) by extension 'colcon_pkg'
[0.135s] Level 1:colcon.colcon_core.package_identification:_identify(src) by extensions ['colcon_meta']
[0.135s] Level 1:colcon.colcon_core.package_identification:_identify(src) by extension 'colcon_meta'
[0.135s] Level 1:colcon.colcon_core.package_identification:_identify(src) by extensions ['ros']
[0.135s] Level 1:colcon.colcon_core.package_identification:_identify(src) by extension 'ros'
[0.135s] Level 1:colcon.colcon_core.package_identification:_identify(src) by extensions ['cmake', 'python']
[0.135s] Level 1:colcon.colcon_core.package_identification:_identify(src) by extension 'cmake'
[0.135s] Level 1:colcon.colcon_core.package_identification:_identify(src) by extension 'python'
[0.135s] Level 1:colcon.colcon_core.package_identification:_identify(src) by extensions ['python_setup_py']
[0.135s] Level 1:colcon.colcon_core.package_identification:_identify(src) by extension 'python_setup_py'
[0.135s] Level 1:colcon.colcon_core.package_identification:_identify(src/ee_cs_265a) by extensions ['ignore', 'ignore_ament_install']
[0.135s] Level 1:colcon.colcon_core.package_identification:_identify(src/ee_cs_265a) by extension 'ignore'
[0.135s] Level 1:colcon.colcon_core.package_identification:_identify(src/ee_cs_265a) by extension 'ignore_ament_install'
[0.135s] Level 1:colcon.colcon_core.package_identification:_identify(src/ee_cs_265a) by extensions ['colcon_pkg']
[0.135s] Level 1:colcon.colcon_core.package_identification:_identify(src/ee_cs_265a) by extension 'colcon_pkg'
[0.135s] Level 1:colcon.colcon_core.package_identification:_identify(src/ee_cs_265a) by extensions ['colcon_meta']
[0.135s] Level 1:colcon.colcon_core.package_identification:_identify(src/ee_cs_265a) by extension 'colcon_meta'
[0.135s] Level 1:colcon.colcon_core.package_identification:_identify(src/ee_cs_265a) by extensions ['ros']
[0.135s] Level 1:colcon.colcon_core.package_identification:_identify(src/ee_cs_265a) by extension 'ros'
[0.142s] DEBUG:colcon.colcon_core.package_identification:Package 'src/ee_cs_265a' with type 'ros.ament_python' and name 'ee_cs_265a'
[0.142s] Level 1:colcon.colcon_core.package_identification:_identify(src/f1tenth_gazebo) by extensions ['ignore', 'ignore_ament_install']
[0.142s] Level 1:colcon.colcon_core.package_identification:_identify(src/f1tenth_gazebo) by extension 'ignore'
[0.142s] Level 1:colcon.colcon_core.package_identification:_identify(src/f1tenth_gazebo) by extension 'ignore_ament_install'
[0.142s] Level 1:colcon.colcon_core.package_identification:_identify(src/f1tenth_gazebo) by extensions ['colcon_pkg']
[0.142s] Level 1:colcon.colcon_core.package_identification:_identify(src/f1tenth_gazebo) by extension 'colcon_pkg'
[0.142s] Level 1:colcon.colcon_core.package_identification:_identify(src/f1tenth_gazebo) by extensions ['colcon_meta']
[0.142s] Level 1:colcon.colcon_core.package_identification:_identify(src/f1tenth_gazebo) by extension 'colcon_meta'
[0.142s] Level 1:colcon.colcon_core.package_identification:_identify(src/f1tenth_gazebo) by extensions ['ros']
[0.142s] Level 1:colcon.colcon_core.package_identification:_identify(src/f1tenth_gazebo) by extension 'ros'
[0.142s] DEBUG:colcon.colcon_core.package_identification:Package 'src/f1tenth_gazebo' with type 'ros.ament_python' and name 'f1tenth_gazebo'
[0.142s] Level 1:colcon.colcon_core.package_discovery:discover_packages(recursive) using defaults
[0.142s] Level 1:colcon.colcon_core.package_discovery:discover_packages(ignore) discover
[0.142s] Level 1:colcon.colcon_core.package_discovery:discover_packages(ignore) using defaults
[0.142s] Level 1:colcon.colcon_core.package_discovery:discover_packages(path) discover
[0.142s] Level 1:colcon.colcon_core.package_discovery:discover_packages(path) using defaults
[0.152s] Level 1:colcon.colcon_core.package_discovery:discover_packages(prefix_path) check parameters
[0.152s] Level 1:colcon.colcon_core.package_discovery:discover_packages(prefix_path) discover
[0.153s] DEBUG:colcon.colcon_installed_package_information.package_discovery:Found 350 installed packages in /opt/ros/humble
[0.153s] Level 1:colcon.colcon_core.package_discovery:discover_packages(prefix_path) using defaults
[0.172s] Level 5:colcon.colcon_core.verb:set package 'ee_cs_265a' build argument 'cmake_args' from command line to 'None'
[0.172s] Level 5:colcon.colcon_core.verb:set package 'ee_cs_265a' build argument 'cmake_target' from command line to 'None'
[0.172s] Level 5:colcon.colcon_core.verb:set package 'ee_cs_265a' build argument 'cmake_target_skip_unavailable' from command line to 'False'
[0.172s] Level 5:colcon.colcon_core.verb:set package 'ee_cs_265a' build argument 'cmake_clean_cache' from command line to 'False'
[0.172s] Level 5:colcon.colcon_core.verb:set package 'ee_cs_265a' build argument 'cmake_clean_first' from command line to 'False'
[0.172s] Level 5:colcon.colcon_core.verb:set package 'ee_cs_265a' build argument 'cmake_force_configure' from command line to 'False'
[0.172s] Level 5:colcon.colcon_core.verb:set package 'ee_cs_265a' build argument 'ament_cmake_args' from command line to 'None'
[0.172s] Level 5:colcon.colcon_core.verb:set package 'ee_cs_265a' build argument 'catkin_cmake_args' from command line to 'None'
[0.172s] Level 5:colcon.colcon_core.verb:set package 'ee_cs_265a' build argument 'catkin_skip_building_tests' from command line to 'False'
[0.172s] DEBUG:colcon.colcon_core.verb:Building package 'ee_cs_265a' with the following arguments: {'ament_cmake_args': None, 'build_base': '/home/bhargav/ee_cs_265A_ws/build/ee_cs_265a', 'catkin_cmake_args': None, 'catkin_skip_building_tests': False, 'cmake_args': None, 'cmake_clean_cache': False, 'cmake_clean_first': False, 'cmake_force_configure': False, 'cmake_target': None, 'cmake_target_skip_unavailable': False, 'install_base': '/home/bhargav/ee_cs_265A_ws/install/ee_cs_265a', 'merge_install': False, 'path': '/home/bhargav/ee_cs_265A_ws/src/ee_cs_265a', 'symlink_install': False, 'test_result_base': None}
[0.172s] Level 5:colcon.colcon_core.verb:set package 'f1tenth_gazebo' build argument 'cmake_args' from command line to 'None'
[0.172s] Level 5:colcon.colcon_core.verb:set package 'f1tenth_gazebo' build argument 'cmake_target' from command line to 'None'
[0.172s] Level 5:colcon.colcon_core.verb:set package 'f1tenth_gazebo' build argument 'cmake_target_skip_unavailable' from command line to 'False'
[0.172s] Level 5:colcon.colcon_core.verb:set package 'f1tenth_gazebo' build argument 'cmake_clean_cache' from command line to 'False'
[0.172s] Level 5:colcon.colcon_core.verb:set package 'f1tenth_gazebo' build argument 'cmake_clean_first' from command line to 'False'
[0.172s] Level 5:colcon.colcon_core.verb:set package 'f1tenth_gazebo' build argument 'cmake_force_configure' from command line to 'False'
[0.172s] Level 5:colcon.colcon_core.verb:set package 'f1tenth_gazebo' build argument 'ament_cmake_args' from command line to 'None'
[0.172s] Level 5:colcon.colcon_core.verb:set package 'f1tenth_gazebo' build argument 'catkin_cmake_args' from command line to 'None'
[0.172s] Level 5:colcon.colcon_core.verb:set package 'f1tenth_gazebo' build argument 'catkin_skip_building_tests' from command line to 'False'
[0.172s] DEBUG:colcon.colcon_core.verb:Building package 'f1tenth_gazebo' with the following arguments: {'ament_cmake_args': None, 'build_base': '/home/bhargav/ee_cs_265A_ws/build/f1tenth_gazebo', 'catkin_cmake_args': None, 'catkin_skip_building_tests': False, 'cmake_args': None, 'cmake_clean_cache': False, 'cmake_clean_first': False, 'cmake_force_configure': False, 'cmake_target': None, 'cmake_target_skip_unavailable': False, 'install_base': '/home/bhargav/ee_cs_265A_ws/install/f1tenth_gazebo', 'merge_install': False, 'path': '/home/bhargav/ee_cs_265A_ws/src/f1tenth_gazebo', 'symlink_install': False, 'test_result_base': None}
[0.173s] INFO:colcon.colcon_core.executor:Executing jobs using 'parallel' executor
[0.173s] DEBUG:colcon.colcon_parallel_executor.executor.parallel:run_until_complete
[0.173s] INFO:colcon.colcon_ros.task.ament_python.build:Building ROS package in '/home/bhargav/ee_cs_265A_ws/src/ee_cs_265a' with build type 'ament_python'
[0.174s] Level 1:colcon.colcon_core.shell:create_environment_hook('ee_cs_265a', 'ament_prefix_path')
[0.175s] INFO:colcon.colcon_core.plugin_system:Skipping extension 'colcon_core.shell.bat': Not used on non-Windows systems
[0.175s] INFO:colcon.colcon_core.shell:Creating environment hook '/home/bhargav/ee_cs_265A_ws/install/ee_cs_265a/share/ee_cs_265a/hook/ament_prefix_path.ps1'
[0.175s] INFO:colcon.colcon_core.shell:Creating environment descriptor '/home/bhargav/ee_cs_265A_ws/install/ee_cs_265a/share/ee_cs_265a/hook/ament_prefix_path.dsv'
[0.175s] INFO:colcon.colcon_core.shell:Creating environment hook '/home/bhargav/ee_cs_265A_ws/install/ee_cs_265a/share/ee_cs_265a/hook/ament_prefix_path.sh'
[0.176s] INFO:colcon.colcon_core.shell:Skip shell extension 'powershell' for command environment: Not usable outside of PowerShell
[0.176s] DEBUG:colcon.colcon_core.shell:Skip shell extension 'dsv' for command environment
[0.177s] INFO:colcon.colcon_ros.task.ament_python.build:Building ROS package in '/home/bhargav/ee_cs_265A_ws/src/f1tenth_gazebo' with build type 'ament_python'
[0.177s] Level 1:colcon.colcon_core.shell:create_environment_hook('f1tenth_gazebo', 'ament_prefix_path')
[0.177s] INFO:colcon.colcon_core.shell:Creating environment hook '/home/bhargav/ee_cs_265A_ws/install/f1tenth_gazebo/share/f1tenth_gazebo/hook/ament_prefix_path.ps1'
[0.177s] INFO:colcon.colcon_core.shell:Creating environment descriptor '/home/bhargav/ee_cs_265A_ws/install/f1tenth_gazebo/share/f1tenth_gazebo/hook/ament_prefix_path.dsv'
[0.177s] INFO:colcon.colcon_core.shell:Creating environment hook '/home/bhargav/ee_cs_265A_ws/install/f1tenth_gazebo/share/f1tenth_gazebo/hook/ament_prefix_path.sh'
[0.178s] INFO:colcon.colcon_core.shell:Skip shell extension 'powershell' for command environment: Not usable outside of PowerShell
[0.178s] DEBUG:colcon.colcon_core.shell:Skip shell extension 'dsv' for command environment
[0.300s] INFO:colcon.colcon_core.task.python.build:Building Python package in '/home/bhargav/ee_cs_265A_ws/src/ee_cs_265a'
[0.300s] INFO:colcon.colcon_core.shell:Skip shell extension 'powershell' for command environment: Not usable outside of PowerShell
[0.300s] DEBUG:colcon.colcon_core.shell:Skip shell extension 'dsv' for command environment
[0.421s] INFO:colcon.colcon_core.task.python.build:Building Python package in '/home/bhargav/ee_cs_265A_ws/src/f1tenth_gazebo'
[0.422s] INFO:colcon.colcon_core.shell:Skip shell extension 'powershell' for command environment: Not usable outside of PowerShell
[0.422s] DEBUG:colcon.colcon_core.shell:Skip shell extension 'dsv' for command environment
[0.604s] DEBUG:colcon.colcon_core.event_handler.log_command:Invoking command in '/home/bhargav/ee_cs_265A_ws/build/ee_cs_265a': CONDA_PROMPT_MODIFIER=(base) PYTHONPATH=/home/bhargav/ee_cs_265A_ws/build/ee_cs_265a/prefix_override:/usr/lib/python3/dist-packages/colcon_core/task/python/colcon_distutils_commands:/home/bhargav/ee_cs_265A_ws/install/ee_cs_265a/lib/python3.10/site-packages:${PYTHONPATH} /usr/bin/python3 -W ignore:setup.py install is deprecated -W ignore:easy_install command is deprecated setup.py develop --uninstall --editable --build-directory /home/bhargav/ee_cs_265A_ws/build/ee_cs_265a/build
[0.608s] DEBUG:colcon.colcon_core.event_handler.log_command:Invoking command in '/home/bhargav/ee_cs_265A_ws/src/f1tenth_gazebo': CONDA_PROMPT_MODIFIER=(base) PYTHONPATH=/home/bhargav/ee_cs_265A_ws/build/f1tenth_gazebo/prefix_override:/usr/lib/python3/dist-packages/colcon_core/task/python/colcon_distutils_commands:/home/bhargav/ee_cs_265A_ws/install/f1tenth_gazebo/lib/python3.10/site-packages:${PYTHONPATH} /usr/bin/python3 -W ignore:setup.py install is deprecated -W ignore:easy_install command is deprecated setup.py egg_info --egg-base ../../build/f1tenth_gazebo build --build-base /home/bhargav/ee_cs_265A_ws/build/f1tenth_gazebo/build install --record /home/bhargav/ee_cs_265A_ws/build/f1tenth_gazebo/install.log --single-version-externally-managed install_data
[0.781s] DEBUG:colcon.colcon_core.event_handler.log_command:Invoked command in '/home/bhargav/ee_cs_265A_ws/src/f1tenth_gazebo' returned '0': CONDA_PROMPT_MODIFIER=(base) PYTHONPATH=/home/bhargav/ee_cs_265A_ws/build/f1tenth_gazebo/prefix_override:/usr/lib/python3/dist-packages/colcon_core/task/python/colcon_distutils_commands:/home/bhargav/ee_cs_265A_ws/install/f1tenth_gazebo/lib/python3.10/site-packages:${PYTHONPATH} /usr/bin/python3 -W ignore:setup.py install is deprecated -W ignore:easy_install command is deprecated setup.py egg_info --egg-base ../../build/f1tenth_gazebo build --build-base /home/bhargav/ee_cs_265A_ws/build/f1tenth_gazebo/build install --record /home/bhargav/ee_cs_265A_ws/build/f1tenth_gazebo/install.log --single-version-externally-managed install_data
[0.783s] Level 1:colcon.colcon_core.environment:checking '/home/bhargav/ee_cs_265A_ws/install/f1tenth_gazebo' for CMake module files
[0.783s] Level 1:colcon.colcon_core.environment:checking '/home/bhargav/ee_cs_265A_ws/install/f1tenth_gazebo' for CMake config files
[0.784s] Level 1:colcon.colcon_core.environment:checking '/home/bhargav/ee_cs_265A_ws/install/f1tenth_gazebo/lib'
[0.784s] Level 1:colcon.colcon_core.environment:checking '/home/bhargav/ee_cs_265A_ws/install/f1tenth_gazebo/bin'
[0.784s] Level 1:colcon.colcon_core.environment:checking '/home/bhargav/ee_cs_265A_ws/install/f1tenth_gazebo/lib/pkgconfig/f1tenth_gazebo.pc'
[0.784s] Level 1:colcon.colcon_core.environment:checking '/home/bhargav/ee_cs_265A_ws/install/f1tenth_gazebo/lib/python3.10/site-packages'
[0.784s] Level 1:colcon.colcon_core.shell:create_environment_hook('f1tenth_gazebo', 'pythonpath')
[0.784s] INFO:colcon.colcon_core.shell:Creating environment hook '/home/bhargav/ee_cs_265A_ws/install/f1tenth_gazebo/share/f1tenth_gazebo/hook/pythonpath.ps1'
[0.784s] INFO:colcon.colcon_core.shell:Creating environment descriptor '/home/bhargav/ee_cs_265A_ws/install/f1tenth_gazebo/share/f1tenth_gazebo/hook/pythonpath.dsv'
[0.785s] INFO:colcon.colcon_core.shell:Creating environment hook '/home/bhargav/ee_cs_265A_ws/install/f1tenth_gazebo/share/f1tenth_gazebo/hook/pythonpath.sh'
[0.785s] Level 1:colcon.colcon_core.environment:checking '/home/bhargav/ee_cs_265A_ws/install/f1tenth_gazebo/bin'
[0.785s] Level 1:colcon.colcon_core.environment:create_environment_scripts_only(f1tenth_gazebo)
[0.785s] INFO:colcon.colcon_core.shell:Creating package script '/home/bhargav/ee_cs_265A_ws/install/f1tenth_gazebo/share/f1tenth_gazebo/package.ps1'
[0.786s] INFO:colcon.colcon_core.shell:Creating package descriptor '/home/bhargav/ee_cs_265A_ws/install/f1tenth_gazebo/share/f1tenth_gazebo/package.dsv'
[0.786s] INFO:colcon.colcon_core.shell:Creating package script '/home/bhargav/ee_cs_265A_ws/install/f1tenth_gazebo/share/f1tenth_gazebo/package.sh'
[0.786s] INFO:colcon.colcon_core.shell:Creating package script '/home/bhargav/ee_cs_265A_ws/install/f1tenth_gazebo/share/f1tenth_gazebo/package.bash'
[0.787s] INFO:colcon.colcon_core.shell:Creating package script '/home/bhargav/ee_cs_265A_ws/install/f1tenth_gazebo/share/f1tenth_gazebo/package.zsh'
[0.787s] Level 1:colcon.colcon_core.environment:create_file_with_runtime_dependencies(/home/bhargav/ee_cs_265A_ws/install/f1tenth_gazebo/share/colcon-core/packages/f1tenth_gazebo)
[0.854s] DEBUG:colcon.colcon_core.event_handler.log_command:Invoked command in '/home/bhargav/ee_cs_265A_ws/build/ee_cs_265a' returned '0': CONDA_PROMPT_MODIFIER=(base) PYTHONPATH=/home/bhargav/ee_cs_265A_ws/build/ee_cs_265a/prefix_override:/usr/lib/python3/dist-packages/colcon_core/task/python/colcon_distutils_commands:/home/bhargav/ee_cs_265A_ws/install/ee_cs_265a/lib/python3.10/site-packages:${PYTHONPATH} /usr/bin/python3 -W ignore:setup.py install is deprecated -W ignore:easy_install command is deprecated setup.py develop --uninstall --editable --build-directory /home/bhargav/ee_cs_265A_ws/build/ee_cs_265a/build
[0.854s] DEBUG:colcon.colcon_core.event_handler.log_command:Invoking command in '/home/bhargav/ee_cs_265A_ws/src/ee_cs_265a': CONDA_PROMPT_MODIFIER=(base) PYTHONPATH=/home/bhargav/ee_cs_265A_ws/build/ee_cs_265a/prefix_override:/usr/lib/python3/dist-packages/colcon_core/task/python/colcon_distutils_commands:/home/bhargav/ee_cs_265A_ws/install/ee_cs_265a/lib/python3.10/site-packages:${PYTHONPATH} /usr/bin/python3 -W ignore:setup.py install is deprecated -W ignore:easy_install command is deprecated setup.py egg_info --egg-base ../../build/ee_cs_265a build --build-base /home/bhargav/ee_cs_265A_ws/build/ee_cs_265a/build install --record /home/bhargav/ee_cs_265A_ws/build/ee_cs_265a/install.log --single-version-externally-managed install_data --force
[1.007s] Level 1:colcon.colcon_core.environment:checking '/home/bhargav/ee_cs_265A_ws/install/ee_cs_265a' for CMake module files
[1.007s] DEBUG:colcon.colcon_core.event_handler.log_command:Invoked command in '/home/bhargav/ee_cs_265A_ws/src/ee_cs_265a' returned '0': CONDA_PROMPT_MODIFIER=(base) PYTHONPATH=/home/bhargav/ee_cs_265A_ws/build/ee_cs_265a/prefix_override:/usr/lib/python3/dist-packages/colcon_core/task/python/colcon_distutils_commands:/home/bhargav/ee_cs_265A_ws/install/ee_cs_265a/lib/python3.10/site-packages:${PYTHONPATH} /usr/bin/python3 -W ignore:setup.py install is deprecated -W ignore:easy_install command is deprecated setup.py egg_info --egg-base ../../build/ee_cs_265a build --build-base /home/bhargav/ee_cs_265A_ws/build/ee_cs_265a/build install --record /home/bhargav/ee_cs_265A_ws/build/ee_cs_265a/install.log --single-version-externally-managed install_data --force
[1.007s] Level 1:colcon.colcon_core.environment:checking '/home/bhargav/ee_cs_265A_ws/install/ee_cs_265a' for CMake config files
[1.007s] Level 1:colcon.colcon_core.environment:checking '/home/bhargav/ee_cs_265A_ws/install/ee_cs_265a/lib'
[1.007s] Level 1:colcon.colcon_core.environment:checking '/home/bhargav/ee_cs_265A_ws/install/ee_cs_265a/bin'
[1.008s] Level 1:colcon.colcon_core.environment:checking '/home/bhargav/ee_cs_265A_ws/install/ee_cs_265a/lib/pkgconfig/ee_cs_265a.pc'
[1.008s] Level 1:colcon.colcon_core.environment:checking '/home/bhargav/ee_cs_265A_ws/install/ee_cs_265a/lib/python3.10/site-packages'
[1.008s] Level 1:colcon.colcon_core.shell:create_environment_hook('ee_cs_265a', 'pythonpath')
[1.008s] INFO:colcon.colcon_core.shell:Creating environment hook '/home/bhargav/ee_cs_265A_ws/install/ee_cs_265a/share/ee_cs_265a/hook/pythonpath.ps1'
[1.008s] INFO:colcon.colcon_core.shell:Creating environment descriptor '/home/bhargav/ee_cs_265A_ws/install/ee_cs_265a/share/ee_cs_265a/hook/pythonpath.dsv'
[1.008s] INFO:colcon.colcon_core.shell:Creating environment hook '/home/bhargav/ee_cs_265A_ws/install/ee_cs_265a/share/ee_cs_265a/hook/pythonpath.sh'
[1.009s] Level 1:colcon.colcon_core.environment:checking '/home/bhargav/ee_cs_265A_ws/install/ee_cs_265a/bin'
[1.009s] Level 1:colcon.colcon_core.environment:create_environment_scripts_only(ee_cs_265a)
[1.009s] INFO:colcon.colcon_core.shell:Creating package script '/home/bhargav/ee_cs_265A_ws/install/ee_cs_265a/share/ee_cs_265a/package.ps1'
[1.009s] INFO:colcon.colcon_core.shell:Creating package descriptor '/home/bhargav/ee_cs_265A_ws/install/ee_cs_265a/share/ee_cs_265a/package.dsv'
[1.010s] INFO:colcon.colcon_core.shell:Creating package script '/home/bhargav/ee_cs_265A_ws/install/ee_cs_265a/share/ee_cs_265a/package.sh'
[1.010s] INFO:colcon.colcon_core.shell:Creating package script '/home/bhargav/ee_cs_265A_ws/install/ee_cs_265a/share/ee_cs_265a/package.bash'
[1.010s] INFO:colcon.colcon_core.shell:Creating package script '/home/bhargav/ee_cs_265A_ws/install/ee_cs_265a/share/ee_cs_265a/package.zsh'
[1.010s] Level 1:colcon.colcon_core.environment:create_file_with_runtime_dependencies(/home/bhargav/ee_cs_265A_ws/install/ee_cs_265a/share/colcon-core/packages/ee_cs_265a)
[1.010s] DEBUG:colcon.colcon_parallel_executor.executor.parallel:closing loop
[1.010s] DEBUG:colcon.colcon_parallel_executor.executor.parallel:loop closed
[1.010s] DEBUG:colcon.colcon_parallel_executor.executor.parallel:run_until_complete finished with '0'
[1.010s] DEBUG:colcon.colcon_core.event_reactor:joining thread
[1.013s] INFO:colcon.colcon_core.plugin_system:Skipping extension 'colcon_notification.desktop_notification.terminal_notifier': Not used on non-Darwin systems
[1.013s] INFO:colcon.colcon_core.plugin_system:Skipping extension 'colcon_notification.desktop_notification.win32': Not used on non-Windows systems
[1.013s] INFO:colcon.colcon_notification.desktop_notification:Sending desktop notification using 'notify2'
[1.021s] DEBUG:colcon.colcon_core.event_reactor:joined thread
[1.022s] INFO:colcon.colcon_core.shell:Creating prefix script '/home/bhargav/ee_cs_265A_ws/install/local_setup.ps1'
[1.022s] INFO:colcon.colcon_core.shell:Creating prefix util module '/home/bhargav/ee_cs_265A_ws/install/_local_setup_util_ps1.py'
[1.023s] INFO:colcon.colcon_core.shell:Creating prefix chain script '/home/bhargav/ee_cs_265A_ws/install/setup.ps1'
[1.023s] INFO:colcon.colcon_core.shell:Creating prefix script '/home/bhargav/ee_cs_265A_ws/install/local_setup.sh'
[1.023s] INFO:colcon.colcon_core.shell:Creating prefix util module '/home/bhargav/ee_cs_265A_ws/install/_local_setup_util_sh.py'
[1.024s] INFO:colcon.colcon_core.shell:Creating prefix chain script '/home/bhargav/ee_cs_265A_ws/install/setup.sh'
[1.024s] INFO:colcon.colcon_core.shell:Creating prefix script '/home/bhargav/ee_cs_265A_ws/install/local_setup.bash'
[1.024s] INFO:colcon.colcon_core.shell:Creating prefix chain script '/home/bhargav/ee_cs_265A_ws/install/setup.bash'
[1.025s] INFO:colcon.colcon_core.shell:Creating prefix script '/home/bhargav/ee_cs_265A_ws/install/local_setup.zsh'
[1.025s] INFO:colcon.colcon_core.shell:Creating prefix chain script '/home/bhargav/ee_cs_265A_ws/install/setup.zsh'
